-------------mmmmm------------
-------------mmmmM------------
----------------Bm-mmmmm------
mm-mmmm------mmmmm-mmmmm------
mmMmmmm------mmmmm-mmmmm------
mmmmmmm------mmmmm-mmmmm------
mmmmmmm------mmmmm-mmmmm------
mmmmmmm------mmmmm-mmM--------
mmmmmmm-----Bmmmmm-mmmmm------
---------------Bmm-mmmmm------
------------mmmmmm-mmmmm------
------------mmmmmm-mmmmm------
------------mM----------------
------------mmmmmm-------mmmmm
------------------------Mmmmmm
-------------------mmmmmmmmmmm
-------------------mmmmmmmmmmm
-------------------mmmmmmmmmmM
-------------------mmmmmmmmmmm
-------------------mmmmmmmmmmm
-------------------mmmmmmmmmmm
------------------------------
mmmmmmm-----mmmmMm-mmmmmmmmmmm
mMmmmmm-----mmmm-mBmmmMmmmmBmm
m-mmmmm-----mmmm-mmmmm-mmmm-mm
m-mmmM------------------------
---BmmmBbbb-------------------
--mmmmBbbbb-------------------
--mmmm-bbbb-------------------
--mmmm-bbbb-------------------
