---------------------------B-M--M------B-------------BB-----
-----B-M--M-------------BM-b-m--m------b-------M--M-MB------
MB---b-mM-m--------M----bb-b-m--m------b---M-MBm-BmMmmm-B-BM
-B-BMb-mm-mM----B-------------------------------------------
-M-bbb-mm-mm-B--b-------mm-m----b---M-Bm---b------------B---
Mm-bbbMmmMmm-b--bB------mmMm----b---m-mm---B----------------
--------------------------------BM--mBmm---b-bbb-mmM--------
-M-bbbbbbbbb----bb------bbbb-b--bb--mmmm---b-bbb-mmmM-------
---Bbbbbbbbb----bb-----BbbbbMb--bb--mmmm---bMbbb-mmmmmmBb-mM
---Bbbbbbbbb----bb-----bbbbbbb--bb--mmmm---bbbbb-mmmmmmmM---
---------Bbb----bb-----bbbbbbb--bb--mmmm---bbbbb-mmmmmmmm-bB
----------Mb---Bbb-----bbbbbbb--bb--mmmm---bbbbb-mmmmmmmmBM-
MmBbbbbbbbbb---bbb-----bbbbbbb--bb--mmmmB--bbB--------------
----Bbbbbbbb---bbb----Mbbbbbbb-Bbb--M-----------------------
----------------------------------------------------------MB
---------Mmm-b-bbb----bbbbbbbb-bbb---bbbb--mmmmm-mmmmmmmmmM-
--Mmmmmmmmmm-b-bbb----bbbbbbbb-bbb---bbbb--mmmmm-mmmmmmmmmB-
Mmmmmmmmmmmm-bBbbb----bbbbbbbb-bbb---bbbb--mmmmm-mmM--------
---Mmmmmmmmm-bbbbb---Bbbbbbbbb-bbb---bbbb--mmmmM------------
Bmmmmmmmmmmm-bbbbb---bbbbbbbbbBbbb---bbbb--mmmM-------------
--------Mmmm-bbbbb---bbbbbbbbbbbbb---bbbb--mmmmm-mmM--------
--------Mmmm-bbbbb---bbbbbbbbbbbbb---bbbb--mmmmmBmmmmmmmmB--
--Bmmmmmmmmm-bbbbb---bbbbbbbbbbbbb---bbbb--BmmB-------------
Mmmmmmmmmmmm-bbbbB---bbbbbbbbbbbbb---bbbB-------------------
------Mmmmmm-bbbb----bbbbbbbbbbbbb---bbbb---bbbbB-----------
-----Mmmmmmm-bbbb----bbbbbbbbbbbB---------------------------
-----Mmmmmmm-bbbb----bbbbbbbbbbbbb----------mmmmmmmmmmmmM---
---------Mmm-bbbb----bbbbbbbbbbbbb----------mM--------------
-BbM--------------------------------------------------------
------Bbbbbb-bbbb--M-mmmmmmmmmmmmm---bB---------------------
---------------Bb----mmmmmmmmmmmmm---bbbbM--bbbbbbbbB-------
---------------Mb----mmmmmmmmmmmmm---bbbbbM-----------------
--Mmmmmmmmmm-bbbb----mmmmmmmmmmmM---------------------------
---------------------Bmmmmmmmmmmmm----------mmmM------------
Bbbbbbbbbbbb---------bMmmmmmmmmmmm----------mmmmmmmmmmmmmBbM
-Mbbbbbbbbbb---------b-mmmmmmmmmmm----------mmmmmmmmmmmmM---
--Mbbbbbbbbb---------b-mmmmmmmmmmm----------mmmmmmmmmmmmM---
---Mbbbbbbbb---------b-mmM----------------------------------
------Bbbbbb---------b-mmmmmmmmmmm---bbbbbb-bbbbbbbbbbbB----
---Bbbbbbbbb--------Mb-mmmmmmmmmmm---bbbbbb-bbbbMB----------
-------Mbbbb--------bb-mmmmmmmmmmm---bbbbbb-bbbb-bbbbbbM----
Bbbbbbbbbbbb--------bb-mmmmmmmmmmm---bB---------------------
-BbbMbbbbbbb--------bb-mmmmmmmmmmm---b------bbbb-mmmmmmmM---
-Bbb-bbbbbbb--------bb-mmmmmmmmmBm---b------bbbb-mmmmmmmB---
Bbbb-bbbbbbb--------Mb-mmmmmmmmm-m---b------bbbb-mmmMmmmm-M-
----------BB------B--B-mmmmmmmmm-m---b------bbbb-mB---------
------------------------MmMmmmmm-mB--b------bbbb-mmm-bbbb-bB
--Mm-mmmmmm------------mmm-mmmmm-mM--b------bbbb-mmm-bbbB---
Bmmm-mmmMBm------------mmm-mmmmm-m---b------bbbB------------
-----Mmm--m-M-----------------------------------------------
Bbbb-mmm--m--BbMm----------mmmmm-b---m-bbbb-mmM-------------
----------B---b-m----------mmmmm-b---m-bbbb-mM--------------
------Bb--B---b-m----------mmmmm-b---m-bbbb-mmmm-bbb-bbbB---
----------------M----------mmmmm-b---m-bbbb-mmmm-Bbb-M------
-BMm-MBb------b-m----------mmmmm-b---m-bbbb-mmmB--M---------
-------B------B-m----------mmmmm-b---m-bbbb-mmm---Bb-mmmm-mM
Bb-----B--------m----------mmmMm-B---m-bbBM-mmm----b-mM-----
---------------------------BMM-m-----M-bb---mMB----B-B------
BB-M------------B-m----bBb-b---m---B---bM---B--------b-bB-M-
------------------M----M-B-M---M-------B-------------M-M----
