-----M---------------mMm---M-----B-m----m---B----m------m-----M-----MM---------m------m-m--m----M--B-------mBm-M--b---b---------B----mm-Mm-M----B--B--
--MM-m---B--------B--mmm---m-M---b-m---Mm---bB---m------m-----m-----mm---------m----MBm-m--m-M--m--m-------mmm-m--b-B-b--M--B-M-b--B-mmBmm-m----b--M--
-MmmBm-MBbM-------m--mmm-M-mMm---b-m-M-mm---bb---m-M----m----BmM----mm--MM-----m----mmm-m--m-m--m--m------Mmmm-m--b-b-b--b--b-b-b--b-mmmmm-m-B-Bb--m-B
----Mm-bbbb---M---mB-mmm-mBmmm---b-m-m-mm---bb--Mm-m----m----mmm----mm--mm-----mM---mmm-m--m-m--m-Mm----B-mmmm-m--b-b-b--bM-b-b-b--b-mmmmm-m-M--------
-BmmmmBbbbb-B-m-M-mm-mmm-mmmmm---b-m-m-mm---bb--mm-mMM--m----mmm----mm--mm-----mm-B-mmm-mMBmMm--m-mm----m-mmmm-m--b-b-b-Bbb-bMbBbM-b-mmmmm-m-m-mm-----
-------Mbbb-mBm-mMmm-mmmBmmmmmM--b-m-m-mmMM-bb--mm-mmm--m----mmm----mmMMmm-M-MMmm-m-mmm-mmmmmm--m-mm---Mm-mmmmMm--b-bMb-bbbBbbbbbbMb-mmmmm-m-mBmmMB---
Mbbbbbbbbbb-mmm-mmmm-mmmmmmmmmm--b-m-m-mmmm-bbM-mm-mmm--m---Bmmm----mmmmmm-m-mmmmMm-mmm-mmmmmm--m-mmMM-mm-mmmmmm--b-bbb-bbbbbbbbbbbb-mmmmmMm-mmmmmM---
Mbbbbbbbbbb-mmm-mmmm-mmmmmmmmmm--b-m-mBmmmm-bbb-mmMmmm-MmBM-mmmmM---mmmmmm-m-mmmmmm-mmmBmmmmmmBBmMmmmm-mm-mmmmmm--bMbbb-bbbbbbbbbbbb-mmmmmmm-mmmmmmM--
Mbbbbbbbbbb-mmmMmmmmMmmmmmmmmmm--b-mBmmmmmm-bbb-mmmmmm-mmmm-mmmmmMBBmmmmmmBmMmmmmmmBmmmmmmmmmmmmmmmmmmMmmMmmmmmm-Bbbbbb-bbbbbbbbbbbb-mmmmmmm-mmmmmmmBM
---Mbbbbbbb-mmmmmmmmmmmmmmmmmmm--b-mmmmmmmm-bbb-mmmmmm-mmmm-mmmmmmmmmmmmmmmmmmmmmmmmmmmmmmmmmmmmmmmmmmmmmmmmmmmm-bbbbbb-bbbbbbbbbbbb-mmmmmmm-mmmmmmmmm
bbbbbbbbbbb-mmmmmmmmmmmmmmmmmmm--b-mmmmmmmm-bbb-mmmmmm-mmmm-mmmmmmmmmmmmmmmmmmmmmmmmmmmmmmmmmmmmmmmmmmmmmmmmmmmm-bbbbbb-bbbbbbbbbbbb-mmmmmmm-mmmmmmmM-
---Mbbbbbbb-mmmmmmmmmmmmmmmmmmm--b-mmmmmmmm-bbb-mmmmmm-mmmm-mmmmmmmmmmmmmmmmmmmmmmmmmmmmmmmmmmmmmmmmmmmmmmmmmmmm-bbbbbb-bbbbbbbbbbbb-mmmmmmm-mmmmmmM--
bbbbbbbbbbb-mmmmmmmmmmmmmmmmmmm--b-mmmmmmmm-bbb-mmmmmm-mmmm-mmmmmmmmmmmmmmmmmmmmmmmmmmmmmmmmmmmmmmmmmmmmmmmmmmmm-bbbbbb-bbbbbbbbbbbb-mmmmmmm-mmmmM----
--------Mbb-mmmmmmmmmmmmmmmmmmm--b-mmmmmmmm-bbb-mmmmmm-mmmm-mmmmmmmmmmmmmmmmmmmmmmmmmmmmmmmmmmmmmmmmmmmmmmmmmmmm-bbbbbb-bbbbbbbbbbbb-mmmmmmm-mmmM-----
--------Mbb-mmmmmmmmmmmmmmmmmmm--b-mmmmmmmm-bbb-mmmmmm-mmmm-mmmmmmmmmmmmmmmmmmmmmmmmmmmmmmmmmmmmmmmmmmmmmmmmmmmm-bbbbbb-bbbbbbbbbbbb-mmmmmmm-mmmmmmmmM
----Bbbbbbb-mmmmmmmmmmmmmmmmmmm--b-mmmmmmmm-bbb-mmmmmm-mmmm-mmmmmmmmmmmmmmmmmmmmmmmmmmmmmmmmmmmmmmmmmmmmmmmmmmmm-bbbbbb-bbbbbbbbbbbb-mmmmmmm-mmB------
-----Mbbbbb-mmmmmmmmmmmmmmmmmmm--b-mmmmmmmm-bbb-mmmmmm-mmmm-mmmmmmmmmmmmmmmmmmmmmmmmmmmmmmmmmmmmmmmmmmmmmmmmmmmm-bbbbbb-bbbbbbbbbbbb-mmmmmmm-mmmmM----
bbbbbbbbbbb-mmmmmmmmmmmmmmmmmmm--b-mmmmmmmm-bbb-mmmmmm-mmmm-mmmmmmmmmmmmmmmmmmmmmmmmmmmmmmmmmmmmmmmmmmmmmmmmmmmm-bbbbbb-bbbbbbbbbbbb-mmmmmmm-mmmmmmmmm
Mbbbbbbbbbb-mmmmmmmmmmmmmmmmmmm--b-mmmmmmmm-bbb-mmmmmm-mmmm-mmmmmmmmmmmmmmmmmmmmmmmmmmmmmmmmmmmmmmmmmmmmmmmmmmmm-bbbbbb-bbbbbbbbbbbb-mmmmmmm-mmmmmmM--
Mbbbbbbbbbb-mmmmmmmmmmmmmmmmmmm--b-mmmmmmmm-bbb-mmmmmm-mmmm-mmmmmmmmmmmmmmmmmmmmmmmmmmmmmmmmmmmmmmmmmmmmmmmmmmmm-bbbbbb-bbbbbbbbbbbb-mmmmmmm-mmmmB----
--Mbbbbbbbb-mmmmmmmmmmmmmmmmmmm--b-mmmmmmmm-bbb-mmmmmm-mmmm-mmmmmmmmmmmmmmmmmmmmmmmmmmmmmmmmmmmmmmmmmmmmmmmmmmmm-bbbbbb-bbbbbbbbbbbb-mmmmmmm-M--------
bbbbbbbbbbb-mmmmmmmmmmmmmmmmmmm--b-mmmmmmmm-bbb-mmmmmm-mmmm-mmmmmmmmmmmmmmmmmmmmmmmmmmmmmmmmmmmmmmmmmmmmmmmmmmmm-bbbbbb-bbbbbbbbbbbb-mmmmmmm-mB-------
---Mbbbbbbb-mmmmmmmmmmmmmmmmmmm--b-mmmmmmmm-bbb-mmmmmm-mmmm-mmmmmmmmmmmmmmmmmmmmmmmmmmmmmmmmmmmmmmmmmmmmmmmmmmmm-bbbbbb-bbbbbbbbbbbb-mmmmmmm-mmM------
----Bbbbbbb-mmmmmmmmmmmmmmmmmmm--b-mmmmmmmm-bbb-mmmmmm-mmmm-mmmmmmmmmmmmmmmmmmmmmmmmmmmmmmmmmmmmmmmmmmmmmmmmmmmm-bbbbbb-bbbbbbbbbbbb-mmmmmmm-mmmmB----
Bbbbbbbbbbb-mmmmmmmmmmmmmmmmmmm--b-mmmmmmmm-bbb-mmmmmm-mmmm-mmmmmmmmmmmmmmmmmmmmmmmmmmmmmmmmmmmmmmmmmmmmmmmmmmmm-bbbbbb-bbbbbbbbbbbb-mmmmmmm-mmmmmmmmm
Mbbbbbbbbbb-mmmmmmmmmmmmmmmmmmm--b-mmmmmmmm-bbb-mmmmmm-mmmm-mmmmmmmmmmmmmmmmmmmmmmmmmmmmmmmmmmmmmmmmmmmmmmmmmmmm-bbbbbb-bbbbbbbbbbbb-mmmmmmm-mmM------
---Mbbbbbbb-mmmmmmmmmmmmmmmmmmm--b-mmmmmmmm-bbb-mmmmmm-mmmm-mmmmmmmmmmmmmmmmmmmmmmmmmmmmmmmmmmmmmmmmmmmmmmmmmmmm-bbbbbb-bbbbbbbbbbbb-mmmmmmm-mmmmmmmmm
------Bbbbb-mmmmmmmmmmmmmmmmmmm--b-mmmmmmmm-bbb-mmmmmm-mmmm-mmmmmmmmmmmmmmmmmmmmmmmmmmmmmmmmmmmmmmmmmmmmmmmmmmmm-bbbbbb-bbbbbbbbbbbb-mmmmmmm-mmmmmB---
Mbbbbbbbbbb-mmmmmmmmmmmmmmmmmmm--b-mmmmmmmm-bbb-mmmmmm-mmmm-mmmmmmmmmmmmmmmmmmmmmmmmmmmmmmmmmmmmmmmmmmmmmmmmmmmm-bbbbbb-bbbbbbbbbbbb-mmmmmmm-mmmmmmmM-
bbbbbbbbbbb-mmmmmmmmmmmmmmmmmmm--b-mmmmmmmm-bbb-mmmmmm-mmmm-mmmmmmmmmmmmmmmmmmmmmmmmmmmmmmmmmmmmmmmmmmmmmmmmmmmm-bbbbbb-bbbbbbbbbbbb-mmmmmmm-mmmM-----
-------Bbbb-mmmmmmmmmmmmmmmmmmm--b-mmmmmmmm-bbb-mmmmmm-mmmm-mmmmmmmmmmmmmmmmmmmmmmmmmmmmmmmmmmmmmmmmmmmmmmmmmmmm-bbbbbb-bbbbbbbbbbbb-mmmmmmm-mB-------
------Bbbbb-mmmmmmmmmmmmmmmmmmm--b-mmmmmmmm-bbb-mmmmmm-mmmm-mmmmmmmmmmmmmmmmmmmmmmmmmmmmmmmmmmmmmmmmmmmmmmmmmmmm-bbbbbb-bbbbbbbbbbbb-mmmmmmm-B--------
Mbbbbbbbbbb-mmmmmmmmmmmmmmmmmmm--b-mmmmmmmm-bbb-mmmmmm-mmmm-mmmmmmmmmmmmmmmmmmmmmmmmmmmmmmmmmmmmmmmmmmmmmmmmmmmm-bbbbbb-bbbbbbbbbbbb-mmmmmmm-bbbbbbM--
bbbbbbbbbbb-mmmmmmmmmmmmmmmmmmm--b-mmmmmmmm-bbb-mmmmmm-mmmm-mmmmmmmmmmmmmmmmmmmmmmmmmmmmmmmmmmmmmmmmmmmmmmmmmmmm-bbbbbb-bbbbbbbbbbbb-mmmmmmm-B--------
-Mbbbbbbbbb-mmmmmmmmmmmmmmmmmmm--b-mmmmmmmm-bbb-mmmmmm-mmmm-mmmmmmmmmmmmmmmmmmmmmmmmmmmmmmmmmmmmmmmmmmmmmmmmmmmm-bbbbbb-bbbbbbbbbbbb-mmmmmmm-bB-------
-Bbbbbbbbbb-mmmmmmmmmmmmmmmmmmm--b-mmmmmmmm-bbb-mmmmmm-mmmm-mmmmmmmmmmmmmmmmmmmmmmmmmmmmmmmmmmmmmmmmmmmmmmmmmmmm-bbbbbb-bbbbbbbbbbbb-mmmmmmm-bB-------
--Mbbbbbbbb-mmmmmmmmmmmmmmmmmmm--b-mmmmmmmm-bbb-mmmmmm-mmmm-mmmmmmmmmmmmmmmmmmmmmmmmmmmmmmmmmmmmmmmmmmmmmmmmmmmm-bbbbbb-bbbbbbbbbbbb-mmmmmmm-bbbbbB---
-----Bbbbbb-mmmmmmmmmmmmmmmmmmm--b-mmmmmmmm-bbb-mmmmmm-mmmm-mmmmmmmmmmmmmmmmmmmmmmmmmmmmmmmmmmmmmmmmmmmmmmmmmmmm-bbbbbb-bbbbbbbbbbbb-mmmmmmm-bbbbB----
--------Bbb-mmmmmmmmmmmmmmmmmmm--b-mmmmmmmm-bbb-mmmmmm-mmmm-mmmmmmmmmmmmmmmmmmmmmmmmmmmmmmmmmmmmmmmmmmmmmmmmmmmm-bbbbbb-bbbbbbbbbbbb-mmmmmmm-bbbbbbbbb
bbbbbbbbbbb-mmmmmmmmmmmmmmmmmmm--b-mmmmmmmm-bbb-mmmmmm-mmmm-mmmmmmmmmmmmmmmmmmmmmmmmmmmmmmmmmmmmmmmmmmmmmmmmmmmm-bbbbbb-bbbbbbbbbbbb-mmmmmmm-bM-------
----Mbbbbbb-mmmmmmmmmmmmmmmmmmm--b-mmmmmmmm-bbb-mmmmmm-mmmm-mmmmmmmmmmmmmmmmmmmmmmmmmmmmmmmmmmmmmmmmmmmmmmmmmmmm-bbbbbb-bbbbbbbbbbbb-mmmmmmm-bbbM-----
------------------------------------------------------------------------------------------------------------------------------------------------------
-------Bbbb----------------------------------------------------------------------------------------------------------------------------------bbbbbbbB-
Bbbbbbbbbbb----------------------------------------------------------------------------------------------------------------------------------bbbbbbbB-
Mbbbbbbbbbb----------------------------------------------------------------------------------------------------------------------------------bbM------
-Bbbbbbbbbb----------------------------------------------------------------------------------------------------------------------------------bM-------
-------Bbbb----------------------------------------------------------------------------------------------------------------------------------bM-------
---Mbbbbbbb----------------------------------------------------------------------------------------------------------------------------------bbbbbbbbb
bbbbbbbbbbb----------------------------------------------------------------------------------------------------------------------------------bbB------
-------Mbbb----------------------------------------------------------------------------------------------------------------------------------bbbbbB---
Mbbbbbbbbbb----------------------------------------------------------------------------------------------------------------------------------M--------
----Mbbbbbb----------------------------------------------------------------------------------------------------------------------------------mM-------
---Mbbbbbbb----------------------------------------------------------------------------------------------------------------------------------mmmmmmmmB
bbbbbbbbbbb----------------------------------------------------------------------------------------------------------------------------------M--------
------------------------------------------------------------------------------------------------------------------------------------------------------
---Bbbbbbbb----------------------------------------------------------------------------------------------------------------------------------bbB------
---Mbbbbbbb----------------------------------------------------------------------------------------------------------------------------------bbbbbbbbb
-----Mbbbbb----------------------------------------------------------------------------------------------------------------------------------bbbbbM---
-----Mbbbbb----------------------------------------------------------------------------------------------------------------------------------bbbbbbM--
------Bbbbb----------------------------------------------------------------------------------------------------------------------------------bbbbM----
-------Mbbb----------------------------------------------------------------------------------------------------------------------------------bbbbbbbB-
------Bbbbb----------------------------------------------------------------------------------------------------------------------------------bbbbbbbbb
bbbbbbbbbbb----------------------------------------------------------------------------------------------------------------------------------bM-------
-----Bbbbbb----------------------------------------------------------------------------------------------------------------------------------bbbbbbbbM
------------------------------------------------------------------------------------------------------------------------------------------------------
------------------------------------------------------------------------------------------------------------------------------------------------------
--------Mmm----------------------------------------------------------------------------------------------------------------------------------mmmmmmmmM
--------Bmm----------------------------------------------------------------------------------------------------------------------------------mmM------
-------Bmmm----------------------------------------------------------------------------------------------------------------------------------mmmmmmmmm
Bmmmmmmmmmm----------------------------------------------------------------------------------------------------------------------------------B--------
-Bmmmmmmmmm----------------------------------------------------------------------------------------------------------------------------------bbbbB----
-Mmmmmmmmmm----------------------------------------------------------------------------------------------------------------------------------bbbbbbbB-
------Mmmmm----------------------------------------------------------------------------------------------------------------------------------bbbbbbbbb
Mmmmmmmmmmm----------------------------------------------------------------------------------------------------------------------------------bbbbbbbM-
Mmmmmmmmmmm----------------------------------------------------------------------------------------------------------------------------------bbbbbB---
---Mmmmmmmm----------------------------------------------------------------------------------------------------------------------------------bbbbbbbbb
----Mmmmmmm----------------------------------------------------------------------------------------------------------------------------------bbbbbbM--
---Bmmmmmmm----------------------------------------------------------------------------------------------------------------------------------bbbbM----
-----Mmmmmm----------------------------------------------------------------------------------------------------------------------------------bbbbbbbM-
-------Mmmm----------------------------------------------------------------------------------------------------------------------------------bbbbbM---
-------Bmmm----------------------------------------------------------------------------------------------------------------------------------bbbB-----
-------Mmmm----------------------------------------------------------------------------------------------------------------------------------bbbbbbbbb
-------Mmmm----------------------------------------------------------------------------------------------------------------------------------bbB------
-------Mmmm----------------------------------------------------------------------------------------------------------------------------------bB-------
Bmmmmmmmmmm----------------------------------------------------------------------------------------------------------------------------------bbB------
---Mmmmmmmm----------------------------------------------------------------------------------------------------------------------------------bbbbbbbbb
------------------------------------------------------------------------------------------------------------------------------------------------------
--Bbbbbbbbb----------------------------------------------------------------------------------------------------------------------------------M--------
bbbbbbbbbbb----------------------------------------------------------------------------------------------------------------------------------mmmmmM---
--Mbbbbbbbb----------------------------------------------------------------------------------------------------------------------------------mmmmmmmmm
------------------------------------------------------------------------------------------------------------------------------------------------------
---Mmmmmmmm-mmmmmmmmmmmmmmmmmmm----mmmmmmmm-bbb-mmmmmm-mmmm-bbbbbbbbbbbbbbbbbbbbbbbbbbbbbbbbbbbbbbbbbbbbbbbbbbbb-mmmmmm-mmmmmmmmmmmm-bbbbbbb-mmmmmM---
---Bmmmmmmm-mmmmmmmmmmmmmmmmmmm----mmmmmmmm-bbb-mmmmmm-mmmm-bbbbbbbbbbbbbbbbbbbbbbbbbbbbbbbbbbbbbbbbbbbbbbbbbbbb-mmmmmm-mmmmmmmmmmmm-bbbbbbb-mmmmmM---
---Mmmmmmmm-mmmmmmmmmmmmmmmmmmm----mmmmmmmm-bbb-mmmmmm-mmmm-bbbbbbbbbbbbbbbbbbbbbbbbbbbbbbbbbbbbbbbbbbbbbbbbbbbb-mmmmmm-mmmmmmmmmmmm-bbbbbbb-mmmmM----
-Mmmmmmmmmm-mmmmmmmmmmmmmmmmmmm----mmmmmmmm-bbb-mmmmmm-mmmm-bbbbbbbbbbbbbbbbbbbbbbbbbbbbbbbbbbbbbbbbbbbbbbbbbbbb-mmmmmm-mmmmmmmmmmmm-bbbbbbb-mmmmmmmM-
----Mmmmmmm-mmmmmmmmmmmmmmmmmmm----mmmmmmmm-bbb-mmmmmm-mmmm-bbbbbbbbbbbbbbbbbbbbbbbbbbbbbbbbbbbbbbbbbbbbbbbbbbbb-mmmmmm-mmmmmmmmmmmm-bbbbbbb-mmmmmM---
-------Mmmm-mmmmmmmmmmmmmmmmmmm----mmmmmmmm-bbb-mmmmmm-mmmm-bbbbbbbbbbbbbbbbbbbbbbbbbbbbbbbbbbbbbbbbbbbbbbbbbbbb-mmmmmm-mmmmmmmmmmmm-bbbbbbb-mmmmmmmmm
mmmmmmmmmmm-mmmmmmmmmmmmmmmmmmm----mmmmmmmm-bbb-mmmmmm-mmmm-bbbbbbbbbbbbbbbbbbbbbbbbbbbbbbbbbbbbbbbbbbbbbbbbbbbb-mmmmmm-mmmmmmmmmmmm-bbbbbbb-B--------
-----Mmmmmm-mmmmmmmmmmmmmmmmmmm----mmmmmmmm-bbb-mmmmmm-mmmm-bbbbbbbbbbbbbbbbbbbbbbbbbbbbbbbbbbbbbbbbbbbbbbbbbbbb-mmmmmm-mmmmmmmmmmmm-bbbbbbb-bbbB-----
-Mmmmmmmmmm-mmmmmmmmmmmmmmmmmmm----mmmmmmmm-bbb-mmmmmm-mmmm-bbbbbbbbbbbbbbbbbbbbbbbbbbbbbbbbbbbbbbbbbbbbbbbbbbbb-mmmmmm-mmmmmmmmmmmm-bbbbbbb-bbbbbM---
---Mmmmmmmm-mmmmmmmmmmmmmmmmmmm----mmmmmmmm-bbb-mmmmmm-mmmm-bbbbbbbbbbbbbbbbbbbbbbbbbbbbbbbbbbbbbbbbbbbbbbbbbbbb-mmmmmm-mmmmmmmmmmmm-bbbbbbb-M--------
-----Mmmmmm-mmmmmmmmmmmmmmmmmmm----mmmmmmmm-bbb-mmmmmm-mmmm-bbbbbbbbbbbbbbbbbbbbbbbbbbbbbbbbbbbbbbbbbbbbbbbbbbbb-mmmmmm-mmmmmmmmmmmm-bbbbbbb-M--------
-----Mmmmmm-mmmmmmmmmmmmmmmmmmm----mmmmmmmm-bbb-mmmmmm-mmmm-bbbbbbbbbbbbbbbbbbbbbbbbbbbbbbbbbbbbbbbbbbbbbbbbbbbb-mmmmmm-mmmmmmmmmmmm-bbbbbbb-mmmmmM---
-------Bmmm-mmmmmmmmmmmmmmmmmmm----mmmmmmmm-bbb-mmmmmm-mmmm-bbbbbbbbbbbbbbbbbbbbbbbbbbbbbbbbbbbbbbbbbbbbbbbbbbbb-mmmmmm-mmmmmmmmmmmm-bbbbbbb-mmmmmmmM-
mmmmmmmmmmm-mmmmmmmmmmmmmmmmmmm----mmmmmmmm-bbb-mmmmmm-mmmm-bbbbbbbbbbbbbbbbbbbbbbbbbbbbbbbbbbbbbbbbbbbbbbbbbbbb-mmmmmm-mmmmmmmmmmmm-bbbbbbb-mmmmmmM--
-Mmmmmmmmmm-mmmmmmmmmmmmmmmmmmm----mmmmmmmm-bbb-mmmmmm-mmmm-bbbbbbbbbbbbbbbbbbbbbbbbbbbbbbbbbbbbbbbbbbbbbbbbbbbb-mmmmmm-mmmmmmmmmmmm-bbbbbbb-mmmmmmmB-
Mmmmmmmmmmm-mmmmmmmmmmmmmmmmmmm----mmmmmmmm-bbb-mmmmmm-mmmm-bbbbbbbbbbbbbbbbbbbbbbbbbbbbbbbbbbbbbbbbbbbbbbbbbbbb-mmmmmm-mmmmmmmmmmmm-bbbbbbb-mmmmmmmmM
mmmmmmmmmmm-mmmmmmmmmmmmmmmmmmm----mmmmmmmm-bbb-mmmmmm-mmmm-bbbbbbbbbbbbbbbbbbbbbbbbbbbbbbbbbbbbbbbbbbbbbbbbbbbb-mmmmmm-mmmmmmmmmmmm-bbbbbbb-mmmmmmmmm
Mmmmmmmmmmm-mmmmmmmmmmmmmmmmmmm----mmmmmmmm-bbb-mmmmmm-mmmm-bbbbbbbbbbbbbbbbbbbbbbbbbbbbbbbbbbbbbbbbbbbbbbbbbbbb-mmmmmm-mmmmmmmmmmmm-bbbbbbb-mmB------
-------Mmmm-mmmmmmmmmmmmmmmmmmm----mmmmmmmm-bbb-mmmmmm-mmmm-bbbbbbbbbbbbbbbbbbbbbbbbbbbbbbbbbbbbbbbbbbbbbbbbbbbb-mmmmmm-mmmmmmmmmmmm-bbbbbbb-M--------
--------Bmm-mmmmmmmmmmmmmmmmmmm----mmmmmmmm-bbb-mmmmmm-mmmm-bbbbbbbbbbbbbbbbbbbbbbbbbbbbbbbbbbbbbbbbbbbbbbbbbbbb-mmmmmm-mmmmmmmmmmmm-bbbbbbb-mmmB-----
-------Mmmm-mmmmmmmmmmmmmmmmmmm----mmmmmmmm-bbb-mmmmmm-mmmm-bbbbbbbbbbbbbbbbbbbbbbbbbbbbbbbbbbbbbbbbbbbbbbbbbbbb-mmmmmm-mmmmmmmmmmmm-bbbbbbb-mmmmmmmB-
---Mmmmmmmm-mmmmmmmmmmmmmmmmmmm----mmmmmmmm-bbb-mmmmmm-mmmm-bbbbbbbbbbbbbbbbbbbbbbbbbbbbbbbbbbbbbbbbbbbbbbbbbbbb-mmmmmm-mmmmmmmmmmmm-bbbbbbb-mmmmB----
-----Bmmmmm-mmmmmmmmmmmmmmmmmmm----mmmmmmmm-bbb-mmmmmm-mmmm-bbbbbbbbbbbbbbbbbbbbbbbbbbbbbbbbbbbbbbbbbbbbbbbbbbbb-mmmmmm-mmmmmmmmmmmm-bbbbbbb-B--------
--Bmmmmmmmm-mmmmmmmmmmmmmmmmmmm----mmmmmmmm-bbb-mmmmmm-mmmm-bbbbbbbbbbbbbbbbbbbbbbbbbbbbbbbbbbbbbbbbbbbbbbbbbbbb-mmmmmm-mmmmmmmmmmmm-bbbbbbb-bbbbbM---
-Mmmmmmmmmm-mmmmmmmmmmmmmmmmmmm----mmmmmmmm-bbb-mmmmmm-mmmm-bbbbbbbbbbbbbbbbbbbbbbbbbbbbbbbbbbbbbbbbbbbbbbbbbbbb-mmmmmm-mmmmmmmmmmmm-bbbbbbb-bbM------
--Mmmmmmmmm-mmmmmmmmmmmmmmmmmmm----mmmmmmmm-bbb-mmmmmm-mmmm-bbbbbbbbbbbbbbbbbbbbbbbbbbbbbbbbbbbbbbbbbbbbbbbbbbbb-mmmmmm-mmmmmmmmmmmm-bbbbbbb-M--------
--------Mmm-mmmmmmmmmmmmmmmmmmm----mmmmmmmm-bbb-mmmmmm-mmmm-bbbbbbbbbbbbbbbbbbbbbbbbbbbbbbbbbbbbbbbbbbbbbbbbbbbb-mmmmmm-mmmmmmmmmmmm-bbbbbbb-mmmmB----
mmmmmmmmmmm-mmmmmmmmmmmmmmmmmmm----mmmmmmmm-bbb-mmmmmm-mmmm-bbbbbbbbbbbbbbbbbbbbbbbbbbbbbbbbbbbbbbbbbbbbbbbbbbbb-mmmmmm-mmmmmmmmmmmm-bbbbbbb-mmmmM----
----Bmmmmmm-mmmmmmmmmmmmmmmmmmm----mmmmmmmm-bbb-mmmmmm-mmmm-bbbbbbbbbbbbbbbbbbbbbbbbbbbbbbbbbbbbbbbbbbbbbbbbbbbb-mmmmmm-mmmmmmmmmmmm-bbbbbbb-mmmmmmmmm
Bmmmmmmmmmm-mmmmmmmmmmmmmmmmmmm----mmmmmmmm-bbb-mmmmmm-mmmm-bbbbbbbbbbbbbbbbbbbbbbbbbbbbbbbbbbbbbbbbbbbbbbbbbbbb-mmmmmm-mmmmmmmmmmmm-bbbbbbb-mmmmM----
--Mmmmmmmmm-mmmmmmmmmmmmmmmmmmm----mmmmmmmm-bbb-mmmmmm-mmmm-bbbbbbbbbbbbbbbbbbbbbbbbbbbbbbbbbbbbbbbbbbbbbbbbbbbb-mmmmmm-mmmmmmmmmmmm-bbbbbbb-mmmmmB---
------Bmmmm-mmmmmmmmmmmmmmmmmmm----mmmmmmmm-bbb-mmmmmm-mmmm-bbbbbbbbbbbbbbbbbbbbbbbbbbbbbbbbbbbbbbbbbbbbbbbbbbbb-mmmmmm-mmmmmmmmmmmm-bbbbbbb-mmmmmmmmM
mmmmmmmmmmm-mmmmmmmmmmmmmmmmmmm----mmmmmmmm-bbb-mmmmmm-mmmm-bbbbbbbbbbbbbbbbbbbbbbbbbbbbbbbbbbbbbbbbbbbbbbbbbbbb-mmmmmm-mmmmmmmmmmmm-bbbbbbb-mmmmmmmmB
Bmmmmmmmmmm-mmmmmmmmmmmmmmmmmmm----mmmmmmmm-bbb-mmmmmm-mmmm-bbbbbbbbbbbbbbbbbbbbbbbbbbbbbbbbbbbbbbbbbbbbbbbbbbbb-mmmmmm-mmmmmmmmmmmm-bbbbbbb-mmB------
---Bmmmmmmm-mmmmmmmmmmmmmmmmmmm----mmmmmmmm-bbb-mmmmmm-mmmm-bbbbbbbbbbbbbbbbbbbbbbbbbbbbbbbbbbbbbbbbbbbbbbbbbbbb-mmmmmm-mmmmmmmmmmmm-bbbbbbb-M--------
--------Mmm-mmmmmmmmmmmmmmmmmmm----mmmmmmmm-bbb-mmmmmm-mmmm-bbbbbbbbbbbbbbbbbbbbbbbbbbbbbbbbbbbbbbbbbbbbbbbbbbbb-mmmmmm-mmmmmmmmmmmm-bbbbbbb-mmmmmmmM-
--Mmmmmmmmm-mmmmmmmmmmmmmmmmmmm----mmmmmmmm-bbb-mmmmmm-mmmm-bbbbbbbbbbbbbbbbbbbbbbbbbbbbbbbbbbbbbbbbbbbbbbbbbbbb-mmmmmm-mmmmmmmmmmmm-bbbbbbb-mM-------
Mmmmmmmmmmm-mmmmmmmmmmmmmmmmmmm----mmmmmmmm-bbb-mmmmmm-mmmm-bbbbbbbbbbbbbbbbbbbbbbbbbbbbbbbbbbbbbbbbbbbbbbbbbbbb-mmmmmm-mmmmmmmmmmmm-bbbbbbb-mmmB-----
------Bmmmm-mmmmmmmmmmmmmmmmmmm----mmmmmmmm-bbb-mmmmmm-mmmm-bbbbbbbbbbbbbbbbbbbbbbbbbbbbbbbbbbbbbbbbbbbbbbbbbbbb-mmmmmm-mmmmmmmmmmmm-bbbbbbb-mmmmmmM--
--------Mmm-mmmmmmmmmmmmmmmmmmm----mmmmmmmm-bbb-mmmmmm-mmmm-bbbbbbbbbbbbbbbbbbbbbbbbbbbbbbbbbbbbbbbbbbbbbbbbbbbb-mmmmmm-mmmmmmmmmmmm-bbbbbbb-mmmmmmB--
------Mmmmm-mmmmmmmmmmmmmmmmmmm----mmmmmmmm-bbb-mmmmmm-mmmm-bbbbbbbbbbbbbbbbbbbbbbbbbbbbbbbbbbbbbbbbbbbbbbbbbbbb-mmmmmm-mmmmmmmmmmmm-bbbbbbb-mmmmmmmmm
--Bmmmmmmmm-mmmmmmmmmmmmmmmmmmm----mmmmmmmm-bbb-mmmmmm-mmmm-bbbbbbbbbbbbbbbbbbbbbbbbbbbbbbbbbbbbbbbbbbbbbbbbbbbb-mmmmmm-mmmmmmmmmmmm-bbbbbbb-mmmmmmmmM
------Mmmmm-mmmmmmmmmmmmmmmmmmm----mmmmmmmm-bbb-mmmmmm-mmmm-bbbbbbbbbbbbbbbbbbbbbbbbbbbbbbbbbbbbbbbbbbbbbbbbbbbb-mmmmmm-mmmmmmmmmmmm-bbbbbbb-mmmmmM---
--Mmmmmmmmm-mmmmmmmmmmmmmmmmmmm----mmmmmmmm-bbb-mmmmmm-mmmm-bbbbbbbbbbbbbbbbbbbbbbbbbbbbbbbbbbbbbbbbbbbbbbbbbbbb-mmmmmm-mmmmmmmmmmmm-bbbbbbb-mmM------
mmmmmmmmmmm-mmmmmmmmmmmmmmmmmmm----mmmmmmmm-bbb-mmmmmm-mmmm-bbbbbbbbbbbbbbbbbbbbbbbbbbbbbbbbbbbbbbbbbbbbbbbbbbbb-mmmmmm-mmmmmmmmmmmm-bbbbbbb-mB-------
mmmmmmmmmmm-mmmmmmmmmmmmmmmmmmm----mmmmmmmm-bbb-mmmmmm-mmmm-bbbbbbbbbbbbbbbbbbbbbbbbbbbbbbbbbbbbbbbbbbbbbbbbbbbb-mmmmmm-mmmmmmmmmmmm-bbbbbbb-mmmmmmmmm
---Bmmmmmmm-mmmmmmmmmmmmmmmmmmm----mmmmmmmm-bbb-mmmmmm-mmmm-bbbbbbbbbbbbbbbbbbbbbbbbbbbbbbbbbbbbbbbbbbbbbbbbbbbb-mmmmmm-mmmmmmmmmmmm-bbbbbbb-mmmM-----
--Mmmmmmmmm-mmmmmmmmmmmmmmmmmmm----mmmmmmmm-bbb-mmmmmm-mmmm-bbbbbbbbbbbbbbbbbbbbbbbbbbbbbbbbbbbbbbbbbbbbbbbbbbbb-mmmmmm-mmmmmmmmmmmm-bbbbbbb-mmmmmmM--
------Mmmmm-mmmmmmmmmmmmmmmmmmm----mmmmmmmm-bbb-mmmmmm-mmmm-bbbbbbbbbbbbbbbbbbbbbbbbbbbbbbbbbbbbbbbbbbbbbbbbbbbb-mmmmmm-mmmmmmmmmmmm-bbbbbbb-mmmmmmmmm
-----Mmmmmm-mmmmmmmmmmmmmmmmmmm----mmmmmmmm-bbb-mmmmmm-mmmm-bbbbbbbbbbbbbbbbbbbbbbbbbbbbbbbbbbbbbbbbbbbbbbbbbbbb-mmmmmm-mmmmmmmmmmmm-bbbbbbb-mmmmmmmmm
MmmmBmmMmmm-MmmmmmmmmmmmmmmmBMm----mmmmmmmm-bbb-mmmmmm-mmmm-BbbbbbbbMbbbbbbbbbbbbbbbMMbbBbbbbbbbbbbbbbbbbbbbbbbb-mmmmmM-mmmmmmmmmMmm-bbbbbBb-mmmmM----
Mmmm-mm-mmm--mmmmmmMmmmBmmmm--M----mmmmmMmm-bbB-mMmmmm-mmMB--bbMMMbb-bbbbbbbbbbbbbbb--bb-bbbbbbbbbbbbbMbbBbbbbbb-mmmmm--mmmmmmmmm-mm-bbbbb-b-mmmmmmM--
---M-mm-mMm--mmmmmm-mmm-mmmm-------mmmmm-mm-bb--M-mBmm-mm----Mb---bb-bbbbMbbbbbbbbbb--bb-bbbbbbbbbbbbM-bb-bbbbbM-MMBmm--mmmmmmmmm-mm-bbbbb-b-mmmmmMM--
------M-m-m--MmBmmm-mmm-mmmm-------mmmmm-mm-bb----M-mB-Bm-----b---bb-bbbb-bbbbbbbbbb--bb-bbbBbbbbbMbb--bb-bMbbb-----mm--MmMmmmmmm-Mm-bbbMb-b-mmB------
-MBb-mm-m-m---B-mmM-mmm-Bmmm-------mmmMm-mm-bb------m---m-----b---bb-bbbB-Mbbbbbbbbb--bM-bbb-bbbbb-bb--bb-B-bbM-----mm---m-mmmmmm--m-bbb-b-b-mmmMM----
Mm-B-mm-m-m-----mM--mBm--mmm-------mmm-m-mB-bb------m---m-----b---Bb-bbb---bbbMbbbbb--b--bbb-BBMbb-bb--bb---bM------mm---m-mmmmmm--m-bMb-b-b-mmm-m-M--
--------M-m-----B---m-m--mmB-------mmm-m-m--BM------m---m-----b----M-bMb---bbM-bBbbM--b--bMM----Mb-bb--bb---b-------mm---m-mmMmmm--m-b-b-b-b-mmM-M-MmB
-----Mm-B-M---------M-m--mm--------mmm-m-m----------m---m-----b------B-b---bB--b-Mb---b--b-------M-BB--Mb---b-------mM---m-mm-mmm--m-b-b-b-M-mB-------
Mm---Mm---------------B--mB--------Bmm-m-m----------M---m-----b--------b---M---b--B---b--B--------------M---M-------m----m-mm-MMm--m-B-b-b---M--------
