------------M--m--M----------M---M--------------mM--Mm---m-----m-m-mM----m-------M---m--mmM--mM-----
----m---M--mm--m--m----------m--Mm-------M------mm--mm---m-----m-m-mm----m-------m---m--mmm--mmMmmm-
-M--m---m--mm--m--m----------m--mm-------m------mm--mm---m-----m-mMmm----m-------m---m--mmM---------
-M-Mm---mM-mm--m--m--------M-m--mm-------mM-----mm-Mmm---m-----m-mmmm----m-------m---m--mMm--mM-----
------------M--m-Mm--------m-m-Mmm-------mm-----mm-mmm---m---M-m-mmmm----m-------m---m--m-m--mmmmmm-
-MMmm---mm-mm-Mm-mm-M------mMm-mmmM------mm-----mm-mmm---m---m-m-mmmm----m---M---m--Mm--m-m--mmmmmm-
Mmmmm---mm-mm-mm-mm-m------m-mMmmmm------mm-----mm-mmm---m---m-m-mmmm----m---M----------------------
mmmmm---mm-mm-mm-mm-m------m-mmmmmm------mm-----mm-mmm---m---m-m-mmmm----m---m---m--mm--m-m--mmmmmm-
mmmmm--Mmm-mm-mm-mm-m------m-mmmmmmM-----mm-----mm-mmm---m---m-m-mmmm----m---m--Mm-Mmm--m-mM-mmmmmm-
----M--mmm-mm-mm-mm-m------m-mmmmmmm-----mm-----mm-mmm---m---mMm-mmmm---Mm---m--mm-mmm--m-mm-mmmmmmM
mmmmm--mmm-mm-mm-mm-m------m-mmmmmmm-----mm-----mm-mmm---m---mmm-mmmm---mm---m--mm-mmm--m-mm-mmmmmmm
-----------Mm-mm-mm-m------m-mmmmmmm-----mm-----mm-mmm---m---mmm-mmmm---mm---m-Mmm-mmm--m-mm-mmmmmmM
mmmmmM-----mm-mm-mm-mM-----m-mmmmmmm-----mm-----mm-mmm---m--Mmmm-mmmm---mm---m--mm-mmm--m-mm-mmmmmmm
------------------------------------------------Mm-mmm--Mm--mmmm-mmmm---mm---m--mm-mmm--m-mm-mmmM---
-----M-----mm----------mmm-m--------------------mm-mmm--mm--mmmm-mmmm---mm---m--mm-mmm-Mm-mm-mmmmmmm
-----------Mm----------mmm-m--------------------mm-mmm--mm--mmmm-mmmm---mm---m--mm-mmmMmm-mm-mmmM---
Mmmmmm-mmm-mm----------mmmMm--------------------mm-mmm--mm--M---------------------------------------
-Mmmmm-mmm-mm----------mmmmm--------------------mm-mmm--mm--mmmm------------------------------------
--------Mm-mm----------mM---------------------------------------------------------------------------
--------------------------------------------------------Mm-------------------------mmmM-------------
-Mmmmm-mmmMmm----------mmmmm---------mmmM-----------------------------------------------------------
mmmmmm-mmmmmm----------mmmmm---------mmmmmm-mmm------------------mmmm---mm------mm-mmmmmm-mmMmmmM---
---MmmMmmmmmm----------mmmmm---------mmmmmm-mmm------------------mmmm---mm------mm-mmmM-------------
--Mmmmmmmmmmm----------mmmmm---------mmmmmm-mmm------------------mmmm---mm------mm-mmmmmm-mmmmmmmmmm
-------------------------Mmm---------mmmmmmMmmm------------------mmmm---mm------mm-mmmmmm-M---------
-----------------------------------------------------------------Mmmm---mm------mm-mmmmmm-mmmmmmmmmm
-------------------------------Mmmmm------------mm---------------mmmm---mm------mmMmmmmmm-mmmmmmmmmm
------------------------------------------------Mm---------------mmmm---M---------------------------
mmmmmmmmmmmmm----------mmmmm-mmmmmmmMmMmmmmmmM------------------------------------------------------
----Mmmmmmmmm----------mmmmm-mmmmmmmmm-mmmmmmmM-----------------------------------------------------
---------------------------M-mmmmmmmmm-mmmmmmmm-mm-mmm--mm--mmmm-mmmm------m-m--mmmmmmM-------------
------------------------------------------------Mm-mmm-Mmm--mmmm-mmmm------m-m--mmmmmmmmm-----------
-------Mmmmmm----------mmmmm-mmmmmmmmm-mmmmmmmm-mm-mmm-mmm--mmmm-mmmmMM----mMm--mmM-----------------
mmmmmmmmmmmmm----------mmmmm-mmmmmmmmm-mmmmmmmmMmm-mmm-mmm--mmmm-mmmmM------------------------------
Mmmmmmmmmmmmm----------mmmmm-mmmmmmmmm-mmmmmmmmmmm-mmm-mmm--mmmm-mmmmmm---------mmmmmmmmm-mmmmmmmM--
---Mmmmmmmmmm----------mmmmm-mmmmmmmmm-mmmmmmmmmmm-mmm-mmm--mmmm-mmmmmm---------mmmmmmmmm-mmmmmmmmmM
mmmmmmmmmmmmm----------mmmmm-mmmmmmmmm-mmmmmmmmmmm-mmm-mmm--mmmmMmmmmmm---------mmmmmmmmm-mmmM------
-----------------------Mmmmm-mmmmmmmmm-mmmmmmmmmmm-mmm-mmm--mmmmmmmmmmm---------mmmmmmmmm-mmM-------
------------------------------------Mm-mmmmmmmmmmm-mmm-mmm--mmmmmmmmmmm---------mmmmmmmmm-mmmmmmmmmm
-----Mmmmmmmm-mm-mm-mm-mmmmm-mmmmmmmmm-mmmmmmmmmmm-mmm-mmm--mmmmmmmmmmm---------mmmmmmmmM-----------
mmmmmmmmmmmmm-mm-mm-mm-mmmmm-mmmmmmmmm-mmmmmmmmmmm-mmm-mmm--mmmmmmmmmM------------------------------
mmmmmmmmmmmmm-mm-mm-mm-mMmmm-mmmmmmmmm-mmmmmmmmmmm-mmm-mmm--M---------------------------------------
----------Mmm-mm-mm-mm-m-mmm-mmMmmmmmm-mmmmmmmmmmm-mmm-mmm--mmmmmmmmmmm---------mmmmmmM-------------
-------Mmmmmm-mm-mm-mm-m-mmm-mm-mmmmmm-mmmmmmmmmmm-mmm-mmm--mmmmmmmmmmm---------mmmmmmmmm-mmmmmmmmmm
mmmmmmmmmmmmm-mm-mmMmm-m-mmm-mm-mmmmmm-mmmmmmmmmmm-mmm-mmm--mmmmmmmmmmm---------mmmmmmmmm-mmM-------
mmmmmmmmmmmmm-mm-mm-mm-m-mmm-mm-mmmmmm-mmmmmmmmmmm-mmm-mmm--mmmmmmmmmmm---------mmmM----------------
mmmmmmmmmmmmmMmM-mm-mm-m-mmm-mm-mmmmmm-mmmmmmmmmmm-mmm-mmm--mmmmmmmmmmm---------mmmmmmmmm-mmmmmmmmmM
-----------------------------------------Mmmmmmmmm-mmm-mmM------------------------------------------
--Mmmmmmmmmmmmm----------mmm-----------mmmmmmmmmmm-mmmMmmm--mmmmmM----------------------------------
-------------------------Mmm-----------mmmmmmmmmmmMmmmmmmm--mmmmmmmmmmmMmmMmmm------------mmmmmmmM--
-MM-------------------------------------------------------------------------------------------------
mmmmmmmmmmmmmmm---------------------------------------------mmmmmmmmmmmmmmmmmm--mmmmmmmmM-----------
--------Mmmmmmm---------------------------------------------mmmmmmmmmmmmmmmmmm--mmmmmmmmm-mmmmmmmmmm
------Mmmmmmmmm---------------------------------------------mmmmmmmmmmmmmmmmmm--Mmmmmmmmm-mmmmmmmmmm
-----------------------------------------------------------------Mmmmmmmmmmmmm---mmmmmmmm-mmmmmmmmmm
mmmmmmmmmmmmmmm--mm-------------mmmmmm-mmmmmmmmmmmmmmmmmmm--mmmmmmmmmmmmmmmmmm---mmmmmmmm-mmmmmmmmmM
Mmmmmmmmmmmmmmm--mm-------------mmmmmm-mmmmmmmmmmmmmmmmmmmM-mmmmmmmmmmmmmmmmmmM---------------------
-----------------Mm-------------mmmmmm-mmmmmmmmmmmmmmmmmmmm-mmmmmmmmmmmmmmmmmmm-----------mmmmmM----
-----Mmmmmmmmmm--mM-------------mmmmmm-mmmmmmmmmmmmmmmmmmmm-mmmmmmmmmmmmmmmmmmm-----------mmmmmmmmM-
-------------------------------------M-mmmmmmmmmmmmmmmmmmmm-mmmmmmmmmmmmmmmmmmm-----------Mmmmmmmmmm
--------------------------------mmmmmm-mmmmmmmmmmmmmmM----------------------------------------------
-----------------------------------Mmm-mmmmmmmmmmmmmmmmmmmm-mmmmmmmmmMmmmmmmmmm------------mmmmmmmmm
----------------------------------------------------------------Mmmmm-mmmmmmmmm------------mmmM-----
---------------------------------------------Mmmmmmmmmmmmmm-mmmmmmmmm-mmmmmmmmm------------mmM------
Mmmmmmmmmmmmmmm----------mmm-----------mmmmmmmmmmmmmmmmmmmmMmmmmmmmmm-mmmmmmmmm------------mmmmmmmmM
--Mmmmmmmmmmmmm----------mmm-----------mmmmmmmmmmmmmmmmmmmmmmmmmmmmmm-mmmmmmmmm------------mmmmmmmmm
mmmmmmmmmmmmmMm----------mmM-----------mmmmmmmmmmmmmmmmmmmmmmmmmmmmmm-mmmmmmmmm------------mmmmmmM--
Mmmmmmmmmmmmm-m----------mm------------mmmmmmmmmmmmmmmmmmmmmmmmmmmmmm-mmmmmmmmm------------mmmmmmmmm
--------------------------------------------------------------Mmmmmmm-mmmmmmmmm------------mmmmmmmmM
-----------Mm-------mmMm-mm------------mmmmMmmmmmmmmmmmmmmmmmmmmmmmmm-mmmmmmmmm------------mmmmmmmmm
mmmmmmmmmmmmm-------mmmm-mM-------------------------------------------------------------------------
mmmmmmmmmmmmm-------mmmm-mm-----------------mMmmmmmmmmmmmmmmmmmmmmmmm------------mmmmmmmm--M--------
-----------------------M-mm-----------------m-mmmmmmmmmmmmmmmmmmmmmmm------------mmmmmmmm--mmmmmmmMM
----------------Mm--mmmm-mm-----------------m-mmmmmmmmmmmmmmmmmmmmmmm------------mMmmmmmm--mmmmmmm-m
----------------mM--mmmm-mm-----------------m-mmmmmmmmmmmmmmmmmmmmmmm------------m-mmmmmm--mmmM-----
---------------------------------------------------------MmmMmmmmmmmm------------m-mmmmmm--mmmmmmM--
-Mmmmmmmmmmmm------------mm-----mmmmmm-mmmm---mmmmmmmmmmm-mm-mmmmmmM--------------------------------
------Mmmmmmm------------mm-----mmmmmm-mmmm---mmmmmmmmmmm-mm-mmmmmmmm-mmmmmmmmm--M------------------
----Mmmmmmmmm------------mM-----mmmmmm-mmmm---mmmmmmmmMmm-mm-mmmmmmmm-mmmmmmmmm--m-mmmmmm-----------
---------------------------------Mmmmm-mmmm---mmmmmmmm-mm-mm-mmmmmmmm-mmmmmmMmm--m-mmM--------------
-----Mmmmmmmm-------------------mmmmmm-mmmm---mmmmmmmm-mm-mm-mmmmmmmm-mmmmmm-mm--m-mmmmmm----------M
----------------------------------------Mmm---mmmmmmmm-mm-mm-mmmmmmmM-------------------------------
Mmmmmmmmmmmmm--------------------------mmmm---mmmmmmmm-mm-mm-mmmmmmmm-------------------------------
-------------------------------------------------Mmmmm-mm-mM----------------------------------------
----------------------------------------------mmmmmmmm-mm-mm-mmmmmmmm-mmmmmm-Mm----mmmM-------------
-------------------------------------------------------------------Mm-M-----------------------------
----Mmmmmmmmm------------M---mm-mmmmmm-mmmm---mmMmmmmm-mm-mm-mmmmmmmm-mmmmmm-------mmmMmm--mmM------
mmmmmmmmmmmmm----------------mm-mmmmmm-mmmm---mm-mmmmm-mm-mm-mmmMmmmm-mmmmmm-------mmm-mm--mmmmmm---
----Mmmmmmmmm----------------mm-mmmmmm-mmmm---mm-mmmmm-mm-mm-mmm-mmmm-mmmmmm-------mmm-mm--mmmmM----
------------------------------M-mmmmmm-mmmM---mm-mmmmm-mm-Mm-mmm-mmmm-mmMmmm-------mmm-mM--mmmM-----
------------M----------------mm-Mmmmmm-mmm----mm-mMmmm-mm--m-mmm-mmmm-mm-mmm-------mmm-m---mmmmM----
----------Mm-----------------mm--mmmmm-mmm----mm-m-mmm-mm--m-mmm-mmmm-Mm-mmm-------Mmm-m---mmmmmM---
-----------------------------------------------M-m-mmm-Mm--m-mmm-mmmm--m-Mmm--------mm-m---mmmmm----
--Mmmmmmmmmm--------mmmm-----mm---------------mm-m-mmm--m--m-mmm-mmmm--m--mM--------mm-m---mmmmm----
--------------------Mmmm-----mm---------------M-----------------------------------------------------
---MMmmmmmmm--------mmmm-----mm---------------mM-M-mmm--m----mmm-------m------M------------mmmmm---M
---M-mmmmmmm--------mmmm-----mM---------------m----mmm--m----mmm-------M-------------------mmmmM----
---------------------------------------------------Mmm--M----M--------------------------------------
-----MmmMmmm--m------------------mmmmm-mmM--m------mmm-----------mmmm-----M------m---------mMmmm---M
------Mm-mmm--M------------------Mmmmm-mm---M------Mmm-----------mmMm------------M---------m-mmM---M
