---mm---b--m--B---b--bb-m---b---m-m-m----mm-------b-b---------mmm-m-mmm-----m--M---m-------bB-------------mm---------bbbb---------b-----mmm---b------m--b-----mm----m-b-mm--m---m---mm-----b---bb----bb--b-b-mmm-----b---b--------b----b----------B--m-m--
---mm---b--m--b---b--bb-m---b---m-m-m----mm-------b-b---------mmm-m-mmm-----m------m-------bb-----------M-mm---------bbbb---------b-----mmm---b------m--b-----mm----m-b-mm--m---m---mm-----b---bb----bb--b-b-mmm-----b---b--------b----b-------------m-m--
---mm---b--m--b---b--bb-m---b---m-m-m----mm-------b-b---------mmm-m-mmm-----m------m-------bb-----------m-mm---------bbbb---------b-B---mmm---b------m--b-----mm----m-b-mm--m---m---mm-----b---bb----bb--b-b-mmm-----b---b--------b----b-------------m-m--
---mm---b--m--b---b--bb-m---b---m-m-m----mm-------b-b---------mmm-m-mmm-----m------m-------bb-----------m-mm---------bbbb---------b-b---mmm---b------m--b-----mm----m-b-mm--m---m---mm-----b---bb----bb--b-b-mmm-----b---b--------b----b-------------m-m--
---mm---b--m--b---b--bb-m---b---m-m-m----mm-------b-b---------mmm-m-mmm-----m------m-------bb-----------m-mm---------bbbb---------b-b---mmm---b------m--b-----mM----m-b-mm--m---m---mm-----b---bb----bb--b-b-mmm-----b---b--------b----b-------------m-m--
---mm---b--m--b---b--bb-m---b---mMm-m----mm-------b-b---------mmm-m-mmm-----m------m-------bM-----------m-mm---------bbbb---------b-b---mmm---b------m--b-----m-----m-b-mm--m---m---mm-----b---bb----bb--b-b-mmm-----b---b--------b----b-------------m-m--
---mm---b--m--b---b--bb-m---b---mmm-m----mm-------b-b---------mmm-m-mmm-----m------m-------b------------m-mm---------bbbb---------bMb---mmm---b------m--b-----m-----m-b-mm--m---m---mm-----b---bb----bb--b-b-mmm-----b---b--------b----b-------------m-m--
---mm---b--m--b---b--bb-m---b---mmm-m----mm-------b-b---------mmM-m-mmmM----m------m-------b------------m-mm---------bbbb---------bbb---mmm---b------m--b-----m-----m-b-mm--m---m---mm-----b---bb----bb--b-b-mmm-----b---b--------b----b-------------m-m--
---mm---b--m--b---b--bb-m---b---mmm-m----mm-------b-b---------mm--m-mmmB----m------m-------b------------m-mm--------Bbbbb---------bbb---mmm---b------m--b-----m-----m-b-mm--m---m---mm-----b---bb----bb--b-b-mmm-----b---b--------b----b-------------m-m--
---mm---b--m--b---b--bb-m---b---mmm-m----mm-------b-b---------mm--m-mmm-----m------m-------b------------m-mm--------bbbbb---------bbb---mmm---b------m--b-----m-----m-b-mm--m---m---mm-----b---bb----bb--b-b-mmm-----b---b--------b----b-------------m-m--
---mm---b--m--b---b--bb-m---b---mmm-m----mm-------b-b---------mm--m-mmm-----m------m-------b------------m-mm--------bbbbb---------bbb---mmm---b------m--b-----m-----m-b-mm--m---m--Mmm-----b--Bbb----bb--b-b-mmm-----b---b--------b----b--M----------m-m--
---mm---b--m--b---b--bb-m---b---mmm-m----mm-------b-b---------mm--m-mmm-----m------m-------b------------m-mm--------bbbbb---------bbb---mmm---b------m--B-----m-----m-b-mm--m---m--mmm-----b--bbb----bb--b-b-mmm-----b---b------M-b----b--m----------m-m--
---mm---b--m--b---b--bb-m---b---mmm-m----mm-------b-b---------mm--m-mmm-----m------m-------b-------B----m-mm--M-----bbbbb---------bbb---mmm---b------m--------m-----m-b-mm--m---m--mmm-----b--bbb----bb--b-b-mmm-----b---b------m-b----b--m----------m-m--
---mm---b--m--b---b--bb-m---b---mmm-m----mm-------b-b---------mm--m-mmm-----m------m-------b-------b----m-mm--m-----bbbbb---------bbb---mmm---b------m--------m-----m-b-mm--m---m--mmm-----b--bbb----bb--b-b-mmm--B--b---b-----Mm-b----b--m----------m-m--
---mm---b--m--b---b--bb-m---b---mmm-m----mm-------b-b---------mm--m-mmm-----m------m-------b-------b----m-mm--m-----bbbbb---------bbb---mmm---b------m-M------m-----m-b-mm--m---m--mmm-----b--bbb----bb--b-b-mmm--b--b---b-----mm-b----b--m----------m-m--
---mm---b--m--b---b--bb-m---b---mmm-m----mm-------b-b---------mm--m-mmm--M--m------m-------b-------b----m-mm--m-----bbbbb---------bbb---mmm---b------mMm------m-----m-b-mm--m---m--mmm-----b--bbb----bb--b-b-mmm--b--b---b-----mm-b----b--m----------m-m--
---mm---b--m--b---b--bb-m---b---mmm-m----mm-------b-b---------mm--m-mmm--m--m------m-------b-------b----m-mm--m-----bbbbb---------bbb---mmm-M-b------mmm------m-----m-b-mm--m---m--mmm-----b--bbb----bb--b-b-mmm--b--b---b-----mm-b----b--m----------m-m--
---mm---b--m--b---b--bb-m---b---mmm-m----mm-------b-b---------mm--m-mmm--m--m------m-------b-------M----m-mm--m-----bbbbb---------bbb---mmm---b------mmm------m-----m-b-mm--m---m--mmm-----b--bbb----bb--b-b-mmm--b--b---b-----mm-b----b--m----------m-m--
---mm---b--m--b---b--bb-m---b---mmm-m----mm-------b-b---------mm--m-mmm--m--m------m-------b------------m-mm--m-----bbbbb---------bbb---mmm---b------mmm------m-----m-b-mm--m---m--mmm-----b--bbb----bb--b-b-mmm--b--b---b-----mm-b----b--m----------m-m--
---mm---b--m--b---b--bb-m---b---mmm-m----mm-------b-b---------mm--m-mmm--m--m------m-------b------------m-mm--m-----bbbbb---------bbb---mmm---b------mmm------m-----m-b-mm--m---m--mmm-----b--bbb----bb--b-b-mmm--b--b---b-----mm-b----b--m----------m-m--
---mm---b--m--b---b--bb-m---b---mmm-m----mm-------b-b---------mm--m-mmm--m--m------m-------b------------m-mm--m-----bbbbb---------bbb---mmm---b------mmm------m-----m-b-mm--m---m--mmm-----b--bbb----bb--b-b-mmm--b--b---b-----mm-b----b--m----------m-m--
--Mmm---b--m--b---b--bb-m---b---mmm-m----mm-------b-b---------mm--m-mmm--m--m------m-------b------------m-mm--m-----bbbbb---------bbb---mmm---b------mmm------m-----m-b-mm--m---m--mmm-----b--bbb----bb--b-b-mmm--b--b---b-----mm-B----b--m----------m-m--
B-mmm---b--m--b---b--bb-m---b---mmm-m----mm-------b-b---------mm--m-mmm--m--m------m------Mb------------m-mm--m-----bbbbb---------bbb---mmm---b------mmm------m-----m-b-mm--m---m--mmm-----b--bbb----bb--b-b-mmm--b--b---b-----mm------b--m----------m-m--
b-mmm---b--m--b---b--bb-m---b---mmm-m----mm-------b-b---------mm--m-mmm--m--m------m-------b------------m-mm--m-----bbbbb---------Mbb---mmm---b------mmm------m-----m-b-mm--m---m--mmm-----b--bbb----bb--b-b-mmm--b--b---b-----mm------b--m----------m-m--
b-mmm---b--m--b---b--bb-m---b---mmm-m----mm-------b-b---------mm--m-mmm--m--m------m-------b------------m-mm--m-----bbbbb----B-----bb---mmm---b------mmm------m-----m-b-mm--m---m--mmm-----b--bbb----bb--b-b-mmm--b--b---b-----mm------b--m----------m-m--
b-mmm---b--m--b---b--bb-m---b---mmm-m----mm-------b-b---------mm--m-Mmm--m--m------m-------b------------m-mm--m-----bbbbb----b-----bb---mmm---b------mmm------m-----m-b-mm--m---m--mmm-----b--bbb----bb--b-b-mmm--b--b---b-----mm------b--m----------m-m--
b-mmm---b--m--b---b--bb-m---b---mmm-m----mm-------b-b---------mm--m--mm--m--m------mM------b------------m-mm--m-----bbbbb----b-----bb---mmm---b------mmm------m-----m-b-mm-Mm---m--mmm-----b--bbb----bb--b-b-mmm--b--b---b-----mm------b--m----------m-m--
b-Mmm---b-Mm--b---b--bb-m---b---mmm-m----mm-------b-b---------mm--m--mm--m--m------mm------b------------m-mm--m-----bbbbb----b-----bb---mmm---b------mmm------m-----m-b-mm--m---m--mmm-----b--bbb----bb--b-b-mmm--b--b---b-----mm------b--m----------m-m--
b--mm---b-mm--b---b--bb-m---b---mmmBm----mm-------b-b---------mm--m--mm--m--m------mm------b------------m-mm--m-----bbbbb-B--b-----bb---mmm---b------mmm------m-----m-b-mm--m---mM-mmm-----bB-bbb----bb--b-b-mmm--b--b---b-----mm------b--m----------m-m--
b--mm---b-mm--b---b--bb-m---b---mmmmm----mm-------b-b---------mm--m--mm--m--m------mm------b------------m-mm--B-----bbbbb----b-----bb---mmm---b------mmm------m-----m-b-mmM-m---mm-mmm-----bb-bbb----bb--b-b-mmm--b--b---b-----Bm------b--m----------m-m--
b--Mm---b-mm--b---b--bb-m---b---mmmmm----mm-------b-b---------mm--m--mm--m--m------mm------b------------m-mm--------bbbbb----b-----bb---mmm---b------mmm------m-----M-b-mmm-m---mm-mmm-----bb-bbb----bb--b-b-mmm--b--b---b------m------b--m----------m-m--
b---m---b-mm--b---b--bb-m---b---mmmmm----mm-------b-b---------mm--m--mm--m--m----M-mm------b------------m-mm--------bbbbb----b-----bb---mmm---b------mmm------m-------b-mmm-m---mm-mmm-----bb-bbb----bb--b-b-mmm--b--b---b------m------b--m----------m-m--
b---m---b-mm--b---b--bb-m---b---mmmmm----mm-------b-b---------mm--m--mm--m--m----m-mm------b------------m-mm--------Mbbbb----b-----bb---mmm---b------mmm------m-------b-mmm-m---mm-mmm-----bb-bbb----bb--b-b-mmm--b--b---b------m------b--m----------m-m--
b---m---b-mm--b---b--bb-m---b---mmmmm----mm-------b-b---B-----mm--m--mm--m--m----m-mm------b------------m-mm---------bbbb----b-----bb---mmm---b------mmm------m-------b-mmm-m---mm-mmm-----bb-bbb----bb--b-b-mmm--b--b---b------m------b--m---------Mm-m--
b---m---b-mm--b---b--bb-m---b---mmmmm----mm-------b-b---b-----mm--m--mm--m--m----m-mm------b------------m-mm---------bbbb----b-----bb---mmm---b------mmm------m-------b-mmm-m---mm-mmm-----bb-bbb----bb--b-b-mmm--b--b---b------m------b--m---------mm-m--
B---m---b-mm--b---b--bb-m---b---mmmmm----mm-------b-b---b-----mm--m--mm--m--m----m-mm------b------------m-mm---------bbbb----b-----bb---mmm---b------mmm------m-------b-mmm-m---mm-mmm-----bb-bbb----bb--b-b-mmm--b--b---b------m------b--m---------mm-m--
----m---b-mm--b---b--bb-m---b---mmmmm----mm-------b-b---b-----mm--m--mm--m--m----m-mm------b------------m-mm---------bbbb----b-----bb---mmm---b------mmm------m-------b-mmm-m---mm-mmm-----bb-bbb----bb--b-b-mmm--b--b---b------m------b--m---------mm-m--
----m---b-mm--b---b--bb-m---b---Mmmmm----mm-------b-b---b-----mm--m--mm--m--m----m-mm------b------------m-mm---------bbbb----b-----bb---mmm---b------mmm------m-------b-mmm-m---mm-mmm-----bb-bbb----bb--b-b-mmm--b--b---b------m------b--m---------mm-m--
----m---b-mm--b---b--bb-m---b----mmmm----mm-------b-b---b-----mm--m--mm--m--m----m-mm------b------------m-mm---------bbbb----b-----bb---mmm---b------mmm------m-------b-mmm-m---mm-mmm-----bb-bbb----bb--b-b-mmm--b--b---b------m------b--m---------mm-m--
----m---b-mm--b---b--bb-m---b----mmmm----mm-------b-b---b-----mm--m--mm--m--m----m-mm------b------------m-mm---------bbbb----b-----bb---mmm---b------mmm------m-------b-mmm-m---mm-mmm-----bb-bbb----bb--b-b-mmm--b--b---b------m------b--m---------mm-m--
----m---b-mm--b---b--bb-m---b----mmmm----mm-------b-b---b-----mm--m--mm--m--m----m-mm------b------------m-mm---------bbbb----b-----bb---mmm---b------mmm------m-------b-mmm-m---mm-mmm-----bb-bbb----bb--b-b-mmm--b--b---b------m------bB-m---------mm-m--
----m---b-mm--b---b--bb-m---b----mmmm----mm-------b-b---b-----mm--m--mm--m--m----m-mm-B----b------------m-mm---------bbbb----b-----bb---mmm---b------mmm------m-------b-mmm-m--Mmm-mmm----Bbb-bbb----bb--b-b-mmm--b--b---b------m------bb-m---------mm-m--
----m---b-mm--b---b--bb-m---b----mmmm----mm-------b-b---b-----mm--m--mm--m--m----m-mm-b----b------------m-mm---------bbbb----b-----bb---mmm---b------mmm------m-------b-mmm-m--mmm-mmm----bbb-bbb----bb--b-b-mmm--b--B---b------m------bb-m---------mm-m--
----m---b-mm--b---b--bb-m---b----mmmm----mm-------b-b---b-----mm-Mm--mm--m--m----m-mm-b----b------------m-mm---------bbbb----b-----bb---mmm---b------mmm------m-------b-mmm-m--mmm-mmm----bbb-bbb----bb--b-b-mmm--b------b------m------bb-m---------mm-m--
----m---b-mm--b---b--bb-m---b----mmmm----mm-------b-b---b-----mm-mm--mm--m--m----m-mm-b----b------------m-mm---------bbbb----b-----bb---mmm---b------mmm------m-------b-mmm-m--mmm-mmm----bbb-bbb----bb--b-b-mmm--b------b------m------bb-m---------mm-m--
----m---b-mm--b---b--bb-m---b----mmmm----mm-------b-b---b-----mm-mm--mm--m--m----m-mm-b----b------------m-mm---------bbbb----b-----bb---mmm---b------mmm------m-------b-mmm-m--mmm-mmm----bbb-bbb----bb--b-b-mmm--b------b------m------bb-m---------mm-m--
----m---b-mm--b---b-Bbb-m---b----mmmm----mm-------bBb---b-----mm-mm--mm--m--m----m-mm-b----b------------m-mm---------bbbb----b---B-bb---mmm---b------mmm------m-------b-mmm-m--mmm-mmm----bbb-bbb----bb--b-b-mmm--b------b------m------bb-m---------mm-m--
----m---b-mm--b---b-bbb-m---b----mmmm----mm-------bbb--Bb-----mm-mm--mm--m--m----m-mm-b----b------------m-mm---------bbbb----b---b-bb---mmm---b------mmm------m-------b-mmm-m--mmm-mmm----bbb-bbb----bb--b-b-mmm--b------b------m------bb-m---------mm-m--
----m---b-mm--b---b-bbb-m---b----mmmm----mm-------bbb--bb-----mm-mm--mm--m--m----m-mm-b----b------------m-mm---------bbbb----b---b-bb---mmm---b------mmm------m-------b-mmm-m--mmm-mmm----bbb-bbb----bb--b-b-mmm--b----B-b------m------bb-m---------mm-m--
----m---b-mm--b---b-bbb-m---b----mmmm----mm-------bbb--bb-----mm-mm--mm--m--m----m-mm-b----b------------m-mm---------bbbb----b---b-bb---mmm---b------mmm------m-------b-mmm-m--mmm-mBm----bbb-bMb----bb--b-b-mmm--b----b-b------m------bb-m---------mm-m--
----m---b-mm--b---b-bbb-m---b----mmmm----mm-------bbb--bb-----mm-mm--mm--m--m----m-mm-b----b------------m-mm---------bbbb----b---b-bb---mmm---b------mmm------m-------b-mmm-m--mmm-m-m----bbb-b-b----bb--b-b-mmm--b----b-b------m------bb-m---------mm-m--
----m---b-mm--b---b-bbb-m---b----mmmm----mm-------bbb--bb-----mm-mm--mm--m--m----m-mm-b----b------------m-mm---------bbbb----b-B-b-bb---mmm---b------mmm------m-------b-mmm-m--mmm-m-m----bbb-b-b----bb--b-b-mmm--b----b-b------m------bb-m---------mm-m--
----m---b-mm--b---b-bbb-m---b----mmmm----mm-------bbb--bb-----mm-mm--mm--m--m----m-mm-b----b------------m-mm---------bbbb----b-b-b-bb---mmm---b------mmm------m-------b-mmm-m--mBm-m-m----bMb-b-b----bb--b-b-mmm--b----b-b------m------bb-m--------Mmm-m--
----m---b-mm--b---b-bbb-m---b----mmmm----mm-------bbb--bb-----mm-mm--mm--m--m----m-mm-b----b------------m-mm---------bbbb----b-b-b-bb---mmm---b------mmm------m-------b-mmm-m--m-m-m-m----b-b-b-b----bb--b-b-mmm--b----b-b------m------bb-m--------mmm-m--
----m---b-mm--b---b-bbb-m---b----mmmm----mm-------bbb--bb-----mm-mm--mm--m--m----m-mm-b----b------------m-mm---------bbbb----b-b-b-bb---mmm---b------mmm------m-------b-mmm-m--m-m-m-m----b-b-b-b----bb--b-b-mmm--b----b-b---M--m------bb-m--------mmm-m--
----m---b-mm--b---b-bbb-m---b----mmmm----mm-------bbbB-bb-----mm-mm--mm--m--m----m-mm-b----b---------M--m-mm---------bbbb----b-b-b-bb---mmm---b------mmm------m-------b-mmm-m--m-m-m-m----b-b-b-b----bb--b-b-mmm--b----b-b---m--m------bb-m--------mmm-m--
----m---b-mm--b---b-bbb-m---b----mmmm----mm-------bbbb-bb-----mm-mm--mm--m--m----m-mm-b----b---------m--m-mm---------bbbb----b-b-b-bb---mmm---b------mmm------m-------b-mmm-m--m-m-m-m----b-b-b-b----bb--b-b-mmm--b----b-b---m--m------bb-m--------mmm-m--
----m---b-mm--b-B-b-bbb-m---b----mmmm----mm-------bbbb-bb-----mm-mm--mm--m--m----m-mm-b----b---------m--m-mm---------bbbb----b-b-b-bb---mmm---b------mmm------m-------b-mmm-m--m-m-m-m----b-b-b-b----bb--b-b-mmm--b----b-b---m--m------bb-m--------mmm-m--
----m---b-mm--b---b-bbb-m---b----mmmm----mm-------bbbb-bb-----mm-mm--mm--m--m----m-mm-M----b---------m--m-mm---------bbbb----b-b-b-bb---mmm---b------mmm------m-------b-mmm-m--m-m-m-m----b-b-b-b----bb--b-b-mmm--b----b-b---m--m------bb-m--------mmm-m--
----m---b-mm--b---b-bbb-m---b----mmmm----mm-------bbbb-bb-----mm-mm--mm--m--m----m-mm------b---------m--m-mm---------bbbb----b-b-b-bb---mmm---b------mmm------m-------b-mmm-m--m-m-m-m----b-b-b-b----bb--b-b-mMm--b----b-b---m--m------bb-m--------mmm-m--
----m-M-b-mm--b---b-bbb-m---b----mmmm----mm-------bbbb-bb-----mm-mm--mm--m--m----m-mm------b---------m--m-mm---------bbbb----b-b-b-bb---mmm---b------mmm------m-------b-mmm-m--m-m-m-m----b-b-b-b----bb--b-b-m-m--b----b-b---m--m------bB-m--------mmm-m--
----m-m-b-mm--b---b-bbb-m---b----mmmm----mm-------bbbb-bb-B---mm-mm--mm--m--m----m-mm------b---------m--m-mm---------bbbb----b-b-b-bb---mmm---b-B----mmm------m-------b-mmm-m--m-m-m-m----b-b-b-b----bb--b-b-m-m--b----b-b---m--m------b--m--------mmm-m--
----m-m-b-mmB-b---b-bbb-m---b----mmmm----mm-------bbbb-bb-----mm-mm--mm--m--m----m-mm------b---------m--m-mm---------bbbb----b-b-b-bb---mmm---b-b----mmm------m-------b-mmm-m--m-m-m-m----b-b-b-b----bb--b-b-m-m--b----b-b---m--m------b--m--------mmm-m--
----m-m-b-mmm-b---b-bbb-m---b----mmmm----mm-------bbbb-bb-----mm-mm--mm--m--m----m-mm------b---------m--m-mm---------bbbb----b-b-b-bb---mmm---b-b----mmm------m-------b-mmm-m--m-m-m-m----b-b-b-b----bb--b-b-m-m--b----b-b---m--m------b--m--------Mmm-m--
----m-m-b-mmm-b---b-bbb-m---b----mmmm----mm-------bbbb-bb-----mm-mm--mm--m--m----m-mm------b---------m--m-mm---------bbbb----b-b-b-bb---mmm---b-b----mmm------m-------b-mmm-m--m-m-m-m----b-b-b-b----bb--b-b-m-m--b----b-b---m--m------b--m---------mm-m--
----m-m-b-mmm-b---b-bbb-m---b----mmmm----mm-------bbbb-bb-----mm-mm--mm--m--m----m-mm------b---------m--m-mm---------bbbb----b-b-b-bb---mmm---b-b----mmm------m-------b-Mmm-m--m-m-m-m----b-b-b-b----bb--b-b-m-m--b----b-b---m--m------b--m---------mm-m--
----m-m-b-mmm-b---b-bbb-m---b----mmmm----mm-------bbbb-bb-----mm-mm--mm--m--m----m-mm------b---------m--m-mm---------bbbb----b-b-b-bb---mmm---b-b----mmm------m-------b--mm-m--m-m-m-m----b-b-b-b----bb--b-b-m-m--b----b-b---m--m------b--m---------mm-m--
----m-m-b-mmm-b---b-bbb-m---b----mmmm----mmM------bbbb-bb-----mm-mm--mm--m--m----m-mm------b---------m--m-mm---------bbbb----b-b-b-bb---mmmM--b-b----mmm------m-------b--mm-m--m-m-m-m----b-b-b-b----bb--b-b-m-m--b----b-b---m--m------b--m---------mm-m--
----m-m-b-mmm-b---B-bbb-m---b----mmmm----mmm------bbbb-bb-----mm-mm--mm--m--m----m-mm------b---------m--m-mm---------bbbb----b-b-b-bb---mmmm--b-b----mmm------m-------b--mm-m--m-m-m-m----b-b-b-b----bb--b-b-m-m--b----b-b---m--m------b--m---------mm-m--
----m-m-b-mmm-b-----bbb-m---b----mmmm----mmm------bbbb-bb-----mm-mm--mm--m--m----m-mm------b---------m--m-mm---------bbbb----b-b-b-bb---mmmm--b-b----mmm------m-------b--mm-m--m-m-m-m----b-b-b-b----bb--b-b-m-m--b----b-b---m--m------b--m---------mm-m--
----m-m-B-mmm-B-----bbb-m---b----mmmm----mmm------bbbb-bb-----mm-mm--mm--m--m----m-mm------b---------m--m-mm---------bbbb----b-b-b-bb---mmmm--b-b----mmm------m-------b--mm-m--m-m-m-m----b-b-b-b----bb--b-b-m-m--b----b-b---m--m------b--m---------mm-m--
----m-mB--mmm-------bbb-m---b----mmmm----mmm------bbbb-bb-----mm-mm--mm--m--m----m-mm------b---------m--m-mm---------bbbb----b-b-b-bb---mmmm--b-b----mmm------m-------b--mm-m--m-m-m-m----b-b-b-b---Bbb--b-b-m-m--b----b-b---m--m------B--m---------mm-m--
----m-mm--mmm-------bbb-m---b----mmmm----mmm------bbbb-bb-----mm-mm--mm--m--m----m-mm------b---------m--m-mm---------bbbb----b-b-b-bb---mmmm--b-b----mmm-M----m-------b--mm-m--m-m-m-m----b-b-b-b----bb--b-b-m-m--b----b-b---m--m---------m---------mm-m--
----m-mm--mmm-------bbb-m---b----mmmm----mMm------bbbb-bb-----mm-mm--mm--m--m----m-mm------b---------m--m-mm---------bbbb----b-b-b-bb---mmmm--b-b----mmm-m----m-------b--mm-m--m-m-m-m----b-b-b-b----bb--b-b-m-m--b----b-b---m--m---------m---------mm-m--
----m-mm--mmm-------bbb-m---b----mmmm----m-m------bbbb-bb-----mm-mm--mm--m--m----m-mm------b--B------m--m-mm---------bbbb----b-b-b-bb---mmmm--b-b----mmm-m----m-------b--mm-m--m-m-m-m----b-b-b-b----bb--b-b-m-m--b----b-b---m--m---------m---------mm-mMB
----m-mm--mmm-------bbb-m---b----mmmm----m-m------bbbb-bb-----mm-mm--mm--m--m----m-mm------b-Bb------m--m-mm---------bbbb----b-b-b-bb---mmmm--b-b----mmm-m----m-------b--mm-m--m-m-m-m----b-b-b-b----bb--b-b-m-m--b----b-b---m--m---------m---------mm-mmm
----m-mm--mmm-------bbb-m---b----mmmm----m-m------bbbb-bM-----mm-mm--mm--m--m----m-mm------b-bb------m--m-mm-------B-bbbb----b-b-b-bb---mmmm--b-b----mmm-m----m-------b--mm-m--m-m-m-m----b-b-b-b----bb--b-b-m-m--b----b-b---m--m---------m---------mm-mmm
----m-mm--mmm-------bbb-m---b----mmmm----m-m------bbbb-b------mm-mm--mm--m--m----m-mm------b-bb------m--m-mm---------bbbb----b-b-b-bb---mmmm--b-b----mmm-m----m-------b--mm-m--m-m-m-m----b-b-b-b----bb--b-b-m-m--b----b-b---m--m---------m---------mm-mmm
----m-mm--Bmm-------bbb-m---b----mmmm----m-m------bbbbMb------mm-mm--mm--m--m----m-mm------b-bb------m--m-mm---------bbbb----b-b-b-bb---mmmm--b-b----mmm-m----m-------b--mm-m--m-m-m-m----b-b-b-b----bb--b-b-m-m--b----b-b---m--m---------m---------mm-mmm
----m-mm---mm-------bbM-m---b----mmmm----m-m------bbbbbb------mm-mm--mm--m--m----m-mm------b-bb------m--m-mm---------bbbb----b-b-b-bb---mmmm--b-b----mmm-m----m-------b--mm-m--m-m-m-m----b-b-b-b----bb--b-b-m-m--b----b-b---m--m---------m---------mm-mmm
----m-mm---mm-------bb--m---b----mmmm----m-m------bbbbbb------mm-mm--mm--m--m----m-mm------b-bb------m--m-mm---------bbbb----b-b-b-bb---mmmm--b-b----mmm-m----m-M-----b--mm-m--m-m-m-m----b-b-b-b----bb--b-b-m-m--b----b-b---m--m---------m---------mm-mmm
----m-mm---Bm-------bb--m---b----mmmm----m-m------bbbbbb------mm-mm--mm--m--m----m-mm------b-bb------m--m-mm---------bbbb----b-b-b-bb---mmmm--b-b----mmm-m----m-m-----b--mm-m--m-m-m-m----b-b-b-b----bb--b-b-m-m--b----b-b---m--m---------m---------mm-mmm
----m-mm----m-------bb--m---b----mmmm----m-m------bbbbbb------mm-mm--mm--m--m----m-mm------b-bb------m--m-mm---------bbbb----b-b-b-bb---mmmm--b-b----mmm-m----m-m-----b--mm-m--m-m-m-m----b-b-b-b----bb--b-b-m-m--b----b-b---m--m---------m---------mm-mmm
----m-mm----m-------bb--m---b----mmmmB---m-m------bbbbbb------mm-mm--mm--m--m----m-mm------b-bb------m--m-mm---------bbbb----b-M-b-bb---mmmm--b-b----mmm-m----m-m-----b--mm-m--m-m-m-m----b-b-b-b----bb--b-b-m-m--b----b-b---m--m---------m---------mm-mmm
----m-mm----m----M--bb--m---b----mmmmm---m-m------bbbbbb------mm-mm--mm--m--m----m-mm------b-bb-M----m--m-mm---------bbbb----b---b-bb---mmmm--b-M----mmm-m----m-m-----b--mm-m--m-m-m-m----b-b-b-b----bb--b-b-m-m--b----b-b---m--m---------m---------mm-mmm
----m-mm----m----m--bb--m---b----mmmmm---m-m------bbbbbb------mm-mB--mm--m--m----m-mm------b-bb-m----m--m-mm---------bbbb----b---b-bb---mmmM--b------mmm-m----m-m-----b--mm-m--m-m-m-m----b-b-b-b----bb--b-b-m-m--b----b-b---m--m---------m---------mm-mmm
----m-mm----m----m--bb--m---b----mmmmm---m-m------bbbbbb------mm-m---mm--m--m----m-mm------b-bb-m----m--m-mm---------bbbb----b---b-bb---mmm---b------mmm-m--B-m-m-----b--mm-m--m-m-m-m----b-b-b-b----bb--b-b-m-m--b----b-b---m--m---------m---------mm-mmm
----m-mm----m----m--bb--m---b----mmmmm---M-m------bbbbbb------mm-m---mm--m--m----m-mm------b-bb-m----m--m-mm---------bbbb----b---b-bb---mmm---b------mmm-m--m-m-m-----b--mm-m--m-m-m-m----b-b-b-b----bb--b-b-m-m--b----b-b---m--m---------m-M-------mm-mmm
----m-mm----m----m--bb--m---b----mmmmm-----m------bbbbbb------mm-m---mm--m--m----m-mm------b-bb-m----m--m-mm---------bbbb----b---b-bb---mmm---b------mmm-mB-m-m-m-----b--mm-m--m-m-m-m----b-b-b-b----bb--b-b-m-m--M----b-b---m--m--------Mm-m-------mm-mmm
----m-mm----m----m--bb--m---b----mmmmm-----m------bbbbbb------mm-m---mm--m--m----m-mm------b-bb-m----m--m-mm---------bbbb----b---b-bb---mmm---b------mmm-m--m-m-m-----b--mm-m--m-m-m-m----b-b-b-b----Mb--b-b-m-m-------b-b---m--m--------mm-m-------mm-mmm
----m-mm----m----m--bb--m---bB---mmmmm-----m------bbbbbb------mm-m---mm--m--m----m-mm------b-bb-m----m--m-mm---------bbbb----b---b-bb---mmm---b------mmm-m--m-m-m-----b--mm-m--m-m-m-m----b-b-b-b-----b--b-b-m-m-------b-b---m--m--------mm-m-------mm-mmm
----m-mm----mM---m--bb-Mm---bb---mmmmm-----m------bbbbbb------mm-m---mm--m--m----m-mm------b-bb-m----m--m-mm---------bbbb----b---b-bb---mmm---b------mmm-m--m-m-m-----b--mm-m--m-m-m-m----b-b-b-b-----b--b-b-m-m-------b-b---m--m--------mm-m-------mm-mmm
----m-mB----mm---m--bb-mm---bb---mmmmm-----m------bbbbbb------mm-m---mm--m--m----m-mm------b-bb-m----m--m-mm---------bbbb----bB--b-bb---mmm---b------mmm-m--m-m-m-----b--mm-m--m-m-m-m----b-b-b-b-----b--b-b-m-m-------b-b---m--m--------mm-m-------mm-mmm
-M--m-m-----mm---m--bb-mm---bb---mmmmm-----m------bbbbbb----M-mm-m---mm--m--m----m-mm------b-bb-m----m--m-mm---------bbbb----bb--b-bb---mmm---b------mmm-m--m-m-m-----b--mm-m--m-m-m-m----b-b-b-b-----b--b-b-m-m-------b-b---B--m--------mm-m-------mm-mmm
-m--m-m-----mm---m--bb-Mm---bb---mmmmm-----m------bbbbbb----m-mm-m---mm--m--m----m-mB------b-bb-m----m--m-mm---------bbbb----bb--b-bb---mmm---b------mmm-m--m-m-m-----b--mm-m--m-m-m-m----b-b-b-b-----b--b-b-m-m-------b-b------m--------mm-m-------mM-mmm
-m--m-m-----mm---m--bb--m---bB---mmmmm-----m------bbbbbb----m-mm-m---mm--m--m----m-m-------b-bb-m----m--m-mm-B-------bbbb----bb--b-bb---mmm---b------mmm-m--m-m-m-----b--mm-m--m-m-m-m----b-b-b-b-----b--b-b-m-m-------b-b------m--------mm-m-------m--mmm
-m--m-m-----mm---m--bb--m---b----mmmmm-----m------bMbbbb----m-mm-m---mm--m--m----m-m-------b-bb-m----m--m-mm-b-------bbbb----bb--b-bb---mmm---b------mmm-m--m-m-m-----b--mm-m--m-m-m-m----b-b-b-b-----b--b-b-m-m-------b-b------m--------mm-m-------m--mmm
-m--m-m-----mm---m--bb--m---b----mmmmm-----m----B-b-bbbb----m-mm-m---mm--m--m----m-m-------b-bb-m----m--m-mm-b-------bbbb----bb--b-bb---mmm---b------mmm-m--mBm-m-----b--mm-m--m-m-m-m----b-b-b-b-----b--b-b-m-m-------b-b------m--------mm-m-------m--mmm
-m--m-m-----mm---m--bb--m---b----mmmmm-----m----b-b-bbbb----m-mm-m---mm--m--m----m-m-------b-bb-m----m--m-mm-b-------bbbb----bb--b-bb---mmm---b------mmm-m--mmm-m-----b--mm-m--m-m-m-m----b-b-b-b-----b--b-b-m-m-------b-b------m--------mm-m-------m--mmm
-m--m-m-----mm---m--bb--m---b----mmmmm-----m----b-b-bbbb----m-mm-m---mm--m--m----m-m-------b-bb-m----m--m-mm-b-------bbbb----bb--b-bb---mmm---b------mmm-m--mmm-m-----b--mm-m--m-m-m-m----b-b-b-b-----b--b-b-m-m-------b-b------m----B---mm-m-------m--mmm
-m--m-m-----mm---m--bb--m---b----mmmmm-----m----b-b-bbbb----m-mm-m---mm--m--m----mMm-------b-bb-m----m--m-mB-b-------bbbb----bb--b-bb---mmm---b------mmm-m--mmm-m-----b--mm-m--m-m-m-m----b-b-b-b-----b--b-b-m-m-------b-b------m----b---mm-m-------m--mmm
-m--m-m-----mm---m--bb--m---b----mmmmm-----m----b-b-bbbb----m-mm-m---mm--m--m----m-m-------b-bb-m----m--m-m--b-------bbbb----bb--b-bb---mmm---b------mmm-m--mmm-B-----b--mm-m--m-m-m-m----b-b-b-b-----b--b-b-m-m-------b-b------m----b---mm-mB------m--mmm
-m--m-m-----mm---m--bb--m---b----mmmmm-----m----b-b-bbbb----m-mm-m---mm--m--m----m-m-------b-bb-m----m--m-m--b----B--bbbb----bb--b-bb---mmm---b------mmm-m-Mmmm-------b--mm-m--m-m-m-m----b-b-b-b-----b--b-b-m-m-------b-b------m----b---mm-mm------m--mmm
-m--m-m-----mm---m--bb--m---b----mmmmm-----m----b-b-bbbb----m-mm-m---mm--m--m----M-m-------b-bb-m----m--m-m--b----b--bbbb----bb--b-bb---mmm---b------mmm-m-mmmm-------b--mm-m--m-m-m-m----b-b-b-b-----b--b-b-m-m-------b-b------m----b---mm-mm------m--mmm
-m--m-m-----mm---m--bb--m---b----mBmmm-----m----b-b-bbbb----m-mm-m---mm--m--m------m-------b-bb-m----m--m-m--b----b--bbbb----bb--b-bb---mmm---b------mmm-m-mmmm-------b--mm-m--m-m-m-m----b-b-b-b-----b--b-b-m-m-------b-b------m----b---mm-mm------m--mmm
-m--m-m-----mm---m--bb--m---b----m-mmm-----mB---b-b-bbbb----m-mm-m---mm--m--m------m-------b-bM-m----m--m-m--b----b--bbbb----bb--b-bb---mmm---b------mmm-m-mmmm-------b--mm-m--m-m-m-m----b-b-b-b-----b--b-b-m-m-------b-b----B-m----b---mm-mm------m--mmm
-m--m-m-----mm---m--bb--m---b----m-mmm-----mm---b-b-bbbb----m-mm-m---mm--m--m------m-------b-b--m----m--m-m--b----b--bbbb----bb--b-bb---mmm---b------mmm-m-mmmm-------b--mm-m--m-m-m-m----b-b-b-b-----b--b-b-m-m-------b-b----b-m----b---mm-mm------m--mmm
-m--m-m-----mm---m--bb--m---b----m-mmm-----mm---b-b-bbbb----m-mm-m---mm--m--m------m-------b-b--m----m--m-m--b----b--bbbb----bb--b-bb---mmm---b------mmm-m-mmmm-------b--mm-m--m-m-m-m----b-b-b-b-----b--b-b-m-m-------b-b----b-m----b---mm-mm------m--mmm
-m--mBm-----mm---m--bb--m---b----m-mmm-----mm---b-b-bbbb----m-mm-m---mm--m--m------m-------b-b--m----m--m-m--b----b--bbbb----bb--b-bb---mmm---b------mmm-m-mmmm-------b--mm-m--m-m-m-m----b-b-b-b-----b--b-b-m-m-------b-b----b-m----b---mm-mm------m--mmm
-m--mmm-----mm---m--bb--m---b----m-mmm-----mm---b-b-bbbb----m-mm-m---mm--m--m------m-------b-b--m----m--m-m--b----b--bbbb----bb--b-bb---mmm---b------mmm-m-mmmm-------b--mm-m--m-m-m-m----b-b-b-b-----b--b-b-m-m-------b-b----b-m----b---mm-mm------m--mmm
-m--mmm-----mm---m--bb--m---b----m-mmm-----mm---b-b-bbbb----m-Mm-m---mm--m--m------m-------b-b--m----m--m-m-Mb----b--bbbb----bb--b-bb---mmm---b------mmm-m-mmmm-------b--mm-m--m-m-m-m----b-b-b-b-----b--b-b-m-m-------b-b----b-m----b---mm-mm------m--mmm
-m--mmm-----mm---m--bb--m---b----m-mmm-----mm---b-b-bbbb----m--m-m---mm--m--m------m-------b-b--m----m--m-m-bb----b--bbbb----bb--b-bb---mmm---b------mmm-m-mmmm-------b--mm-m--m-m-m-mB---b-b-b-bM----b--b-b-m-m-------b-b----b-m----b---mm-mm------m--mmm
-m--mmm-----mm---m--bb--m---b----m-mmm-----mm---b-b-bbbb----m--m-m---mm--m--m------m-------b-b--m-B--m--m-m-bb----b--bbbb----bb--b-bb---mmm---b------mmm-m-mmmm-------b--mm-m--m-m-m-mm---b-b-b-bb----b--b-b-m-m-------b-b----b-m----b---mm-mm------m--mmm
-m--mmm-----mm---m--bb--m---b----m-mmm-----mm---b-b-bbbb----m--m-m---mm--m--m------m-------b-b--m----m--m-m-bb----b--bbbb----bb--b-bb---mmm---b------mmm-m-mmmm-------b--mm-m--m-m-m-mm---b-b-b-bb----b--b-b-m-m-------b-b----b-m----b---mm-mm------m--mmm
-m--mmm-----mm---m--bb--m---b----m-mmm-----mm---b-b-bbbb----m--m-m-M-mm--m--m------m-------b-b--m----m--m-m-bb----b--bbbb----bb--b-bb---mmm---b------mmm-m-mmmm-------b--mm-m--m-m-m-mm---b-b-b-bb----b--b-b-m-m-------b-b----b-m----b---mm-mm------m--mmm
-m--mmm-----mm---m--bb--m---b----m-mmm-----mm---b-b-bbbb----m--m-m-m-mm--m--m------m-------b-b--m----m--m-m-bb----b--bbbb----bb--b-bb---mmm---b------mmm-m-mmmm-------b--mm-m--m-m-m-mm---b-b-b-bb----b--b-b-m-m-------b-b----b-m----b---mm-mm------m--Bmm
-m--mmm-----mm---m--bb--m---b----m-mmm-----mm---b-b-bbbb----m--m-m-m-mm--m--m------m-------b-b--m----m--m-m-bb----b--bbbb----bb--b-bb---mmm---b------mmm-m-mmmm-------b--mm-m--m-m-m-mm---b-b-b-bb----b--b-b-m-m-------b-b----b-m----b---mm-mm------m---mm
-m--mmm-----mm---m--bb--m---b----m-mmm-----mm---b-b-bbbb----m--m-m-m-mm--m--m------m-------b-b--m----m--m-m-bb----b--bbbb----bb--b-bb---mmm---b------mmm-m-mmmm-------b--mm-m--m-m-m-mm---b-b-b-bb----b--b-b-m-m-------b-b----b-m----b---mm-mm------m---mm
-m--mmm-----mm---m--bb--m---b----m-mmm-----mm---b-b-bbbb----m--m-m-m-mm--m--m-M----m-----M-b-b--m----m--m-m-bb----b--bbbb----bb--b-bb---mmm---b------mmm-m-mmmm-------b--mm-m--m-m-m-mm---b-b-b-bb----b--b-b-m-m-------b-b----b-m----b---mm-mm------m---mm
-m--mmm-----mm---m--bb--m---b----m-mmm-----mm---b-b-bbbb----m--m-m-m-mm--m--m-m----m-----m-b-b--m----m--m-m-bb----b--bbbb----bb--b-bb---mmm---b------mmm-m-mmmm-------b--mm-m--m-m-m-mm---b-b-b-bb----b--b-b-m-m-------b-b----b-m----b---mm-mm------m---mm
-m--mmm-----mm---m--bb--m---b----m-mmm-----mm---b-b-bbbb----m--m-m-m-mm--m--m-m----m-----m-b-b--m----m--m-m-bb----b--bbbb----bb--b-bb---mmm---b------mmm-m-mmmm-------b--mm-m--m-m-m-mm---b-b-b-bb----b--b-b-m-m-------b-b----b-m----b---mm-mm------m---mB
-m--mmm-----mm---m--bb--m---b----m-mmm-----mm---b-b-bbbb----m--m-m-m-mm--m--m-m----m-----m-b-b--m----m--m-m-bb----b--bbbb----bb--b-bb---mmm---b------mmm-m-mmmm-------b--mm-m--m-m-m-mm---b-b-b-bb----b--b-b-m-m-------b-b----b-m---Bb---mm-mm------m---m-
-m--mmm-----mm---m--bb--m---b----m-mmm-----mm---b-b-bbbb----m--m-m-m-mm--m--m-m----m-----m-b-b--m----m--m-m-bb----b--bbbb----bM--b-bb---mmm---b------mmm-m-mmmm-------b--mm-m--m-m-m-mm---b-b-b-bb----b--b-b-m-m-------b-b----b-m----b---mm-mm------m---m-
-m--mmm-----mm---m--bb--m---b----m-mmm-----mm---b-b-bbbb----m--m-m-m-mm--m--m-m----m-----m-b-b--m----m--m-m-bb----b--bbbb----b---b-bb---mMm---b------mmm-m-mmmm-------b--mm-m--m-m-m-mm---b-b-b-bb----b--b-b-m-m-------b-b----b-m----b---mm-mm------m---m-
-m--mmm-----mm---m--bb--m---b----m-mmm-----mm---b-b-bbbb----m--m-m-m-mm--m--m-m----m-----m-b-b--m----m--m-m-bb----b--bbbb----b---b-bb---m-m---b------mmm-m-mmmm-------b--mm-m--m-m-m-mm---b-b-b-bb-M--b--b-b-m-m-------b-b----b-m----b---mm-mm------m---m-
-m--mmm-----mm---m--bb--m---b----m-mmm-----mm---b-b-bbbb----m--m-m-m-mm--m--m-m----m-----m-b-b--m----m--m-m-bb----b--bbbb----b---b-bb---m-m---b------mmm-m-mmmm-------b--mm-m--m-m-m-mm---b-b-b-bb-m--b--b-b-m-m-------b-b----b-m----b---mm-mm------m---m-
-m--mmm-----mm---m--bb--m---b----m-mmm-----mm---b-b-bbbb----m--m-m-m-mm--m--m-m----m-----m-b-b--m----m--m-m-bb----b--bbbb----b---b-bb---m-m---bB-----mmm-m-mmmm-------b--mm-m--m-m-m-mm---b-b-b-bb-m--b--b-B-m-m-------b-b--M-b-m----b---mm-mm------m---m-
-m--mmm-----mm---m--bb--m---b----m-mmm-----mm---b-b-bbbb----m--m-m-m-mm--m--m-m----m-----m-b-b--m----m--m-m-bb----b--bbbb----b---b-bb---m-m---Bb-----mmm-m-mmmm-------b--mm-m--m-m-m-mm---b-b-b-bb-m--b--b---m-m-------b-b--m-b-m----b---mm-mm------m---m-
-m--mmm-----mm---m--bb--m---b----m-mmm-----mm---b-b-bbbb----m--m-m-m-mm--m--m-m----m-----m-b-b--m----m--m-m-bb----b--bbbb----b---b-bb---m-m----b-----mmm-m-mmmm-------b--mm-m--m-m-m-mm---b-b-b-bb-m--b--b---m-m-------b-b--m-b-m----b---mm-mm------m---m-
-m--mmm-----mm---m--bb--m---b----m-mmm-----mm---b-b-bbbb----m--m-m-m-mm--m--m-m----m-----m-b-b--m----m--m-m-bb----b--bbbb----b---b-bb---m-m----b-----mmm-m-mmmm-------b--mm-m--m-m-m-mm---b-b-b-bb-m--b--b---m-m-------b-b--m-b-m----b---mm-mm------m---m-
-m--mmm-----mm---m--bb--m---b----m-mmm-----mm---b-b-bbbb----m--m-m-m-mm--m--m-m----m-----m-b-b--m----m--m-m-bb----b--bbbb----b---b-bb---m-m----b-----mmm-m-mmmm-------b--mm-m--m-m-m-mm---b-b-b-bb-m--b--b---m-m-------b-b--m-b-m----b---mm-mm------m---m-
-m--mmm-----mm---m--bb--m---b----m-mmm--B--mm---b-b-bbbb----m--m-m-m-mm--m--m-m----m-----m-b-b--m----m--mBm-bb----b--bbbb---Bb---b-bb---m-m----b-----mmm-m-mmmm-------b--mm-m--m-m-m-mm---b-b-b-bb-m--b--b---m-m-------b-b--m-b-m----b---mm-mm------m---m-
-m--mmm-----mm---m--bb--m---b----m-mmm--m--mm---b-b-bbbb----m--m-m-m-mm--m--m-m----m-----m-b-b--m----m--mmm-bb----b--bbbb---bb---b-bb---m-m----M-----mmm-m-mmmm-------b--mm-m--m-m-m-mm---b-b-b-bb-m--b--b---m-m-------b-b--m-b-m----b---mm-mm------m---m-
-m--mmm-----mm---m--bb--m---b----m-mmm--m--mm---b-b-bbbb----m--m-m-m-mm--m--m-m----m-----m-b-b--m----m--mmm-bb----b--bbbb---bb---b-bb---m-m----------mmm-m-mmmm-------b--mm-m--m-m-m-mm---b-b-b-bb-m--b--b---m-m-------b-b--m-b-m----b---mm-mm------m---m-
-m--mmm-----mm---m--bb--m---b----m-mmm--m--mm---b-b-bbbb----m--m-m-m-mm--m--m-m----m-----m-b-b--m----m--mmm-bb----b--bbbb---bb---b-bb---m-m----------mmm-m-mmmm-------b--mm-m--m-m-m-mm---b-b-b-bb-m--b--b---m-m-------b-b--m-b-m----b---mm-mm------m---m-
-m--mmm-----mm---m--bb--m---b----m-mmm--m--mm---b-b-bbbb----m--m-m-m-mM--m--m-m----m-----m-b-b--m----m--mmm-bb----b--bbbb---bb---b-bb---m-m----------mmm-m-mmmm-------b--mm-m--m-m-m-mm---b-b-b-bb-m--b--b---m-m-------b-b--m-b-m----b---mm-mm------m---m-
-m--mmm-----mm---m--bb--m---b----m-mmm--m--mm---b-b-bbbb----m--m-m-m-m---m--m-m----m-----m-b-b--m----m--mmm-bb----b--bbbb---bb---b-bb---m-m----------mmm-m-mmmm-------b--mm-m--m-m-m-mm---b-b-b-bb-m--b--b---m-m-------b-b--m-b-m----b---mm-mm------m---m-
-m--mmm-----mm---m--bb--m---b----m-mmm--m--mm---b-b-bbbb----m--m-m-m-m---m--m-m----m-----m-b-b--m----m--mmm-bb----b--bbbb---bb---b-bb---m-m----------mmm-m-mmmm-------b--mm-m--m-m-m-mm---b-b-b-bb-m--b--b---m-m-------b-b--m-b-m----b---mm-mm------m---m-
-m--mmm-----mm---m--bb--m---b----m-mmm--m--mm---b-b-bbbb----m--m-m-m-m---m--m-m----m-----m-b-b--m----m--mmm-bb----b--bbbb---bb---b-bb---m-m----------mmm-m-mmmm-------b--mm-m--m-m-m-mm---b-b-b-bb-m--b--b---m-m-------b-b--m-b-m----b---mm-mm------m---m-
-m--mmm-----mm---m--bb--m---b----m-mmm--m--mm---b-b-bbbb----m--m-m-m-m---m--m-m----m-----m-b-b--m----m--mmm-bM----b--bbbb---bb---b-bb---m-m----------mmm-m-mmmm-------b--mm-m--m-m-m-mm---b-b-b-bb-m--b--b---m-m-------b-b--m-b-m----b---mm-mm------m---m-
-m--mmm-----mm---m--bb--m---b----m-mmm--m--mm---b-b-bbbM----m--m-m-m-m---m--m-m----m----Bm-b-b--m----m--mmm-b-----b--bbbb---bb---b-bb---m-m----------mmm-m-mmmm---B---b--mm-m--m-m-m-mm---b-b-b-bb-m--b--b---m-m-------b-b--m-b-m----b---mm-mm------m---m-
-m--mmm-----mm---m--bb--m---b----m-mmm--m--mm---b-b-bbb-----m--m-m-m-m---m--m-m----m----mm-b-b--m----m--mmm-b-----b--bbbb---bb---b-bb---m-m----------mmm-m-mmmm---b---b--Bm-m--m-m-m-mm---b-b-b-bb-m--b--b---m-mB------b-bB-m-b-m----b---mm-mm------m---m-
-m--mmm-----mm---m--bb--m---b----m-mmm--m--mm---b-b-bbb-----m--m-m-m-m---m--m-m----m----mm-b-b--m----m--mmm-b-----b--bbbb---bb---b-bb---m-m----------mmm-m-mmmm---b---bB--m-m--m-mMm-mm---b-bBb-bb-m--b--b---m-mm------b-bb-m-b-m----b---mm-mm------m---m-
-m--mmm-----mm---m--bb--m---b----m-mmm--m--mM---b-b-bbb-----m--m-m-m-m---m--m-m----m----mm-b-b--m----m--mmm-b-----b--bbbb---bb---b-bb---m-m----------mmm-m-mmmm---b---bb--m-m--m-mmm-mm---b-bbb-bb-m--b--b---m-mm------b-bb-m-b-m----b---mm-mm------m---m-
-m--mmm-----mm---m--bb--m---b----m-mmm--m--m----b-b-bbb-----m--m-m-m-m---m--m-m----m----mm-b-b--m----m--mmm-b-----b--bbbb---bb---b-bb---m-m----------mmm-m-mmmm---b---bb--m-m--m-mmm-mm---b-bbb-bb-m--b--b---m-mm------b-bb-m-b-m----b---mm-mm------m---m-
-m--mmm-----mm---m--bb--m---b----m-mmm--m--m----b-b-bbb-----m--m-m-m-m---m--m-m----m----mm-b-b--m----m--mmm-b-----b--bbbb---bb---b-bb---m-m----------mmm-m-mmmm---b---bb--m-m--m-mmm-mm---b-bbb-bb-m--b--b---m-mm------b-bb-m-b-m----b---mm-mm------m---m-
-m--mmm-----mm---m--bb--m---b----m-mmm--m--m----b-b-bbb-----m--m-m-m-m---m--m-m----m----mm-b-b--m----m--mmm-b-----b--bbbb---bb---b-bb---m-m----------mmm-m-mmmm---b---bb--m-m--m-mmm-mm---b-bbb-bb-m--b--b---m-mm------b-bb-m-b-m----b---mm-mm------m---m-
-m--mmm--B--mm---m--bb--m---b----m-mmm--m--m----b-b-bbb-----m--m-m-m-m---m--m-m----m----mm-b-b--m----m--mmm-b-----b--bbbb---bb---b-bb---m-m------B---mmm-m-mmmm---b---bb--m-m--m-mmm-mm---b-bbb-bb-m--b--b---m-mm------b-bb-m-b-m----b---mm-mm------m---m-
-m--mMm--b--mm---m--bb--m---b----m-mmm--m--m----b-b-bbb-----m--m-m-m-m---m--m-m----m----mm-b-b--m----m--mmm-b-----b--bbbb---bb---b-bb---m-m------b---mmm-m-mmmm---b---bb--m-m--m-mmm-mm---b-bbb-bb-m--b--b---m-mm------b-bb-m-b-mM---b---mm-mm------m---m-
-m--m-m--b--mm---m--bb--m---b----m-mmm--m--m----b-b-bbb-----m--m-m-m-m---m--m-m----m----mB-b-b--m----m--mmm-b-----b--bbbb---bb---b-bb---m-m------b---mmm-m-mmmm---b---bb--m-m--m-mmm-mm---b-bbb-bb-m--b--b---m-mm------b-bb-m-b-m----b---mm-mm------m---m-
-m--m-m--b--mm---m--bb--m---M----m-mmm--m--m----b-b-bbb-----m--m-m-m-m---m--m-m----m----m--b-b--m----m--mmm-b-----b--bbbb---bb---b-bb---m-m------b---mmm-m-mmmm---b---bb--m-m--m-mmm-mm---b-bbb-bb-m--b--b---m-mm------b-bb-m-b-m----b---mm-mm------m---m-
-m--m-m--b--mm---m--bb--mB-------m-mmm--m--m----b-b-bbb-----m--m-m-m-m---m--m-m----m----m--b-b--m----m--mmm-b-----b--bbbb---bb---b-bb---m-m--M---b---mmm-m-mmmm---b---bb--m-m--m-mmm-mm---b-bbb-bb-m--b--b---m-mm------b-bb-m-b-m----b---mm-mm------m---m-
-m--m-m--b--mm---m--bb--mM-------m-mmm--m--m----b-b-bbb-----m--m-m-m-m---m--m-m----m----m--b-b--m----m--mmM-b-----b--bbbb---bb---b-bb---m-m--m---b---mmm-m-mmmm---b---bb--m-m--m-mmm-mm---b-bbb-bb-m--b--b---m-mm------b-bb-m-b-m----b---mm-mm------m---m-
-m--m-m--b--mm---m--bb--m--------m-mmm--m--m----b-b-bbb-----m--m-m-m-m---m--m-m----m----m--b-b--m----m--mm--b-----b--bbbb---bb---b-bb---m-m--m---b---mmm-m-mmmm---b---bb--m-m--m-mmm-mm---b-bbb-bb-m--b--b---m-mm------b-bb-m-b-m----b---mm-mm------m---m-
-m--m-m--b--mm---m--bb--m--------m-mMm--m--m----b-b-bbb-----m--m-m-m-m---m--m-m----m----m--b-b--m----m--mm--b-----b--bbbb---bb---b-bb---m-m--m---b---mmm-m-mmmm---b---bb--m-m--m-mmm-mm---b-bbb-bb-m--b--b---m-mm------b-bb-m-b-m----b---mm-mm---M--m---m-
-m--m-m--b--mm---m--bb--m--------m-m-m--m--m----b-b-bbb-----m--m-m-m-m---m--m-m----m----m--b-b--m----m--mm--b-----b--bbbb---bb---b-bb---m-m--m---bM--mmm-m-mmmm---b---bb--m-m--m-mmm-mm---b-bbb-bb-m--b--b---m-mmB-----b-bb-m-b-m----b---mm-mm---m--m---m-
-m--m-m--b--mm---m--bb--m--------m-m-m--m--m----b-b-bbb-----m--m-m-m-m---m--m-m----m-M--m--b-b--m----m--mm--b-----b--bbbb---bb---b-bb---m-m--m---bb--mmm-m-mmmm---b---bb--m-m--m-mmm-mm---b-bbb-bb-m--b--b---m-mmm-----b-bb-m-b-m----b---mm-mm---m--m---m-
-m--m-m--b--mm---m--bb--m--------m-m-m--m--m----b-b-bbb-----m--m-m-m-m---m--m-m----m-m--m--b-b--m----m--mm--b-----b--bbbb---bb---b-bb---m-m--m---bb--mmm-m-mmmm---b---bb--m-m--m-mmm-mm---b-bbb-bb-m--b--b---m-mmm-----b-bb-m-b-m----b---mm-mm---m--m---m-
-m--m-m--b--mm---m--bb--m--------B-m-m--m--m----b-b-bbb-----m--m-m-m-m---m--m-m----m-m--m--b-b--m----m--mm--b-----b--bbbb---bb---b-bb---m-m--m---bb--mmm-m-mmmm---b---bb--m-m--m-mmm-mm---b-bbb-bb-m--b--b---m-mmm-----b-bb-m-b-m----b---mm-mm---m--m---m-
-m--m-m--b--mm---m--bb--m----------m-m--m--m----b-b-bbb-----m--m-m-m-m---m--m-m----m-m--m--b-b--m----m--mm--b-----b--bbbb---bb---b-bb---m-m--m---bbB-mmm-m-mmmm---b---bb--m-m--m-mmm-mm---b-bbb-bb-m--b--b---m-mmm-----b-bb-m-b-m----b---mm-mm---m--m---m-
-m--m-m--b--mm---m--bb--m----------m-m--m--m----b-b-bbb-----m--m-m-m-m---m--m-m----m-m--m--b-b--m----m--mm--b-----b--bbbb---bb---b-bb---m-m--m---bbb-mmm-m-mmmm---b---bb--m-m--m-mmm-mm---b-bbb-bb-m--b--b---m-mmm-----b-bb-m-b-m----b---mm-mm---m--m---m-
-m--m-m--b--mm---m--bb--m----------m-m--m--m----b-b-bbb-----m--m-m-m-m---m--m-m----m-m--m--b-b--m----m--mm--b-----b--bbbb---bb---b-bb---m-m--m---bbb-mmm-m-mmmm---b---bb--m-m--m-mmm-mB---b-bbb-bM-m--b--b---m-mmm-----b-bb-m-b-m----b---mm-mm---m--m---m-
-m--m-m--b--mm---m--bb--m----------m-m--m--m----b-b-bbb-----m--m-m-m-m---m--m-m----m-m--m--b-b--m----m--mm--b-----b--bbbb---bb---b-bb---m-m--m---bbb-mmm-m-mmmm---b---bb--m-m--m-mmm-m----b-bbb-b--m--b--b---m-mmm-----b-bb-m-b-m----b---mm-mm---m--m---m-
-m--m-m--b--mm---m--bb--m----------m-m--m--m----b-b-bbb-----m--m-m-m-m---m--mBm----m-m--m--b-b--m----m--mm--b-----b--bbbb---bb---b-bb---m-m--m---bbb-mmm-m-mmmm---b---bb--m-m-Mm-mmm-m---Bb-bbb-b--m--b--b---m-mmm-----b-bb-m-b-m----b---mm-mm---m--m---m-
-m--m-m--b--mm---m--bb--m----------m-m--m--m----b-b-bbb-----m--m-m-m-m---m--mmm----m-m--m--b-b--m----m--mm--b-----b--bbbb---bb---b-bb---m-m--m---bbb-mmm-m-mmmB---b---bb--m-m-mm-mmm-m---bb-bbb-b--m--b--b---m-mmm-----b-bb-m-b-m----b---mm-mm---m--m---m-
-m--m-m--b--mm---m--bb--m----------m-m--m--m----b-b-bbb-----m--m-m-m-m---m--mmm----m-m--m--b-b--m----m--mm--b-----b--bbbb---bb---b-bb---m-m--m---bbb-mmm-m-mmm----b---bb--m-m-mm-mmm-m---bb-bbb-b--m--b--b---m-mmm-----b-bb-m-b-m----b---mm-mm---m--m---m-
-m--B-m--b--mm---m--bb--m----------m-m-Bm--m----b-b-bbb-----m--m-m-m-m---m-Mmmm----m-M--m--b-b--m----m--mm--b-----b--bbbb---bb---b-bb---m-m--m---bbb-mmm-m-mmm----b---bb--m-m-mm-mmm-m---bb-bbb-b--m--b--b---m-mmm-----b-bb-m-b-m----b---mm-mm---m--m---m-
-m----m--b--mm---m--bb--m----------m-m-mm--m----b-b-bbb-----m--m-m-m-m---m-mmmm----m----m--b-b--m----m--mm--b-----b--bbbb---bb---b-bb---m-m--m---bbb-mmm-m-mmm----b---bb--m-m-mm-mmm-m---bb-bbb-b--m--b--b---m-mmm-----b-bb-m-b-m----b---mm-mm---m--m---m-
-m----m--b--mm---m--bb--m----------m-m-mm--m----b-b-bbb-----m--m-m-m-m---m-mmmm----m----m--b-b--M----m--mm--b-----b--bbbb---bb---b-bb---m-m--m---bbb-mmm-m-mmm----b---bb--m-m-mm-mmm-m---bb-bbb-b--m--b--b---m-mmm-----b-bb-m-b-m----b---mm-mm---m--m---m-
-m----m--b--mm---m--bb--m----------m-m-mm--m----b-b-bbb-----m--m-m-m-m---m-mmmm----m----m--b-b-------m--mm--b-----b--bbbbM--bb---b-bb---m-m--m---bbb-mmm-m-mmm----b---bb--m-m-mm-mmm-m---bb-bbb-b--m--b--b---m-mmm-----b-bb-m-b-m----b---mm-mm---m--m---m-
-m----m--b--mm---m--bb--m----------m-m-mm--m----b-b-bbb-----m--m-m-m-m---m-mmmm----m----m--b-b-------m--mm--b-----b--bbbbb--bb---b-bb---m-m--m---bbb-mmm-m-mmm----b---bb--m-m-mm-mmm-m---bb-bbb-b--m--b--b---m-mmm-----b-bb-m-b-m----b---mm-mm---m--m---m-
-m----m--b--mm---m--bb--m-----B----m-m-mm--m----b-b-bbb----Mm--m-m-m-m---m-mmmm----m----m--b-b-------m--mm--b-----b--bbbbb--bb---b-bb---m-m--m---bbb-mmm-m-mmm----b--Bbb--m-m-mm-mmm-m---bb-bbb-b--m--b--b---m-mmm-----b-bb-m-b-m----b---mm-mm---m--m---m-
-m----m--b--mm---m--bb--m--B--b----m-m-mm--m----b-b-bbb----mm--m-m-m-m---m-mmmm----m----m--b-b-------m--mm--b-----b--bbbbb--bb---b-bb---m-m--m---bbb-Mmm-m-mmm----b---bb--m-m-mm-mmm-m---bb-bbb-b--m--b--bB--m-mmm-----b-bb-m-b-m----b---mm-mm---m--m---m-
-m----m--b--mm---m--bb--m--b--b----m-mMmm--m----b-b-bbb----mm--m-m-m-m---m-mmmm----m----m--b-b-------m--mm--b-----b--bbbbb--bb---b-bb---m-m--m---bbb--mm-m-mmm----b---bb--m-m-mm-mmm-m---bb-bbb-b--m--b--bb--m-mmm-----b-bb-m-b-m----b---mm-mm---m--m---m-
-m----m--b--mm---m--bb--m--b--b----m-mmmm--m----b-b-bbb----mm--m-m-m-m---m-mmmm----m----m--b-b-------m--mm--b--B--b--bbbbb--bb---b-bb---m-m--m---bbb--mm-m-mmm----b---bb--m-m-mm-mmm-m---bb-bbb-b--m--b--bb--m-mmm-----b-bb-m-b-m----b---mm-mm---m--m---m-
-m----m--b--mm---m--bb--m--b--b----m-mmmm--m----b-b-bbb----mm--m-m-m-m---m-mmmm----m----m--b-b-------m--mm--b--b--b--bbbbb--bb---b-bb---m-m--m---bbb--mm-m-mmm----b---bb--m-m-mm-mmm-m---bb-bbb-b--m--b--bb--m-mmm-M---b-bb-m-b-m----b---mm-mm---m--m---m-
-m----m--b--mm---m--bb--m--b--b----m-mmmm--m----b-b-bbb--B-mm--m-m-m-m---m-mmmm----m----m--b-b-------M--mm--b--b--b--bbbbb--bb---b-bb---m-m--m---bbb--mm-m-mmm----b---bb--m-m-mm-mmm-m---bb-bbb-b--m--b--bb--m-mmm-m---b-bb-m-b-m----b---mm-mm---m--m---m-
-m----m--b--mm---m--bb--m--b--bB---m-mmmm--m----b-b-bbb----mm--m-m-m-m---m-mmmm----m----m--b-b-B--------mm--b--b--b--bbbbb--bb---b-bb---m-m--m---bbb--mm-m-mmB----b---bb--M-m-mm-mmm-m---bb-bbb-b--m--b--bb--m-mmm-m---b-bb-m-b-m----b---mm-mm---m--m---m-
-m----m--b--mm---m--bb--m--b--bb---m-mmmm--m----b-b-bbb----mm--m-m-m-m---m-mmmm----m----m--b-b-b--------mm--b--b--b--bbbbb--bb---b-bb---m-m--m---bbbB-mm-m-mm-----b---bb----m-mm-mmm-m---bb-bbb-b--m--b--bb--m-mmm-m---b-bb-m-b-m----b---mm-mm---m--m---m-
-m----m--b--mm---m--bb--m--b--bb---m-mmmm--m----b-b-bbb----mm--m-m-m-m---m-mmmm----m----m--b-b-b--------mm--b--b--b--bbbbb--bb---b-bb---m-m--B---bbb--mm-m-mm-----b---bb----m-mm-mmm-m---bb-bbb-b--m--b--bb--m-mmm-m---b-bb-m-b-m----b---mm-mm---m--m---m-
-m----m--b--mm---m--bb--m--b--bb---m-mmmm--m----b-b-bbb----mm--m-m-m-m---m-mmmm----m----m--b-b-b--------mm--b--b--b--bbbbb--bb---b-bb--Mm-m------bbb--mm-m-mm-----b---bb----m-mm-mmm-m---bb-bbb-b--m--b--bb--m-mmm-m---b-bb-m-b-m----b---mm-mm---m--m---m-
-m----m--b--mm---m--bb--m--b--bb---m-mmmm--m----b-b-bbb----mm--m-m-m-m---m-mmmm----m----m--b-b-b--------mm--b--b--b--bbbbb--bb---b-bb--mm-m------bbb--mm-m-mm-----b---bb----m-mm-mmm-m---bb-bbb-b--m--b--bb--m-mmm-m---b-bb-m-b-m----b---mm-mm---m--m---m-
-m----m--b--mm---m--bb--m--b--bb---m-mmmm--m----b-b-bbb----mm--m-m-m-m---m-mmmm----m----m--b-b-b--------mm--b--b--b--bbbbb--bb---b-bb--mm-m------bbb--mm-m-mm-----b---bb----m-mm-mmm-m---bb-bbb-b--m--bB-bb--m-mmm-m---b-bb-m-b-m----b---mm-mm---m--m---m-
-m----m--b--mm---m--bb--m--b--bb---m-mmmm--m----b-b-bbb----mm--m-m-m-m---m-mmmm----m----m--b-b-b--------mm--b--b--b--bbbbb--bb---b-bb--mm-m------bbb--mm-m-mm-----b---bb----m-mm-mmm-m---bb-bbb-b--m--bb-bb--m-mmm-m---b-bb-m-b-m----b---mm-mm---m--m---m-
-m----m--b--mm---m--bb--m--b--bb---m-mmmm--m----b-b-bbb----mm--m-m-m-m---m-mmmm----m----m--b-b-b--------mm--b--b--b--bbbbb--bb---b-bb--mm-m------bbb--mm-m-mm-----b---bb----m-mm-mmm-m---bb-bbb-b--m--bb-bb--m-mmm-m---b-bb-m-b-m----b---mm-mm---m--m---m-
-m----m--b--mm---m--bb--m--b--bb---m-mmmm--m----b-b-bbb----mm--m-m-m-m---m-mmmm----m----m--b-b-b--------mm--b--b--b--bbbbb--bb---b-bb--mm-m------bbb--mm-m-mm-----b---bb----m-mm-mmm-m---bb-bbb-b--m--bb-bb--m-mmm-m---b-bb-m-b-m----b---mm-mm---m--m-B-m-
-m----m--b--mm---m--bb--m--b--bb---m-mmmm--m----b-b-bbb----mm--m-m-m-m---m-mmmm----m----m--b-b-b--------mm--b--b--b--Mbbbb--bb---b-bb--mm-m------bbb--mm-m-mm-----b---bb----m-mm-mmm-m---bb-bbb-b--m--bb-bb--m-mmm-m---b-bb-m-b-m----b---mm-mm---m--m-b-m-
-m----m--b--mm---m--Bb--m--b--bb---m-mmmm--m----b-b-bbb----mm--m-m-m-m---m-mmmm----m----m--b-b-b--------mm--b--b--b---bbbb--bb---b-bb--mm-m------bbb--mm-m-mm-----b---bb----m-mm-mmm-m---bb-bbb-b--m--bb-bb--m-mmm-m---b-bb-m-b-m----b---mm-mm---m--m-b-m-
-m----m--b--mm---m---b--m--b--bb---m-mmmm--m----b-b-bbb----mm--m-m-m-m---m-mmmm----m----m--b-b-b--------mm--b--b--b---bbbb--bb---b-bb--mm-m------bbb--mm-m-mm-----b---bb----m-mm-mmm-m---bb-bbb-b--m--bb-bb--m-mmm-m---b-bb-m-b-m----b---mm-mm---m--m-b-m-
-m----m--b--mm---m---b--m--b--bb---m-mmmm--m----b-b-bbb----mm--m-m-m-m---m-mmmm----m----m--b-b-b--------mm--b--b--b---bbbb--bb---b-bb--mm-m------bbb--mm-m-mm-----b---bb----m-mm-mmm-m---bb-bbb-b--m--bb-bb--m-mmm-m---b-bb-m-b-m----b---mm-mm---m--m-b-m-
-m----m--b--mm---m---b--m--b--bb---m-mmmm--m----b-b-bbb----mm--m-m-m-m---m-mmmm----m----m--b-b-b--------mm--b--b--b---bbbb--bb---b-bb--mm-m------bbb--mm-m-mm-----b---bb----m-mm-mmm-m---bb-bbb-b--m--bb-bb--m-mmm-m---b-bb-m-b-m----b---mm-mm---m--m-b-m-
-m----m--b--mm---m---b--m--b--bb---m-mmmm--m----b-M-bbb----mm--m-m-m-m---m-mmmm----m----m--b-b-b--------mm--b--b--b---bbbb--bb---b-bb--mm-m------bbb--mm-m-mm-----b---bb----m-mm-mmm-m---bb-bbb-b--m--bb-bb--m-mmm-m---b-bb-m-b-m----b---mm-mm---m--m-b-m-
-m----m--b--mm---m---b--m-Bb--bb---m-mmmB--m----b---bbb----mm--m-m-m-m---m-mmmm----m----m--b-b-b--------mm--b--b--b---bbbb--bb---b-bb--mm-m------bbb--mm-m-mm-----b---bb----m-mm-mmm-m---bb-bbb-b--m--bb-bb--m-mmm-m---b-bb-m-b-m----b---mm-mm---m--m-b-m-
-m----m--b--mm---m---b--m-bb--bb---m-mmm---m----b---bbb----mm--m-m-m-m---m-mmmm----m----m--b-b-b--------mm--b--b--b---bbbb-Bbb---b-bb--mm-M------bbb--mm-m-mm-----b---bb----m-mm-mmm-m---bb-bbb-b--m--bb-bb--m-mmm-m---b-bb-m-b-m----b---mm-mm---m--m-b-m-
-m----m--b--mm---m---b--m-bb--bb---m-mmm---m----b---bbb----mm--m-m-m-m---m-mmmm----m----m--b-b-b--------mm--b--M--b---bbbb-bbb---b-bb--mm--------bbb--mm-m-mm-----b---bb----m-mm-mmm-m---bb-bbb-b--m--bb-bb--m-mmm-m---bMbb-m-b-m----b---mm-mm---m--m-b-m-
-m----m--b--mm---m---b--m-bb--bb---m-mmm---m----b---bbb----mm--m-m-m-m---m-mmmm----m----m--b-b-b--------mm--b-----b---bBbb-bbb---b-bb--mm--------bbb--mm-m-mm-----b---bb----m-mm-mmm-m---bb-bbb-b--m--bb-bb--m-mmm-m---bbbb-m-b-m----b---mm-mm-M-m--m-b-m-
-m----m--b--mm---m---b--m-bb--bb---m-mmm---m----b---bbb----mm--m-m-m-m---m-mmmm----m----m--b-b-b--------mm--b-----b---b-bb-bbb---b-bb--mm--------bbb--mm-m-mm-----b---bb----m-mm-mmm-m---bb-bbb-b--m--bb-bb--m-mmm-m---bbbb-m-b-m----b---mm-mm-m-m--m-b-m-
-m----m--b--mm---m---b--m-bb--bb---m-mmm---m----b---bbb----mm--m-m-m-m---m-mmmm----m----m--b-b-b--------mm--b-----b---b-bb-bbb---b-bb--mm--------bbb--mm-m-mm-----b---bb----m-mm-mmm-m---bb-bbb-b--m--bb-bb--m-mmm-m---bbbb-m-b-m----b---mm-mm-m-m--m-b-m-
-m----m--b--mm---m---b--m-bb--bb---m-mmm---m----b---bbb----mm--m-m-m-m---m-mmmm----m----m--b-b-b--------mm--b-----b---b-bb-bbb---b-bb--mm--------bbb--mm-m-mm-----b---bb----m-mm-mmm-m---bb-bbb-b--m--bb-bb--m-mmm-m---bbbb-m-b-m----b---mm-mm-m-m--m-b-m-
-m----m--b--mm---m---b--m-bb--bb---m-mmm---m----b---bbb----mm--m-m-m-m---m-mmmm----m----m--b-b-b--------mm--b-----b---b-bb-bbb---b-bb--mm--------bbb--mm-m-mm-----bM--bb----m-mm-mmm-m---bb-bbb-b--m--bb-bb--m-mmm-m---bbbb-m-b-m----b---mm-mm-m-m--m-b-m-
-m----m--b--mm---m---B--m-bb--bb---m-mmm---m----b---bbb----mmM-m-m-m-m---m-mmmm----m----m--b-b-b--------mm--b-----b---b-bb-bbb---b-bb--mm--------bbb--mm-m-mm-----b---bb----m-mm-mmm-m---bb-bbb-b--m--bb-bb--m-mmm-m---bbbb-m-b-m----b---mm-mm-m-m--m-b-m-
-m----m--b--mm---m------m-bb--bb---m-mmm---m----b---bbb----mmm-m-m-m-m---m-mmmm----m----m--b-b-b--------mm--b-----b---b-bb-bbb---b-bb--mm--------bbb--mm-m-mm-----b---bb----m-mm-mmm-m---bb-bbb-b--m--bb-bb--m-mmm-B---bbbb-m-b-m----b---mm-mm-m-m--m-b-m-
-m----m--b--mm---m------m-bb--bb---m-mmm---m----b---bbb----mmm-m-m-m-m---m-mmmm----m----m--b-b-b--------mm--b-----b---b-bb-bbb---b-bb--mm--------bbb--mm-m-mm-----b---bb----m-mm-mmm-m---bb-bbb-b--m--bb-bb--m-mmm-----bbbb-m-b-m----b---mm-mm-m-m--m-b-m-
-m----m--b--mm---m------m-bb--bb---m-mmm---m----b---bbb----mmm-m-m-m-m---m-mmmm----m----m--b-b-b--------mm--b-----b---b-bb-bBb---b-bb--mm--------bbb--mm-m-mm-----b---bb----m-mm-mmm-m---bb-bbb-b--m--bb-bb--m-mmm-----bbbb-m-b-m----b---mm-mm-mBm--m-b-m-
-m----m--b--mm---m------m-bb--bb---m-mmm---m----b---bbb----mmm-m-m-m-m---m-mmmm----m----m--b-b-b--------mm--b-----b---b-bb-b-b---b-bb--mm--------bbb--mm-m-mm-----b---bb----m-mm-mmm-m---bb-bbb-b--m--bb-bb--m-mmm-----Mbbb-m-b-m----b---mm-mm-m-B--m-b-m-
-m----m--b--mm---m------m-bb--bb---m-mmm---m----b---bbb----mmm-m-m-m-m---m-mmmm----m----m--b-b-b--------mm--b-----b---B-bb-b-b---b-bb--mm--------bbb--mm-m-mm-----b---bb----m-mm-mmm-m---bb-bbb-b--m--bb-bb--m-mmm------bbb-m-b-m----b---mm-mm-m----m-b-m-
-m----m--b--mm---m------m-bb--bb---m-mmm---m----b---bbb----mmm-m-m-m-m---m-mmmm----m----m--b-b-b--------mm--b-----b-----bb-b-b---b-bb--mm--------bbb--mm-m-mm-----b---bb----m-mm-mmm-m---bb-bbb-b--m--bb-bb--m-mmm------bbb-m-b-m----b---mm-mm-m----m-b-m-
-m----m--b--Mm---m------m-bb--bb---m-mmm---m----b---bbb----mmm-m-m-m-m---m-mmmm----m----m--b-b-b--------mm--b-----b-----bb-b-b---b-bb--mm--------bbb--mm-m-mm-----b---bb----m-mm-mmm-m---bb-bbb-b--m--bb-bb--m-mmm------bbb-m-b-m----b---mm-mm-m----m-b-m-
-m----m--b---m---m------m-bb--bb---m-mmm---m----b---bbb----mmm-m-m-m-m---m-mmmm----m----m--b-b-b--------mm--b-----b-----bb-b-b---b-bb--mm--------bbb--mm-m-mm-----b---bb----m-mm-mmm-m---bb-bbb-b--m--bb-bb--m-mmm------bbb-m-b-m----b---mm-mm-m----m-b-m-
-m----m--b---m---m------m-bb--bb---m-mmm---m----b---bbb----mmm-m-m-m-m---m-mmmm----m----m--b-b-b--------mm--b-----b-----bb-b-b---b-bb--mm--------bbb--mm-m-mm-----b---bb----m-mm-mmm-m---bb-bbb-b--m--bb-bb--m-mmm------bbb-m-b-m----b---mm-mm-m----m-b-m-
-m----m--b---m---m------m-bb--bb---m-mmm---m----b---bbb----mmm-m-m-m-m---m-mmmm----m----m--b-b-b--------mm--b-----b-----bb-b-b---b-bb--mm--------bbb--mm-m-mm-----b---bb----m-mm-mmm-m---bb-bbb-b--m--bb-bb--m-mmm------bbb-m-b-m----b---mm-mm-m----m-b-m-
-m----m--b---m---m------m-bb--bb---m-mmm---m----b---bbb----mmm-m-m-m-m---m-mmmm----m----m--b-b-b--------mm--b-----b-----bB-b-b---B-bb--mm--------bbb--mm-m-mm-----b---bb----m-mm-mmm-m---bb-bbb-b--m--bb-bb--m-mmm------bbb-m-b-m----b---mm-mm-m----m-b-m-
-m----m--b---m---m------m-bb--bb---m-mmm---m--M-b---bbb----mmm-m-m-m-m---m-mmmm----m----m--b-b-b--------mm--b-----b-----b--b-b-----bb--mm--------bbb--mm-m-mm-----b---bb----m-mm-mmm-m---bb-bbb-b--m--bb-bb--m-mmm------bbb-m-b-m----b---mm-mm-m----m-b-m-
-m----m--b---m---m------m-bb--bb---m-mmm---m--m-b---bbb----mmm-m-m-m-m---m-mmmm----m----m--b-b-b--------mm--b-----B-----b--b-b-----bb--mm--------bbb--mm-m-mm-----b---bb----m-mm-mmm-m---bb-bbb-b--m--bb-bb--m-mmm------bbb-m-b-m----b---mm-mm-m----m-b-m-
-m----m--b---m---m------m-bb--bb---m-Bmm---m--m-b---bbb----mmm-m-m-m-m---m-mmmm----m----m--b-b-b----M---mm--b-----------b--b-b-----bb--mm--------bbb--mm-m-mm-----b---bb----m-mm-mmm-B---bb-bbb-M--m--bb-bb--m-Mmm----M-bbb-m-b-m----b---mm-mm-m----m-b-m-
-m----m--b---m---m------m-bb--bb---m--mm---m--m-b---bbb----mmm-m-m-m-m---m-mmmm----m----m--b-b-b----m---mm--b-----------b--b-b-----bb--mm--------bbb--mm-m-mm-----b---bb----m-mm-mmm-----bb-bbb----m--bb-bb--m--mm----B-bbb-m-b-m----b---mm-mm-m----m-b-m-
-m----m--b---m---m------m-bb--bb---m--mm---m--m-bM--bbb----mmm-m-m-m-m---m-mmmm----m----m--b-b-b----m---mm--b-----------b--b-b--B--bb--mm--------bbb--mm-m-mm-----b---bb----m-mm-mmm-----bb-bbb----m--bb-bb--m--mm------bbb-m-b-m----b---mm-mm-m----m-b-m-
-m----m--b---m---m------m-bb--bb---m--mm---m--m-bb--bbb----mmm-m-m-m-m---m-mmmm----m---Mm--b-b-b----m---mm--b-----------b--b-b-----bb--mm--------bbb--mm-m-mm-----b---bb----m-mm-mmm-----bb-bbb----m--bb-bb--m--mm------bbb-m-b-m----b---mm-mm-m----m-b-m-
-m----m--b---m---m------m-bb--bb---m--mm---m--m-bb--bbb----mmm-m-m-m-m---m-mmmm----m---mm--b-b-b----m---mm--b-----------b--b-b-----bb--mm--------bbb--mm-m-mm-----b---bb----m-mm-mmm-----bb-bbb----m--bb-bb--m--mm------bbb-m-b-m----b---mm-mm-m----m-b-m-
-m----m--b---m-M-m------m-bb--bb---m--mm---m--m-bb--bbb----mmm-m-m-m-m---m-mmmm----m---mm--b-b-b----m-B-mm--b-----------b--b-b-----bb--mm--------bMb--mm-m-mm-----b---bb----m-mm-mmm-----bb-bbb----m--bbBbb--m--mm------bbb-m-b-m----b---mm-mm-m----m-b-m-
-m----m--b---m-m-m------m-bb--bb---m--mm---m--m-bb--bbb----mmm-m-m-m-m---m-mmmm----m---mm--b-b-b----m---mm--b-----------b--b-b-----bb--mm--------b-b--mm-m-mm-----b---bb----m-mm-mmm-----bb-bbb----m--bbbbb--m--mm------bbb-m-b-m----b---mm-mm-m----m-b-m-
-m----m--b---m-m-m------m-bb--bb---m--mm---m--m-bb--bbb----mmm-m-m-m-M---m-mmmm----m---mm--b-b-b----m---mm--b-----------b--b-b-----bb--mm--------b-b--mm-m-mm-----b---bb----m-mm-mmm-----bb-bbb----m--bbbbb--m--mm------bbb-m-b-m----b---mm-mm-m----m-b-m-
-m----m--b---m-m-m------m-bb--bb---m--mm---m--m-bb--bbb----mmm-m-m-m----Bm-mmmm----m---mm--b-b-b----m---mm--b-----------b--b-b-----bb--mm--------b-b--mm-m-mm-----b---bb----m-mm-mmm-----bb-bbb----m--bbbbb--m--mm------bbb-m-b-m----b---mm-mm-m----m-b-m-
-m----m--b---m-m-m------m-bb--bb---m--mm---m--m-bb--bbb----mmm-m-m-m----mm-mmmm----m---mm--b-b-b----m---mm--b-----------b--b-b-----bb--mm--------b-b--mm-m-mm-----b---bb----m-mm-mmm-----bb-bbb----m--bbbbb--m--mm------bbb-m-b-m----bM--mm-mm-m----m-b-m-
-m----m--b---m-m-m------m-bb--bb---m--Bm---m--m-bb--bbb----mmm-m-m-m----mm-mmmm----m---mm--b-b-b----m--Bmm--b-----------b--b-b-----bb--Mm--------b-b--mm-m-mm-----b---bb----m-mm-mmm-----bb-bbb----m--bbbbb--m--mm------bbb-m-b-m----bb--Bm-Mm-m----m-b-m-
-m----m--b---m-m-m------m-bb--bb---m---m---m--m-bb--bbb----mmm-m-m-m----mm-mmmm----m---mm--b-b-b----m--mmm--b-----------b--b-b-----bb---m--------b-b--mm-m-mm-----b---bb----m-mm-mmm-----bb-bbb----m--bbbbb--m--mm------bbb-m-b-m----bb---m--m-B----m-b-m-
-m----m--b---m-m-m------m-bb--Bb---m---m---m--m-bb--bbb----mmm-m-m-m----mm-mmmm----m---mm--b-b-b----m--mmm--b-----------b--b-b-----bb---m--------b-b--mm-m-mm-----b---bb----m-mm-mmm-----bb-bbb----m--bbbbb--m--mm------bbb-m-b-m----bb---B--m------m-b-m-
-m----m--b---m-m-m------m-bb---b---m---m---m--m-bb--bbb----mmm-m-m-m----mm-mmmm----m---mm--b-b-b----m--mmm--b-----------b--b-b-----bb---m--------b-b--mm-m-mm-----b---bb----m-mm-mmm-----bb-bbb----m--bbbbb--m--mm------bbb-m-b-m----bb------m------m-b-m-
-m----m--b---m-m-m------m-bb---b---m---m---m--m-bb--bbb----mmm-m-m-m----mm-mmmm----m---mB--b-b-b----m--Mmm--b-----------b--b-b-----bb---m--------b-b--mm-m-mm----Mb---bb----m-mm-mmm-----bb-bbb----m--bbbbb--m--mm------bbb-m-b-m----bb------m------m-b-m-
-m----m--b---m-m-m------m-bb---b---m---m---m--m-bb--Bbb----mmm-m-m-m----mm-mmmm----m---m---b-b-b----m---mm--b-----------b--b-b-----bb---m--------b-b--mm-m-mm-----b---bb----m-mm-mmm-----bb-bbb----m--bbbbb--m--mm------bbb-m-b-m----bb------m------m-b-m-
-m----m--b---m-m-m------m-bb---b---m---m---m--m-bb---bb----mmm-m-m-m----Bm-mmmB----m---m---b-b-b----m---mm--b-----------b--b-b-----bb---m--------b-b--mm-m-mm-----b---bb----m-mm-mmm-----bb-bbb----m--bbbbb--m--mm------bbb-m-b-m----bb------m------m-b-m-
-m----m--b---m-m-m------m-Mb---b---m---m---m--m-bb---bb----mmm-m-m-m-----m-mmm-----m---m---b-b-b----m---mm--b-----------b--b-b-----bb---m--------b-b--mm-m-mm-----b---bb----m-mm-mmm-----bb-bbb----m--bbbbb--m--mm------bbb-m-b-m----bb------m------m-b-m-
-m----m--b---m-m-m------m--b---b---m---m---m--m-bb---bb----mmm-m-m-m-----m-mmm-----m---m---b-b-b----m---mm--b----M------b--b-b-----bb---m--------b-b--mm-m-mm-----b---bb----m-mm-mmm-----bb-bbb----m--bbbbb--m--mm------bbb-m-b-m----bb------m------m-b-m-
-m----m--b---m-m-m------m--b---b---m---m---m--m-bb---bb----mmm-m-m-m-----m-mmm-----m---m---b-b-b----m---mm--b-----------b--b-b-----bb---m--------b-b--mm-m-mm-----b---bb----m-mm-mmm-----bb-bbb----m--bbbbb--m--mm------bbb-m-b-m----bb------m------m-b-m-
-m----m--b---m-m-m------m--b---b---m---m---m--m-bb---bb----mmm-m-m-m-----m-mmm-----m---m---b-b-b----m---mm--b-----------b--b-b-----bb---m--------b-b--mm-m-mm-----b---bb----m-mm-mmm-----bb-bbb----m--bbbbb--m--mm------bbb-m-b-m----Bb------m------m-b-m-
-m----m--b---m-m-m-B----m--b---b---m---M---m--m-bb---bb----mmm-m-m-m-----m-mmm-----m---m---b-b-b----m---mm--b-----------b--b-b-----bb---m--------b-b--mm-m-mm-----b---bb----m-mm-mmm-----bb-bbb----m--bbbbb--m--mm------bbb-m-b-m-----b------m------m-b-m-
-m----m--b---m-B-m-b----m--b---b---m-------m--m-bb---bb----mmm-m-m-m-----m-mmm-----m---m---b-b-b----m---mm--b-----------b--b-b-----bb---m--------b-b--mm-m-mm-----b---bb----m-mm-mmm-----bb-bbb----m--bbbbb--m--mm------bbb-m-b-m-----b------m------m-b-m-
-m----m--b---m---m-b----m--b---b---m-------m--m-bb---bb----mmm-m-m-m-----m-mmm-----m---m---b-b-b----m---mm--b-----------b--b-b-----bb---m--------b-b--mm-m-mm-----b---bb----m-mm-mmm-----bb-bbb----m--bbbbb--m--mm------bbb-m-b-m-----b------m------m-b-m-
-m----m--b---m---m-b----m--b---b---m-------m--m-bb---bb----mmm-m-m-m-----m-mmm-----m---m---b-b-b----m---mm--b-----------b--b-b-----bb---m--------b-b--mm-m-mm-----b---bb----m-Bm-mmm-----Mb-bbb----m--bbbbb--m--mm------bbb-m-b-m-----b------m------m-b-m-
-m----m--b---m---m-b----m--b---b---m-------m--m-bb---bb----mmm-m-m-m-----m-mmm-----m---m---b-b-b----m---mm--b-----------b--b-b-----bb---m--------b-b--mm-m-mm-----b---bb----m--m-mmm------b-bbb----m--bbBbb-Bm--mm------bbb-m-b-m-----b------m------m-b-m-
-M----m--b---m---m-b----m--b---b---m-------m--m-bb---bb----mmm-m-m-m-----m-mmm-----m---m---b-b-b----m---mm--b-----------b--b-b-----bb---m--------b-b--mm-m-mm-----b---bb----m--m-mmm------b-bbb----m--bb-bb-mm--mm------bbb-m-b-m-----b------M------m-b-m-
------m--b---m---m-b----m--b---b---m-------m--m-bb---bb----mmm-m-m-m-----m-mmm-----m---m---b-b-b----m---mm--b-----------B--b-b-----bb---m--------b-b--mm-m-mm-----b---bb----m--m-mmm------b-bbb----m--bb-bb-mm--mm------bbb-m-b-m--B--b-------------m-b-m-
------m--b---m---m-M----m--b---b---m-------m--B-bb---bb----mmm-m-m-m-----m-mmm-----m---m---b-b-b----m---mm--b--------------b-b-----bb---m--------b-b--mm-m-mm-----b---bb----m--m-mmm------b-bbb----m--bb-bb-mm--mm------bbb-m-b-m--b--b-------------m-b-m-
------m--b---m---m------m--b---b---m-------m----Bb---bb----mmm-m-m-m-----m-mmm-----m---m---b-b-b----m---mm--b--------------b-b-----bb---m--------b-b--mm-m-mm-----b---bb----m--m-mmm------b-bbb----m--bb-bb-mm--mm------bbb-m-b-m--b--b-------------m-b-m-
------m--b---m---m------m--b---b---m-------m-----b---bb----mmm-m-m-m-----m-mmm-----m---B---b-b-b----m---mm--b--------------b-b-----bb---m--------b-b--mm-m-mm-----b---bb----m--m-mmm------b-bbb----m--bb-bb-mm--mm------bbb-m-b-m--b--b-------------m-b-m-
------m--b---m---m------m--b---b---m-------m-----b---bb----mmm-m-m-m-----m-mmm-----m-------b-b-b----m---mm--b--------------b-b-----bb---m--------b-b--mm-m-mm-----b---bb----m--m-mmm------b-bbb----m--bb-bb-mm--mm------bbb-m-b-m--b--b-------------m-b-m-
------m--b---m---m------m--b---b---m-------m-----b---bb----mmm-m-m-m-----m-mmm-----m-------b-b-b----m---mm--b--------------b-b-----bb---m--------b-b--mm-m-mm-----b---bb----m--m-mmm------b-bbb----m--bb-bb-mm--mm------bbb-m-b-m--b--b----B--------m-b-m-
------m--b---m---M------m--b---b---m-------m-----b---bb----mmm-m-m-m-----m-mmm-----m-------b-b-b----m---mm--b--------------b-b-----bb---m--------b-b--mm-m-mm-----b---bb----m--m-mmm------b-bbb----m--bb-bb-mm--mm------bbb-m-b-m--b--b-------------m-b-m-
------m--b---m----------m--b---b---m-------m-----b---bb----mmm-m-m-m-----m-mmm-----m-------b-b-b----m---mm--b--------------b-b-----bb---m--------b-b--mm-m-mm-----b---bb----m--m-mmm------b-bbb----m--bb-bb-mm--mm------bbb-m-b-m--b--b-------------m-b-m-
------m--b---m----------m--b---b---m-------B-----b---bb----mmm-m-m-m-----m-mmm-----m-------b-b-b----m---mm--b--------------b-b-----bb---m--------b-b--mm-m-mm-----B---bb----B--m-mmm------b-bbb----m--bb-bb-mm--mm------bbb-m-b-m--B--b-------------m-b-m-
