---------------------------B-M--M------B-------------BB-----
-----B-M--M-------------BM-B-M--M------B-------M--M-MB------
MB---B-MM-M--------M----BB-B-M--M------B---M-MBM-BMMMMM-B-BM
-B-BMB-MM-MM----B-------------------------------------------
-M-BBB-MM-MM-B--B-------MM-M----B---M-BB---B------------B---
MM-BBBMMMMMM-B--BB------MMMM----B---M-BB---B----------------
--------------------------------BM--MBBB---B-BBB-MMM--------
-M-BBBBBBBBB----BB------BBBB-M--BB--MMMB---B-BBB-MMMM-------
---BBBBBBBBB----BB-----BBBBBMM--BB--MMMB---BMBBB-MMMMMMBB-MM
---BBBBBBBBB----BB-----BBBBBBM--BB--MMMB---BBBBB-MMMMMMMM---
---------BBB----BB-----BBBBBBM--BB--MMMB---BBBBB-MMMMMMMM-BB
----------MB---BBB-----BBBBBBM--BB--MMMB---BBBBB-MMMMMMMMBM-
MMBBBBBBBBBB---BBB-----BBBBBBM--BB--MMMBB--BBB--------------
----BBBBBBBB---BBB----MMMMMMMM-BBB--M-----------------------
----------------------------------------------------------MB
---------MMM-B-BBB----BBBBBBBB-BBB---BBBB--MMMMM-MMMMMMMMMM-
--MMMMMMMMMM-B-BBB----BBBBBBBB-BBB---BBBB--MMMMM-MMMMMMMMMB-
MMMMMMMMMMMM-BBBBB----BBBBBBBB-BBB---BBBB--MMMMM-MMM--------
---MMMMMMMMM-BBBBB---BBBBBBBBB-BBB---BBBB--MMMMM------------
BMMMMMMMMMMM-BBBBB---BBBBBBBBBBBBB---BBBB--MMMM-------------
--------MMMM-BBBBB---BBBBBBBBBBBBB---BBBB--MMMMM-MMM--------
--------MMMM-BBBBB---BBBBBBBBBBBBB---BBBB--MMMBBBBBBBBBBBB--
--BMMMMMMMMM-BBBBB---BBBBBBBBBBBBB---BBBB--BBBB-------------
MMMMMMMMMMMM-BBBBB---BBBBBBBBBBBBB---BBBB-------------------
------MMMMMM-BBBB----BBBBBBBBBBBBB---BBBB---BBBBB-----------
-----MMMMMMM-BBBB----BBBBBBBBBBBB---------------------------
-----MMMMMMM-BBBB----BBBBBBBBBBBBB----------MMMMMMMMMMMMM---
---------MMM-BBBB----BBBBBBBBBBBBB----------MM--------------
-BBM--------------------------------------------------------
------BBBBBB-BBBB--M-MMMMMMMMMMMMM---BB---------------------
---------------BB----MMMMMMMMMMMMM---BBBBM--BBBBBBBBB-------
---------------MB----MMMMMMMMMMMMM---BBBBMM-----------------
--MMMMMMMMMM-BBBB----MMMMMMMMMMMM---------------------------
---------------------BMMMMMMMMMMMM----------MMMM------------
BBBBBBBBBBBB---------BMMMMMMMMMMMM----------MMMMMMMMMMMMMBBM
-MMMBBBBBBBB---------B-MMMMMMMMMMM----------MMMMMMMMMMMMM---
--MMBBBBBBBB---------B-MMMMMMMMMMM----------MMMMMMMMMMMMM---
---MBBBBBBBB---------B-MMM----------------------------------
------BBBBBB---------B-MMMMMMMMMMM---BBBBBB-BBBBBBBBBBBB----
---BBBBBBBBB--------MB-MMMMMMMMMMM---BBBBBB-BBBBMB----------
-------MBBBB--------MB-MMMMMMMMMMM---BBBBBB-BBBB-BBBBBBM----
BBBBBBBBBBBB--------MB-MMMMMMMMMMM---BB---------------------
-BBBMBBBBBBB--------MB-MMMMMMMMMMM---B------BBBB-MMMMMMMM---
-BBB-BBBBBBB--------MB-MMMMMMMMMBM---B------BBBB-MMMMMMMB---
BBBB-BBBBBBB--------MB-MMMMMMMMM-M---B------BBBB-MMMMMMMM-M-
----------BB------B--B-MMMMMMMMM-M---B------BBBB-MB---------
------------------------MMMMMMMM-MB--B------BBBB-MMM-BBBB-BB
--MM-MMMMMM------------MMM-MMMMM-MM--B------BBBB-MMM-BBBB---
BMMM-MMMMBB------------MMM-MMMMM-M---B------BBBB------------
-----MMM--B-M-----------------------------------------------
BBBB-MMM--B--BBMM----------MMMMM-B---M-BBBB-MMM-------------
----------B---B-M----------MMMMM-B---M-BBBB-MM--------------
------BB--B---B-M----------MMMMM-B---M-BBBB-MMMM-BBB-BBBB---
----------------M----------MMMMM-B---M-BBBB-MMMM-BBB-M------
-BMM-MBB------B-M----------MMMMM-B---M-BBBB-MMBB--M---------
-------B------B-M----------MMMMM-B---M-BBBB-MMB---BB-MMMM-MM
BB-----B--------M----------MMMMM-B---M-BBBM-MMB----B-MM-----
---------------------------BMM-M-----M-BB---MMB----B-B------
BB-M------------B-M----BBB-B---M---B---BM---B--------B-BB-M-
------------------M----M-B-M---M-------B-------------M-M----
