---MM---B--M--B---B--BB-M---B---M-M-B----MM-------B-B---------MMM-M-MMM-----M--M---M-------BB-------------BB---------BBBB---------M-----MMM---B------M--B-----MM----M-B-MM--M---M---MM-----B---BB----BB--B-B-MMM-----B---B--------B----B----------B--M-M--
---MM---B--M--B---B--BB-M---B---M-M-B----MM-------B-B---------MMM-M-MMM-----M------M-------BB-----------M-BB---------BBBB---------M-----MMM---B------M--B-----MM----M-B-MM--M---M---MM-----B---BB----BB--B-B-MMM-----B---B--------B----B-------------M-M--
---MM---B--M--B---B--BB-M---B---M-M-B----MM-------B-B---------MMM-M-MMM-----M------M-------BB-----------M-BB---------BBBB---------M-B---MMM---B------M--B-----MM----M-B-MM--M---M---MM-----B---BB----BB--B-B-MMM-----B---B--------B----B-------------M-M--
---MM---B--M--B---B--BB-M---B---M-M-B----MM-------B-B---------MMM-M-MMM-----M------M-------BB-----------M-BB---------BBBB---------M-B---MMM---B------M--B-----MM----M-B-MM--M---M---MM-----B---BB----BB--B-B-MMM-----B---B--------B----B-------------M-M--
---MM---B--M--B---B--BB-M---B---M-M-B----MM-------B-B---------MMM-M-MMM-----M------M-------BB-----------M-BB---------BBBB---------M-B---MMM---B------M--B-----MM----M-B-MM--M---M---MM-----B---BB----BB--B-B-MMM-----B---B--------B----B-------------M-M--
---MM---B--M--B---B--BB-M---B---MMM-B----MM-------B-B---------MMM-M-MMM-----M------M-------MM-----------M-BB---------BBBB---------M-B---MMM---B------M--B-----M-----M-B-MM--M---M---MM-----B---BB----BB--B-B-MMM-----B---B--------B----B-------------M-M--
---MM---B--M--B---B--BB-M---B---MMM-B----MM-------B-B---------MMM-M-MMM-----M------M-------M------------M-BB---------BBBB---------MMB---MMM---B------M--B-----M-----M-B-MM--M---M---MM-----B---BB----BB--B-B-MMM-----B---B--------B----B-------------M-M--
---MM---B--M--B---B--BB-M---B---MMM-B----MM-------B-B---------MMM-M-MMMM----M------M-------M------------M-BB---------BBBB---------MBB---MMM---B------M--B-----M-----M-B-MM--M---M---MM-----B---BB----BB--B-B-MMM-----B---B--------B----B-------------M-M--
---MM---B--M--B---B--BB-M---B---MMM-B----MM-------B-B---------MM--M-MMMB----M------M-------M------------M-BB--------BBBBB---------MBB---MMM---B------M--B-----M-----M-B-MM--M---M---MM-----B---BB----BB--B-B-MMM-----B---B--------B----B-------------M-M--
---MM---B--M--B---B--BB-M---B---MMM-B----MM-------B-B---------MM--M-MMM-----M------M-------M------------M-BB--------BBBBB---------MBB---MMM---B------M--B-----M-----M-B-MM--M---M---MM-----B---BB----BB--B-B-MMM-----B---B--------B----B-------------M-M--
---MM---B--M--B---B--BB-M---B---MMM-B----MM-------B-B---------MM--M-MMM-----M------M-------M------------M-BB--------BBBBB---------MBB---MMM---B------M--B-----M-----M-B-MM--M---M--MMM-----B--BBB----BB--B-B-MMM-----B---B--------B----B--M----------M-M--
---MM---B--M--B---B--BB-M---B---MMM-B----MM-------B-B---------MM--M-MMM-----M------M-------M------------M-BB--------BBBBB---------MBB---MMM---B------M--B-----M-----M-B-MM--M---M--MMM-----B--BBB----BB--B-B-MMM-----B---B------M-B----B--M----------M-M--
---MM---B--M--B---B--BB-M---B---MMM-B----MM-------B-B---------MM--M-MMM-----M------M-------M-------B----M-BB--M-----BBBBB---------MBB---MMM---B------M--------M-----M-B-MM--M---M--MMM-----B--BBB----BB--B-B-MMM-----B---B------M-B----B--M----------M-M--
---MM---B--M--B---B--BB-M---B---MMM-B----MM-------B-B---------MM--M-MMM-----M------M-------M-------B----M-BB--M-----BBBBB---------MBB---MMM---B------M--------M-----M-B-MM--M---M--MMM-----B--BBB----BB--B-B-MMM--B--B---B-----MM-B----B--M----------M-M--
---MM---B--M--B---B--BB-M---B---MMM-B----MM-------B-B---------MM--M-MMM-----M------M-------M-------B----M-BB--M-----BBBBB---------MBB---MMM---B------M-M------M-----M-B-MM--M---M--MMM-----B--BBB----BB--B-B-MMM--B--B---B-----MM-B----B--M----------M-M--
---MM---B--M--B---B--BB-M---B---MMM-B----MM-------B-B---------MM--M-MMM--M--M------M-------M-------B----M-BB--M-----BBBBB---------MBB---MMM---B------MMM------M-----M-B-MM--M---M--MMM-----B--BBB----BB--B-B-MMM--B--B---B-----MM-B----B--M----------M-M--
---MM---B--M--B---B--BB-M---B---MMM-B----MM-------B-B---------MM--M-MMM--M--M------M-------M-------B----M-BB--M-----BBBBB---------MBB---MMM-M-B------MMM------M-----M-B-MM--M---M--MMM-----B--BBB----BB--B-B-MMM--B--B---B-----MM-B----B--M----------M-M--
---MM---B--M--B---B--BB-M---B---MMM-B----MM-------B-B---------MM--M-MMM--M--M------M-------M-------M----M-BB--M-----BBBBB---------MBB---MMM---B------MMM------M-----M-B-MM--M---M--MMM-----B--BBB----BB--B-B-MMM--B--B---B-----MM-B----B--M----------M-M--
---MM---B--M--B---B--BB-M---B---MMM-B----MM-------B-B---------MM--M-MMM--M--M------M-------M------------M-BB--M-----BBBBB---------MBB---MMM---B------MMM------M-----M-B-MM--M---M--MMM-----B--BBB----BB--B-B-MMM--B--B---B-----MM-B----B--M----------M-M--
---MM---B--M--B---B--BB-M---B---MMM-B----MM-------B-B---------MM--M-MMM--M--M------M-------M------------M-BB--M-----BBBBB---------MBB---MMM---B------MMM------M-----M-B-MM--M---M--MMM-----B--BBB----BB--B-B-MMM--B--B---B-----MM-B----B--M----------M-M--
---MM---B--M--B---B--BB-M---B---MMM-B----MM-------B-B---------MM--M-MMM--M--M------M-------M------------M-BB--M-----BBBBB---------MBB---MMM---B------MMM------M-----M-B-MM--M---M--MMM-----B--BBB----BB--B-B-MMM--B--B---B-----MM-B----B--M----------M-M--
--MMM---B--M--B---B--BB-M---B---MMM-B----MM-------B-B---------MM--M-MMM--M--M------M-------M------------M-BB--M-----BBBBB---------MBB---MMM---B------MMM------M-----M-B-MM--M---M--MMM-----B--BBB----BB--B-B-MMM--B--B---B-----MM-B----B--M----------M-M--
B-MMM---B--M--B---B--BB-M---B---MMM-B----MM-------B-B---------MM--M-MMM--M--M------M------MM------------M-BB--M-----BBBBB---------MBB---MMM---B------MMM------M-----M-B-MM--M---M--MMM-----B--BBB----BB--B-B-MMM--B--B---B-----MM------B--M----------M-M--
B-MMM---B--M--B---B--BB-M---B---MMM-B----MM-------B-B---------MM--M-MMM--M--M------M-------M------------M-BB--M-----BBBBB---------MBB---MMM---B------MMM------M-----M-B-MM--M---M--MMM-----B--BBB----BB--B-B-MMM--B--B---B-----MM------B--M----------M-M--
B-MMM---B--M--B---B--BB-M---B---MMM-B----MM-------B-B---------MM--M-MMM--M--M------M-------M------------M-BB--M-----BBBBB----B-----BB---MMM---B------MMM------M-----M-B-MM--M---M--MMM-----B--BBB----BB--B-B-MMM--B--B---B-----MM------B--M----------M-M--
B-MMM---B--M--B---B--BB-M---B---MMM-B----MM-------B-B---------MM--M-MMM--M--M------M-------M------------M-BB--M-----BBBBB----B-----BB---MMM---B------MMM------M-----M-B-MM--M---M--MMM-----B--BBB----BB--B-B-MMM--B--B---B-----MM------B--M----------M-M--
B-MMM---B--M--B---B--BB-M---B---MMM-B----MM-------B-B---------MM--M--MM--M--M------MM------M------------M-BB--M-----BBBBB----B-----BB---MMM---B------MMM------M-----M-B-MM-MM---M--MMM-----B--BBB----BB--B-B-MMM--B--B---B-----MM------B--M----------M-M--
B-MMM---B-MM--B---B--BB-M---B---MMM-B----MM-------B-B---------MM--M--MM--M--M------MM------M------------M-BB--M-----BBBBB----B-----BB---MMM---B------MMM------M-----M-B-MM--M---M--MMM-----B--BBB----BB--B-B-MMM--B--B---B-----MM------B--M----------M-M--
B--MM---B-MM--B---B--BB-M---B---MMMBB----MM-------B-B---------MM--M--MM--M--M------MM------M------------M-BB--M-----BBBBB-B--B-----BB---MMM---B------MMM------M-----M-B-MM--M---MM-MMM-----BB-BBB----BB--B-B-MMM--B--B---B-----MM------B--M----------M-M--
B--MM---B-MM--B---B--BB-M---B---MMMMB----MM-------B-B---------MM--M--MM--M--M------MM------M------------M-BB--B-----BBBBB----B-----BB---MMM---B------MMM------M-----M-B-MMM-M---MM-MMM-----BB-BBB----BB--B-B-MMM--B--B---B-----BM------B--M----------M-M--
B--MM---B-MM--B---B--BB-M---B---MMMMB----MM-------B-B---------MM--M--MM--M--M------MM------M------------M-BB--------BBBBB----B-----BB---MMM---B------MMM------M-----M-B-MMM-M---MM-MMM-----BB-BBB----BB--B-B-MMM--B--B---B------M------B--M----------M-M--
B---M---B-MM--B---B--BB-M---B---MMMMB----MM-------B-B---------MM--M--MM--M--M----M-MM------M------------M-BB--------BBBBB----B-----BB---MMM---B------MMM------M-------B-MMM-M---MM-MMM-----BB-BBB----BB--B-B-MMM--B--B---B------M------B--M----------M-M--
B---M---B-MM--B---B--BB-M---B---MMMMB----MM-------B-B---------MM--M--MM--M--M----M-MM------M------------M-BB--------MMBBB----B-----BB---MMM---B------MMM------M-------B-MMM-M---MM-MMM-----BB-BBB----BB--B-B-MMM--B--B---B------M------B--M----------M-M--
B---M---B-MM--B---B--BB-M---B---MMMMB----MM-------B-B---B-----MM--M--MM--M--M----M-MM------M------------M-BB---------MBBB----B-----BB---MMM---B------MMM------M-------B-MMM-M---MM-MMM-----BB-BBB----BB--B-B-MMM--B--B---B------M------B--M---------MM-M--
B---M---B-MM--B---B--BB-M---B---MMMMB----MM-------B-B---B-----MM--M--MM--M--M----M-MM------M------------M-BB---------MBBB----B-----BB---MMM---B------MMM------M-------B-MMM-M---MM-MMM-----BB-BBB----BB--B-B-MMM--B--B---B------M------B--M---------MM-M--
B---M---B-MM--B---B--BB-M---B---MMMMB----MM-------B-B---B-----MM--M--MM--M--M----M-MM------M------------M-BB---------MBBB----B-----BB---MMM---B------MMM------M-------B-MMM-M---MM-MMM-----BB-BBB----BB--B-B-MMM--B--B---B------M------B--M---------MM-M--
----M---B-MM--B---B--BB-M---B---MMMMB----MM-------B-B---B-----MM--M--MM--M--M----M-MM------M------------M-BB---------MBBB----B-----BB---MMM---B------MMM------M-------B-MMM-M---MM-MMM-----BB-BBB----BB--B-B-MMM--B--B---B------M------B--M---------MM-M--
----M---B-MM--B---B--BB-M---B---MMMMB----MM-------B-B---B-----MM--M--MM--M--M----M-MM------M------------M-BB---------MBBB----B-----BB---MMM---B------MMM------M-------B-MMM-M---MM-MMM-----BB-BBB----BB--B-B-MMM--B--B---B------M------B--M---------MM-M--
----M---B-MM--B---B--BB-M---B----MMMB----MM-------B-B---B-----MM--M--MM--M--M----M-MM------M------------M-BB---------MBBB----B-----BB---MMM---B------MMM------M-------B-MMM-M---MM-MMM-----BB-BBB----BB--B-B-MMM--B--B---B------M------B--M---------MM-M--
----M---B-MM--B---B--BB-M---B----MMMB----MM-------B-B---B-----MM--M--MM--M--M----M-MM------M------------M-BB---------MBBB----B-----BB---MMM---B------MMM------M-------B-MMM-M---MM-MMM-----BB-BBB----BB--B-B-MMM--B--B---B------M------B--M---------MM-M--
----M---B-MM--B---B--BB-M---B----MMMB----MM-------B-B---B-----MM--M--MM--M--M----M-MM------M------------M-BB---------MBBB----B-----BB---MMM---B------MMM------M-------B-MMM-M---MM-MMM-----BB-BBB----BB--B-B-MMM--B--B---B------M------BB-M---------MM-M--
----M---B-MM--B---B--BB-M---B----MMMB----MM-------B-B---B-----MM--M--MM--M--M----M-MM-B----M------------M-BB---------MBBB----B-----BB---MMM---B------MMM------M-------B-MMM-M--MMM-MMM----BBB-BBB----BB--B-B-MMM--B--B---B------M------BB-M---------MM-M--
----M---B-MM--B---B--BB-M---B----MMMB----MM-------B-B---B-----MM--M--MM--M--M----M-MM-B----M------------M-BB---------MBBB----B-----BB---MMM---B------MMM------M-------B-MMM-M--MMM-MMM----BBB-BBB----BB--B-B-MMM--B--B---B------M------BB-M---------MM-M--
----M---B-MM--B---B--BB-M---B----MMMB----MM-------B-B---B-----MM-MM--MM--M--M----M-MM-B----M------------M-BB---------MBBB----B-----BB---MMM---B------MMM------M-------B-MMM-M--MMM-MMM----BBB-BBB----BB--B-B-MMM--B------B------M------BB-M---------MM-M--
----M---B-MM--B---B--BB-M---B----MMMB----MM-------B-B---B-----MM-MM--MM--M--M----M-MM-B----M------------M-BB---------MBBB----B-----BB---MMM---B------MMM------M-------B-MMM-M--MMM-MMM----BBB-BBB----BB--B-B-MMM--B------B------M------BB-M---------MM-M--
----M---B-MM--B---B--BB-M---B----MMMB----MM-------B-B---B-----MM-MM--MM--M--M----M-MM-B----M------------M-BB---------MBBB----B-----BB---MMM---B------MMM------M-------B-MMM-M--MMM-MMM----BBB-BBB----BB--B-B-MMM--B------B------M------BB-M---------MM-M--
----M---B-MM--B---B-BBB-M---B----MMMB----MM-------BBB---B-----MM-MM--MM--M--M----M-MM-B----M------------M-BB---------MBBB----B---B-BB---MMM---B------MMM------M-------B-MMM-M--MMM-MMM----BBB-BBB----BB--B-B-MMM--B------B------M------BB-M---------MM-M--
----M---B-MM--B---B-BBB-M---B----MMMB----MM-------BBB--BB-----MM-MM--MM--M--M----M-MM-B----M------------M-BB---------MBBB----B---B-BB---MMM---B------MMM------M-------B-MMM-M--MMM-MMM----BBB-BBB----BB--B-B-MMM--B------B------M------BB-M---------MM-M--
----M---B-MM--B---B-BBB-M---B----MMMB----MM-------BBB--BB-----MM-MM--MM--M--M----M-MM-B----M------------M-BB---------MBBB----B---B-BB---MMM---B------MMM------M-------B-MMM-M--MMM-MMM----BBB-BBB----BB--B-B-MMM--B----B-B------M------BB-M---------MM-M--
----M---B-MM--B---B-BBB-M---B----MMMB----MM-------BBB--BB-----MM-MM--MM--M--M----M-MM-B----M------------M-BB---------MBBB----B---B-BB---MMM---B------MMM------M-------B-MMM-M--MMM-MBB----BBB-BMM----BB--B-B-MMM--B----B-B------M------BB-M---------MM-M--
----M---B-MM--B---B-BBB-M---B----MMMB----MM-------BBB--BB-----MM-MM--MM--M--M----M-MM-B----M------------M-BB---------MBBB----B---B-BB---MMM---B------MMM------M-------B-MMM-M--MMM-M-B----BBB-B-M----BB--B-B-MMM--B----B-B------M------BB-M---------MM-M--
----M---B-MM--B---B-BBB-M---B----MMMB----MM-------BBB--BB-----MM-MM--MM--M--M----M-MM-B----M------------M-BB---------MBBB----B-B-B-BB---MMM---B------MMM------M-------B-MMM-M--MMM-M-B----BBB-B-M----BB--B-B-MMM--B----B-B------M------BB-M---------MM-M--
----M---B-MM--B---B-BBB-M---B----MMMB----MM-------BBB--BB-----MM-MM--MM--M--M----M-MM-B----M------------M-BB---------MBBB----B-B-B-BB---MMM---B------MMM------M-------B-MMM-M--MBM-M-B----BMB-B-M----BB--B-B-MMM--B----B-B------M------BB-M--------MMM-M--
----M---B-MM--B---B-BBB-M---B----MMMB----MM-------BBB--BB-----MM-MM--MM--M--M----M-MM-B----M------------M-BB---------MBBB----B-B-B-BB---MMM---B------MMM------M-------B-MMM-M--M-M-M-B----B-B-B-M----BB--B-B-MMM--B----B-B------M------BB-M--------MMM-M--
----M---B-MM--B---B-BBB-M---B----MMMB----MM-------BBB--BB-----MM-MM--MM--M--M----M-MM-B----M------------M-BB---------MBBB----B-B-B-BB---MMM---B------MMM------M-------B-MMM-M--M-M-M-B----B-B-B-M----BB--B-B-MMM--B----B-B---M--M------BB-M--------MMM-M--
----M---B-MM--B---B-BBB-M---B----MMMB----MM-------BBBB-BB-----MM-MM--MM--M--M----M-MM-B----M---------M--M-BB---------MBBB----B-B-B-BB---MMM---B------MMM------M-------B-MMM-M--M-M-M-B----B-B-B-M----BB--B-B-MMM--B----B-B---M--M------BB-M--------MMM-M--
----M---B-MM--B---B-BBB-M---B----MMMB----MM-------BBBB-BB-----MM-MM--MM--M--M----M-MM-B----M---------M--M-BB---------MBBB----B-B-B-BB---MMM---B------MMM------M-------B-MMM-M--M-M-M-B----B-B-B-M----BB--B-B-MMM--B----B-B---M--M------BB-M--------MMM-M--
----M---B-MM--B-B-B-BBB-M---B----MMMB----MM-------BBBB-BB-----MM-MM--MM--M--M----M-MM-B----M---------M--M-BB---------MBBB----B-B-B-BB---MMM---B------MMM------M-------B-MMM-M--M-M-M-B----B-B-B-M----BB--B-B-MMM--B----B-B---M--M------BB-M--------MMM-M--
----M---B-MM--B---B-BBB-M---B----MMMB----MM-------BBBB-BB-----MM-MM--MM--M--M----M-MM-M----M---------M--M-BB---------MBBB----B-B-B-BB---MMM---B------MMM------M-------B-MMM-M--M-M-M-B----B-B-B-M----BB--B-B-MMM--B----B-B---M--M------BB-M--------MMM-M--
----M---B-MM--B---B-BBB-M---B----MMMB----MM-------BBBB-BB-----MM-MM--MM--M--M----M-MM------M---------M--M-BB---------MBBB----B-B-B-BB---MMM---B------MMM------M-------B-MMM-M--M-M-M-B----B-B-B-M----BB--B-B-MMM--B----B-B---M--M------BB-M--------MMM-M--
----M-M-B-MM--B---B-BBB-M---B----MMMB----MM-------BBBB-BB-----MM-MM--MM--M--M----M-MM------M---------M--M-BB---------MBBB----B-B-B-BB---MMM---B------MMM------M-------B-MMM-M--M-M-M-B----B-B-B-M----BB--B-B-M-M--B----B-B---M--M------BB-M--------MMM-M--
----M-M-B-MM--B---B-BBB-M---B----MMMB----MM-------BBBB-BB-B---MM-MM--MM--M--M----M-MM------M---------M--M-BB---------MBBB----B-B-B-BB---MMM---B-B----MMM------M-------B-MMM-M--M-M-M-B----B-B-B-M----BB--B-B-M-M--B----B-B---M--M------B--M--------MMM-M--
----M-M-B-MMB-B---B-BBB-M---B----MMMB----MM-------BBBB-BB-----MM-MM--MM--M--M----M-MM------M---------M--M-BB---------MBBB----B-B-B-BB---MMM---B-B----MMM------M-------B-MMM-M--M-M-M-B----B-B-B-M----BB--B-B-M-M--B----B-B---M--M------B--M--------MMM-M--
----M-M-B-MMM-B---B-BBB-M---B----MMMB----MM-------BBBB-BB-----MM-MM--MM--M--M----M-MM------M---------M--M-BB---------MBBB----B-B-B-BB---MMM---B-B----MMM------M-------B-MMM-M--M-M-M-B----B-B-B-M----BB--B-B-M-M--B----B-B---M--M------B--M--------MMM-M--
----M-M-B-MMM-B---B-BBB-M---B----MMMB----MM-------BBBB-BB-----MM-MM--MM--M--M----M-MM------M---------M--M-BB---------MBBB----B-B-B-BB---MMM---B-B----MMM------M-------B-MMM-M--M-M-M-B----B-B-B-M----BB--B-B-M-M--B----B-B---M--M------B--M---------MM-M--
----M-M-B-MMM-B---B-BBB-M---B----MMMB----MM-------BBBB-BB-----MM-MM--MM--M--M----M-MM------M---------M--M-BB---------MBBB----B-B-B-BB---MMM---B-B----MMM------M-------B-MMM-M--M-M-M-B----B-B-B-M----BB--B-B-M-M--B----B-B---M--M------B--M---------MM-M--
----M-M-B-MMM-B---B-BBB-M---B----MMMB----MM-------BBBB-BB-----MM-MM--MM--M--M----M-MM------M---------M--M-BB---------MBBB----B-B-B-BB---MMM---B-B----MMM------M-------B--MM-M--M-M-M-B----B-B-B-M----BB--B-B-M-M--B----B-B---M--M------B--M---------MM-M--
----M-M-B-MMM-B---B-BBB-M---B----MMMB----MMM------BBBB-BB-----MM-MM--MM--M--M----M-MM------M---------M--M-BB---------MBBB----B-B-B-BB---MMMM--B-B----MMM------M-------B--MM-M--M-M-M-B----B-B-B-M----BB--B-B-M-M--B----B-B---M--M------B--M---------MM-M--
----M-M-B-MMM-B---B-BBB-M---B----MMMB----MMM------BBBB-BB-----MM-MM--MM--M--M----M-MM------M---------M--M-BB---------MBBB----B-B-B-BB---MMMM--B-B----MMM------M-------B--MM-M--M-M-M-B----B-B-B-M----BB--B-B-M-M--B----B-B---M--M------B--M---------MM-M--
----M-M-B-MMM-B-----BBB-M---B----MMMB----MMM------BBBB-BB-----MM-MM--MM--M--M----M-MM------M---------M--M-BB---------MBBB----B-B-B-BB---MMMM--B-B----MMM------M-------B--MM-M--M-M-M-B----B-B-B-M----BB--B-B-M-M--B----B-B---M--M------B--M---------MM-M--
----M-M-B-MMM-B-----BBB-M---B----MMMB----MMM------BBBB-BB-----MM-MM--MM--M--M----M-MM------M---------M--M-BB---------MBBB----B-B-B-BB---MMMM--B-B----MMM------M-------B--MM-M--M-M-M-B----B-B-B-M----BB--B-B-M-M--B----B-B---M--M------B--M---------MM-M--
----M-MB--MMM-------BBB-M---B----MMMB----MMM------BBBB-BB-----MM-MM--MM--M--M----M-MM------M---------M--M-BB---------MBBB----B-B-B-BB---MMMM--B-B----MMM------M-------B--MM-M--M-M-M-B----B-B-B-M---BBB--B-B-M-M--B----B-B---M--M------B--M---------MM-M--
----M-MB--MMM-------BBB-M---B----MMMB----MMM------BBBB-BB-----MM-MM--MM--M--M----M-MM------M---------M--M-BB---------MBBB----B-B-B-BB---MMMM--B-B----MMM-M----M-------B--MM-M--M-M-M-B----B-B-B-M----BB--B-B-M-M--B----B-B---M--M---------M---------MM-M--
----M-MB--MMM-------BBB-M---B----MMMB----MMM------BBBB-BB-----MM-MM--MM--M--M----M-MM------M---------M--M-BB---------MBBB----B-B-B-BB---MMMM--B-B----MMM-M----M-------B--MM-M--M-M-M-B----B-B-B-M----BB--B-B-M-M--B----B-B---M--M---------M---------MM-M--
----M-MB--MMM-------BBB-M---B----MMMB----M-M------BBBB-BB-----MM-MM--MM--M--M----M-MM------M--B------M--M-BB---------MBBB----B-B-B-BB---MMMM--B-B----MMM-M----M-------B--MM-M--M-M-M-B----B-B-B-M----BB--B-B-M-M--B----B-B---M--M---------M---------MM-MMB
----M-MB--MMM-------BBB-M---B----MMMB----M-M------BBBB-BB-----MM-MM--MM--M--M----M-MM------M-BB------M--M-BB---------MBBB----B-B-B-BB---MMMM--B-B----MMM-M----M-------B--MM-M--M-M-M-B----B-B-B-M----BB--B-B-M-M--B----B-B---M--M---------M---------MM-MMB
----M-MB--MMM-------BBB-M---B----MMMB----M-M------BBBB-MM-----MM-MM--MM--M--M----M-MM------M-BB------M--M-BB-------B-MBBB----B-B-B-BB---MMMM--B-B----MMM-M----M-------B--MM-M--M-M-M-B----B-B-B-M----BB--B-B-M-M--B----B-B---M--M---------M---------MM-MMB
----M-MB--MMM-------BBB-M---B----MMMB----M-M------BBBB-M------MM-MM--MM--M--M----M-MM------M-BB------M--M-BB---------MBBB----B-B-B-BB---MMMM--B-B----MMM-M----M-------B--MM-M--M-M-M-B----B-B-B-M----BB--B-B-M-M--B----B-B---M--M---------M---------MM-MMB
----M-MB--BBM-------BBB-M---B----MMMB----M-M------BBBBMM------MM-MM--MM--M--M----M-MM------M-BB------M--M-BB---------MBBB----B-B-B-BB---MMMM--B-B----MMM-M----M-------B--MM-M--M-M-M-B----B-B-B-M----BB--B-B-M-M--B----B-B---M--M---------M---------MM-MMB
----M-MB---BM-------BBM-M---B----MMMB----M-M------BBBBBM------MM-MM--MM--M--M----M-MM------M-BB------M--M-BB---------MBBB----B-B-B-BB---MMMM--B-B----MMM-M----M-------B--MM-M--M-M-M-B----B-B-B-M----BB--B-B-M-M--B----B-B---M--M---------M---------MM-MMB
----M-MB---BM-------BB--M---B----MMMB----M-M------BBBBBM------MM-MM--MM--M--M----M-MM------M-BB------M--M-BB---------MBBB----B-B-B-BB---MMMM--B-B----MMM-M----M-M-----B--MM-M--M-M-M-B----B-B-B-M----BB--B-B-M-M--B----B-B---M--M---------M---------MM-MMB
----M-MB---BM-------BB--M---B----MMMB----M-M------BBBBBM------MM-MM--MM--M--M----M-MM------M-BB------M--M-BB---------MBBB----B-B-B-BB---MMMM--B-B----MMM-M----M-M-----B--MM-M--M-M-M-B----B-B-B-M----BB--B-B-M-M--B----B-B---M--M---------M---------MM-MMB
----M-MB----M-------BB--M---B----MMMB----M-M------BBBBBM------MM-MM--MM--M--M----M-MM------M-BB------M--M-BB---------MBBB----B-B-B-BB---MMMM--B-B----MMM-M----M-M-----B--MM-M--M-M-M-B----B-B-B-M----BB--B-B-M-M--B----B-B---M--M---------M---------MM-MMB
----M-MB----M-------BB--M---B----MMMBB---M-M------BBBBBM------MM-MM--MM--M--M----M-MM------M-BB------M--M-BB---------MBBB----B-M-B-BB---MMMM--B-B----MMM-M----M-M-----B--MM-M--M-M-M-B----B-B-B-M----BB--B-B-M-M--B----B-B---M--M---------M---------MM-MMB
----M-MB----M----M--BB--M---B----MMMMM---M-M------BBBBBM------MM-MM--MM--M--M----M-MM------M-BB-M----M--M-BB---------MBBB----B---B-BB---MMMM--B-M----MMM-M----M-M-----B--MM-M--M-M-M-B----B-B-B-M----BB--B-B-M-M--B----B-B---M--M---------M---------MM-MMB
----M-MB----M----M--BB--M---B----MMMMM---M-M------BBBBBM------MM-MB--MM--M--M----M-MM------M-BB-M----M--M-BB---------MBBB----B---B-BB---MMMM--B------MMM-M----M-M-----B--MM-M--M-M-M-B----B-B-B-M----BB--B-B-M-M--B----B-B---M--M---------M---------MM-MMB
----M-MB----M----M--BB--M---B----MMMMM---M-M------BBBBBM------MM-M---MM--M--M----M-MM------M-BB-M----M--M-BB---------MBBB----B---B-BB---MMM---B------MMM-M--B-M-M-----B--MM-M--M-M-M-B----B-B-B-M----BB--B-B-M-M--B----B-B---M--M---------M---------MM-MMB
----M-MB----M----M--BB--M---B----MMMMM---M-M------BBBBBM------MM-M---MM--M--M----M-MM------M-BB-M----M--M-BB---------MBBB----B---B-BB---MMM---B------MMM-M--B-M-M-----B--MM-M--M-M-M-B----B-B-B-M----BB--B-B-M-M--B----B-B---M--M---------M-M-------MM-MMB
----M-MB----M----M--BB--M---B----MMMMM-----M------BBBBBM------MM-M---MM--M--M----M-MM------M-BB-M----M--M-BB---------MBBB----B---B-BB---MMM---B------MMM-MB-B-M-M-----B--MM-M--M-M-M-B----B-B-B-M----BB--B-B-M-M--M----B-B---M--M--------MM-M-------MM-MMB
----M-MB----M----M--BB--M---B----MMMMM-----M------BBBBBM------MM-M---MM--M--M----M-MM------M-BB-M----M--M-BB---------MBBB----B---B-BB---MMM---B------MMM-M--B-M-M-----B--MM-M--M-M-M-B----B-B-B-M----MB--B-B-M-M-------B-B---M--M--------MM-M-------MM-MMB
----M-MB----M----M--BB--M---BB---MMMMM-----M------BBBBBM------MM-M---MM--M--M----M-MM------M-BB-M----M--M-BB---------MBBB----B---B-BB---MMM---B------MMM-M--B-M-M-----B--MM-M--M-M-M-B----B-B-B-M-----B--B-B-M-M-------B-B---M--M--------MM-M-------MM-MMB
----M-MB----MM---M--BB-MM---BB---MMMMM-----M------BBBBBM------MM-M---MM--M--M----M-MM------M-BB-M----M--M-BB---------MBBB----B---B-BB---MMM---B------MMM-M--B-M-M-----B--MM-M--M-M-M-B----B-B-B-M-----B--B-B-M-M-------B-B---M--M--------MM-M-------MM-MMB
----M-MB----MM---M--BB-MM---BB---MMMMM-----M------BBBBBM------MM-M---MM--M--M----M-MM------M-BB-M----M--M-BB---------MBBB----BB--B-BB---MMM---B------MMM-M--B-M-M-----B--MM-M--M-M-M-B----B-B-B-M-----B--B-B-M-M-------B-B---M--M--------MM-M-------MM-MMB
-M--M-M-----MM---M--BB-MM---BB---MMMMM-----M------BBBBBM----M-MM-M---MM--M--M----M-MM------M-BB-M----M--M-BB---------MBBB----BB--B-BB---MMM---B------MMM-M--B-M-M-----B--MM-M--M-M-M-B----B-B-B-M-----B--B-B-M-M-------B-B---B--M--------MM-M-------MM-MMB
-M--M-M-----MM---M--BB-MM---BB---MMMMM-----M------BBBBBM----M-MM-M---MM--M--M----M-MB------M-BB-M----M--M-BB---------MBBB----BB--B-BB---MMM---B------MMM-M--B-M-M-----B--MM-M--M-M-M-B----B-B-B-M-----B--B-B-M-M-------B-B------M--------MM-M-------MM-MMB
-M--M-M-----MM---M--BB--M---BB---MMMMM-----M------BBBBBM----M-MM-M---MM--M--M----M-M-------M-BB-M----M--M-BB-B-------MBBB----BB--B-BB---MMM---B------MMM-M--B-M-M-----B--MM-M--M-M-M-B----B-B-B-M-----B--B-B-M-M-------B-B------M--------MM-M-------M--MMB
-M--M-M-----MM---M--BB--M---B----MMMMM-----M------MMBBBM----M-MM-M---MM--M--M----M-M-------M-BB-M----M--M-BB-B-------MBBB----BB--B-BB---MMM---B------MMM-M--B-M-M-----B--MM-M--M-M-M-B----B-B-B-M-----B--B-B-M-M-------B-B------M--------MM-M-------M--MMB
-M--M-M-----MM---M--BB--M---B----MMMMM-----M----B-M-BBBM----M-MM-M---MM--M--M----M-M-------M-BB-M----M--M-BB-B-------MBBB----BB--B-BB---MMM---B------MMM-M--BBM-M-----B--MM-M--M-M-M-B----B-B-B-M-----B--B-B-M-M-------B-B------M--------MM-M-------M--MMB
-M--M-M-----MM---M--BB--M---B----MMMMM-----M----B-M-BBBM----M-MM-M---MM--M--M----M-M-------M-BB-M----M--M-BB-B-------MBBB----BB--B-BB---MMM---B------MMM-M--MMM-M-----B--MM-M--M-M-M-B----B-B-B-M-----B--B-B-M-M-------B-B------M--------MM-M-------M--MMB
-M--M-M-----MM---M--BB--M---B----MMMMM-----M----B-M-BBBM----M-MM-M---MM--M--M----M-M-------M-BB-M----M--M-BB-B-------MBBB----BB--B-BB---MMM---B------MMM-M--MMM-M-----B--MM-M--M-M-M-B----B-B-B-M-----B--B-B-M-M-------B-B------M----B---MM-M-------M--MMB
-M--M-M-----MM---M--BB--M---B----MMMMM-----M----B-M-BBBM----M-MM-M---MM--M--M----MMM-------M-BB-M----M--M-BB-B-------MBBB----BB--B-BB---MMM---B------MMM-M--MMM-M-----B--MM-M--M-M-M-B----B-B-B-M-----B--B-B-M-M-------B-B------M----B---MM-M-------M--MMB
-M--M-M-----MM---M--BB--M---B----MMMMM-----M----B-M-BBBM----M-MM-M---MM--M--M----M-M-------M-BB-M----M--M-B--B-------MBBB----BB--B-BB---MMM---B------MMM-M--MMM-B-----B--MM-M--M-M-M-B----B-B-B-M-----B--B-B-M-M-------B-B------M----B---MM-MB------M--MMB
-M--M-M-----MM---M--BB--M---B----MMMMM-----M----B-M-BBBM----M-MM-M---MM--M--M----M-M-------M-BB-M----M--M-B--B----B--MBBB----BB--B-BB---MMM---B------MMM-M-MMMM-------B--MM-M--M-M-M-B----B-B-B-M-----B--B-B-M-M-------B-B------M----B---MM-MM------M--MMB
-M--M-M-----MM---M--BB--M---B----MMMMM-----M----B-M-BBBM----M-MM-M---MM--M--M----M-M-------M-BB-M----M--M-B--B----B--MBBB----BB--B-BB---MMM---B------MMM-M-MMMM-------B--MM-M--M-M-M-B----B-B-B-M-----B--B-B-M-M-------B-B------M----B---MM-MM------M--MMB
-M--M-M-----MM---M--BB--M---B----BBMMM-----M----B-M-BBBM----M-MM-M---MM--M--M------M-------M-BB-M----M--M-B--B----B--MBBB----BB--B-BB---MMM---B------MMM-M-MMMM-------B--MM-M--M-M-M-B----B-B-B-M-----B--B-B-M-M-------B-B------M----B---MM-MM------M--MMB
-M--M-M-----MM---M--BB--M---B----B-MMM-----MB---B-M-BBBM----M-MM-M---MM--M--M------M-------M-BM-M----M--M-B--B----B--MBBB----BB--B-BB---MMM---B------MMM-M-MMMM-------B--MM-M--M-M-M-B----B-B-B-M-----B--B-B-M-M-------B-B----B-M----B---MM-MM------M--MMB
-M--M-M-----MM---M--BB--M---B----B-MMM-----MM---B-M-BBBM----M-MM-M---MM--M--M------M-------M-B--M----M--M-B--B----B--MBBB----BB--B-BB---MMM---B------MMM-M-MMMM-------B--MM-M--M-M-M-B----B-B-B-M-----B--B-B-M-M-------B-B----B-M----B---MM-MM------M--MMB
-M--M-M-----MM---M--BB--M---B----B-MMM-----MM---B-M-BBBM----M-MM-M---MM--M--M------M-------M-B--M----M--M-B--B----B--MBBB----BB--B-BB---MMM---B------MMM-M-MMMM-------B--MM-M--M-M-M-B----B-B-B-M-----B--B-B-M-M-------B-B----B-M----B---MM-MM------M--MMB
-M--MBM-----MM---M--BB--M---B----B-MMM-----MM---B-M-BBBM----M-MM-M---MM--M--M------M-------M-B--M----M--M-B--B----B--MBBB----BB--B-BB---MMM---B------MMM-M-MMMM-------B--MM-M--M-M-M-B----B-B-B-M-----B--B-B-M-M-------B-B----B-M----B---MM-MM------M--MMB
-M--MMM-----MM---M--BB--M---B----B-MMM-----MM---B-M-BBBM----M-MM-M---MM--M--M------M-------M-B--M----M--M-B--B----B--MBBB----BB--B-BB---MMM---B------MMM-M-MMMM-------B--MM-M--M-M-M-B----B-B-B-M-----B--B-B-M-M-------B-B----B-M----B---MM-MM------M--MMB
-M--MMM-----MM---M--BB--M---B----B-MMM-----MM---B-M-BBBM----M-MM-M---MM--M--M------M-------M-B--M----M--M-B-MB----B--MBBB----BB--B-BB---MMM---B------MMM-M-MMMM-------B--MM-M--M-M-M-B----B-B-B-M-----B--B-B-M-M-------B-B----B-M----B---MM-MM------M--MMB
-M--MMM-----MM---M--BB--M---B----B-MMM-----MM---B-M-BBBM----M--M-M---MM--M--M------M-------M-B--M----M--M-B-MB----B--MBBB----BB--B-BB---MMM---B------MMM-M-MMMM-------B--MM-M--M-M-M-BB---B-B-B-MM----B--B-B-M-M-------B-B----B-M----B---MM-MM------M--MMB
-M--MMM-----MM---M--BB--M---B----B-MMM-----MM---B-M-BBBM----M--M-M---MM--M--M------M-------M-B--M-B--M--M-B-MB----B--MBBB----BB--B-BB---MMM---B------MMM-M-MMMM-------B--MM-M--M-M-M-BB---B-B-B-MM----B--B-B-M-M-------B-B----B-M----B---MM-MM------M--MMB
-M--MMM-----MM---M--BB--M---B----B-MMM-----MM---B-M-BBBM----M--M-M---MM--M--M------M-------M-B--M----M--M-B-MB----B--MBBB----BB--B-BB---MMM---B------MMM-M-MMMM-------B--MM-M--M-M-M-BB---B-B-B-MM----B--B-B-M-M-------B-B----B-M----B---MM-MM------M--MMB
-M--MMM-----MM---M--BB--M---B----B-MMM-----MM---B-M-BBBM----M--M-M-M-MM--M--M------M-------M-B--M----M--M-B-MB----B--MBBB----BB--B-BB---MMM---B------MMM-M-MMMM-------B--MM-M--M-M-M-BB---B-B-B-MM----B--B-B-M-M-------B-B----B-M----B---MM-MM------M--MMB
-M--MMM-----MM---M--BB--M---B----B-MMM-----MM---B-M-BBBM----M--M-M-M-MM--M--M------M-------M-B--M----M--M-B-MB----B--MBBB----BB--B-BB---MMM---B------MMM-M-MMMM-------B--MM-M--M-M-M-BB---B-B-B-MM----B--B-B-M-M-------B-B----B-M----B---MM-MM------M--BBB
-M--MMM-----MM---M--BB--M---B----B-MMM-----MM---B-M-BBBM----M--M-M-M-MM--M--M------M-------M-B--M----M--M-B-MB----B--MBBB----BB--B-BB---MMM---B------MMM-M-MMMM-------B--MM-M--M-M-M-BB---B-B-B-MM----B--B-B-M-M-------B-B----B-M----B---MM-MM------M---BB
-M--MMM-----MM---M--BB--M---B----B-MMM-----MM---B-M-BBBM----M--M-M-M-MM--M--M------M-------M-B--M----M--M-B-MB----B--MBBB----BB--B-BB---MMM---B------MMM-M-MMMM-------B--MM-M--M-M-M-BB---B-B-B-MM----B--B-B-M-M-------B-B----B-M----B---MM-MM------M---BB
-M--MMM-----MM---M--BB--M---B----B-MMM-----MM---B-M-BBBM----M--M-M-M-MM--M--M-M----M-----M-M-B--M----M--M-B-MB----B--MBBB----BB--B-BB---MMM---B------MMM-M-MMMM-------B--MM-M--M-M-M-BB---B-B-B-MM----B--B-B-M-M-------B-B----B-M----B---MM-MM------M---BB
-M--MMM-----MM---M--BB--M---B----B-MMM-----MM---B-M-BBBM----M--M-M-M-MM--M--M-M----M-----M-M-B--M----M--M-B-MB----B--MBBB----BB--B-BB---MMM---B------MMM-M-MMMM-------B--MM-M--M-M-M-BB---B-B-B-MM----B--B-B-M-M-------B-B----B-M----B---MM-MM------M---BB
-M--MMM-----MM---M--BB--M---B----B-MMM-----MM---B-M-BBBM----M--M-M-M-MM--M--M-M----M-----M-M-B--M----M--M-B-MB----B--MBBB----BB--B-BB---MMM---B------MMM-M-MMMM-------B--MM-M--M-M-M-BB---B-B-B-MM----B--B-B-M-M-------B-B----B-M----B---MM-MM------M---BB
-M--MMM-----MM---M--BB--M---B----B-MMM-----MM---B-M-BBBM----M--M-M-M-MM--M--M-M----M-----M-M-B--M----M--M-B-MB----B--MBBB----BB--B-BB---MMM---B------MMM-M-MMMM-------B--MM-M--M-M-M-BB---B-B-B-MM----B--B-B-M-M-------B-B----B-M---BB---MM-MM------M---B-
-M--MMM-----MM---M--BB--M---B----B-MMM-----MM---B-M-BBBM----M--M-M-M-MM--M--M-M----M-----M-M-B--M----M--M-B-MB----B--MBBB----BM--B-BB---MMM---B------MMM-M-MMMM-------B--MM-M--M-M-M-BB---B-B-B-MM----B--B-B-M-M-------B-B----B-M----B---MM-MM------M---B-
-M--MMM-----MM---M--BB--M---B----B-MMM-----MM---B-M-BBBM----M--M-M-M-MM--M--M-M----M-----M-M-B--M----M--M-B-MB----B--MBBB----B---B-BB---MMM---B------MMM-M-MMMM-------B--MM-M--M-M-M-BB---B-B-B-MM----B--B-B-M-M-------B-B----B-M----B---MM-MM------M---B-
-M--MMM-----MM---M--BB--M---B----B-MMM-----MM---B-M-BBBM----M--M-M-M-MM--M--M-M----M-----M-M-B--M----M--M-B-MB----B--MBBB----B---B-BB---M-M---B------MMM-M-MMMM-------B--MM-M--M-M-M-BB---B-B-B-MM-M--B--B-B-M-M-------B-B----B-M----B---MM-MM------M---B-
-M--MMM-----MM---M--BB--M---B----B-MMM-----MM---B-M-BBBM----M--M-M-M-MM--M--M-M----M-----M-M-B--M----M--M-B-MB----B--MBBB----B---B-BB---M-M---B------MMM-M-MMMM-------B--MM-M--M-M-M-BB---B-B-B-MM-M--B--B-B-M-M-------B-B----B-M----B---MM-MM------M---B-
-M--MMM-----MM---M--BB--M---B----B-MMM-----MM---B-M-BBBM----M--M-M-M-MM--M--M-M----M-----M-M-B--M----M--M-B-MB----B--MBBB----B---B-BB---M-M---BB-----MMM-M-MMMM-------B--MM-M--M-M-M-BB---B-B-B-MM-M--B--B-B-M-M-------B-B--M-B-M----B---MM-MM------M---B-
-M--MMM-----MM---M--BB--M---B----B-MMM-----MM---B-M-BBBM----M--M-M-M-MM--M--M-M----M-----M-M-B--M----M--M-B-MB----B--MBBB----B---B-BB---M-M---BB-----MMM-M-MMMM-------B--MM-M--M-M-M-BB---B-B-B-MM-M--B--B---M-M-------B-B--M-B-M----B---MM-MM------M---B-
-M--MMM-----MM---M--BB--M---B----B-MMM-----MM---B-M-BBBM----M--M-M-M-MM--M--M-M----M-----M-M-B--M----M--M-B-MB----B--MBBB----B---B-BB---M-M----B-----MMM-M-MMMM-------B--MM-M--M-M-M-BB---B-B-B-MM-M--B--B---M-M-------B-B--M-B-M----B---MM-MM------M---B-
-M--MMM-----MM---M--BB--M---B----B-MMM-----MM---B-M-BBBM----M--M-M-M-MM--M--M-M----M-----M-M-B--M----M--M-B-MB----B--MBBB----B---B-BB---M-M----B-----MMM-M-MMMM-------B--MM-M--M-M-M-BB---B-B-B-MM-M--B--B---M-M-------B-B--M-B-M----B---MM-MM------M---B-
-M--MMM-----MM---M--BB--M---B----B-MMM-----MM---B-M-BBBM----M--M-M-M-MM--M--M-M----M-----M-M-B--M----M--M-B-MB----B--MBBB----B---B-BB---M-M----B-----MMM-M-MMMM-------B--MM-M--M-M-M-BB---B-B-B-MM-M--B--B---M-M-------B-B--M-B-M----B---MM-MM------M---B-
-M--MMM-----MM---M--BB--M---B----B-MMM--B--MM---B-M-BBBM----M--M-M-M-MM--M--M-M----M-----M-M-B--M----M--MBB-MB----B--MBBB---BB---B-BB---M-M----B-----MMM-M-MMMM-------B--MM-M--M-M-M-BB---B-B-B-MM-M--B--B---M-M-------B-B--M-B-M----B---MM-MM------M---B-
-M--MMM-----MM---M--BB--M---B----B-MMM--B--MM---B-M-BBBM----M--M-M-M-MM--M--M-M----M-----M-M-B--M----M--MMM-MB----B--MBBB---BB---B-BB---M-M----M-----MMM-M-MMMM-------B--MM-M--M-M-M-BB---B-B-B-MM-M--B--B---M-M-------B-B--M-B-M----B---MM-MM------M---B-
-M--MMM-----MM---M--BB--M---B----B-MMM--B--MM---B-M-BBBM----M--M-M-M-MM--M--M-M----M-----M-M-B--M----M--MMM-MB----B--MBBB---BB---B-BB---M-M----------MMM-M-MMMM-------B--MM-M--M-M-M-BB---B-B-B-MM-M--B--B---M-M-------B-B--M-B-M----B---MM-MM------M---B-
-M--MMM-----MM---M--BB--M---B----B-MMM--B--MM---B-M-BBBM----M--M-M-M-MM--M--M-M----M-----M-M-B--M----M--MMM-MB----B--MBBB---BB---B-BB---M-M----------MMM-M-MMMM-------B--MM-M--M-M-M-BB---B-B-B-MM-M--B--B---M-M-------B-B--M-B-M----B---MM-MM------M---B-
-M--MMM-----MM---M--BB--M---B----B-MMM--B--MM---B-M-BBBM----M--M-M-M-MM--M--M-M----M-----M-M-B--M----M--MMM-MB----B--MBBB---BB---B-BB---M-M----------MMM-M-MMMM-------B--MM-M--M-M-M-BB---B-B-B-MM-M--B--B---M-M-------B-B--M-B-M----B---MM-MM------M---B-
-M--MMM-----MM---M--BB--M---B----B-MMM--B--MM---B-M-BBBM----M--M-M-M-M---M--M-M----M-----M-M-B--M----M--MMM-MB----B--MBBB---BB---B-BB---M-M----------MMM-M-MMMM-------B--MM-M--M-M-M-BB---B-B-B-MM-M--B--B---M-M-------B-B--M-B-M----B---MM-MM------M---B-
-M--MMM-----MM---M--BB--M---B----B-MMM--B--MM---B-M-BBBM----M--M-M-M-M---M--M-M----M-----M-M-B--M----M--MMM-MB----B--MBBB---BB---B-BB---M-M----------MMM-M-MMMM-------B--MM-M--M-M-M-BB---B-B-B-MM-M--B--B---M-M-------B-B--M-B-M----B---MM-MM------M---B-
-M--MMM-----MM---M--BB--M---B----B-MMM--B--MM---B-M-BBBM----M--M-M-M-M---M--M-M----M-----M-M-B--M----M--MMM-MB----B--MBBB---BB---B-BB---M-M----------MMM-M-MMMM-------B--MM-M--M-M-M-BB---B-B-B-MM-M--B--B---M-M-------B-B--M-B-M----B---MM-MM------M---B-
-M--MMM-----MM---M--BB--M---B----B-MMM--B--MM---B-M-BBBM----M--M-M-M-M---M--M-M----M-----M-M-B--M----M--MMM-MM----B--MBBB---BB---B-BB---M-M----------MMM-M-MMMM-------B--MM-M--M-M-M-BB---B-B-B-MM-M--B--B---M-M-------B-B--M-B-M----B---MM-MM------M---B-
-M--MMM-----MM---M--BB--M---B----B-MMM--B--MM---B-M-BBBM----M--M-M-M-M---M--M-M----M----BM-M-B--M----M--MMM-M-----B--MBBB---BB---B-BB---M-M----------MMM-M-MMMM---B---B--MM-M--M-M-M-BB---B-B-B-MM-M--B--B---M-M-------B-B--M-B-M----B---MM-MM------M---B-
-M--MMM-----MM---M--BB--M---B----B-MMM--B--MM---B-M-BBB-----M--M-M-M-M---M--M-M----M----BM-M-B--M----M--MMM-M-----B--MBBB---BB---B-BB---M-M----------MMM-M-MMMM---B---B--BM-M--M-M-M-BB---B-B-B-MM-M--B--B---M-MB------B-BB-M-B-M----B---MM-MM------M---B-
-M--MMM-----MM---M--BB--M---B----B-MMM--B--MM---B-M-BBB-----M--M-M-M-M---M--M-M----M----BM-M-B--M----M--MMM-M-----B--MBBB---BB---B-BB---M-M----------MMM-M-MMMM---B---BB--M-M--M-MMM-BB---B-BBB-MM-M--B--B---M-MB------B-BB-M-B-M----B---MM-MM------M---B-
-M--MMM-----MM---M--BB--M---B----B-MMM--B--MM---B-M-BBB-----M--M-M-M-M---M--M-M----M----BM-M-B--M----M--MMM-M-----B--MBBB---BB---B-BB---M-M----------MMM-M-MMMM---B---BB--M-M--M-MMM-BB---B-BBB-MM-M--B--B---M-MB------B-BB-M-B-M----B---MM-MM------M---B-
-M--MMM-----MM---M--BB--M---B----B-MMM--B--M----B-M-BBB-----M--M-M-M-M---M--M-M----M----BM-M-B--M----M--MMM-M-----B--MBBB---BB---B-BB---M-M----------MMM-M-MMMM---B---BB--M-M--M-MMM-BB---B-BBB-MM-M--B--B---M-MB------B-BB-M-B-M----B---MM-MM------M---B-
-M--MMM-----MM---M--BB--M---B----B-MMM--B--M----B-M-BBB-----M--M-M-M-M---M--M-M----M----BM-M-B--M----M--MMM-M-----B--MBBB---BB---B-BB---M-M----------MMM-M-MMMM---B---BB--M-M--M-MMM-BB---B-BBB-MM-M--B--B---M-MB------B-BB-M-B-M----B---MM-MM------M---B-
-M--MMM-----MM---M--BB--M---B----B-MMM--B--M----B-M-BBB-----M--M-M-M-M---M--M-M----M----BM-M-B--M----M--MMM-M-----B--MBBB---BB---B-BB---M-M----------MMM-M-MMMM---B---BB--M-M--M-MMM-BB---B-BBB-MM-M--B--B---M-MB------B-BB-M-B-M----B---MM-MM------M---B-
-M--MMM--B--MM---M--BB--M---B----B-MMM--B--M----B-M-BBB-----M--M-M-M-M---M--M-M----M----BM-M-B--M----M--MMM-M-----B--MBBB---BB---B-BB---M-M------B---MMM-M-MMMM---B---BB--M-M--M-MMM-BB---B-BBB-MM-M--B--B---M-MB------B-BB-M-B-M----B---MM-MM------M---B-
-M--MMM--B--MM---M--BB--M---B----B-MMM--B--M----B-M-BBB-----M--M-M-M-M---M--M-M----M----BM-M-B--M----M--MMM-M-----B--MBBB---BB---B-BB---M-M------B---MMM-M-MMMM---B---BB--M-M--M-MMM-BB---B-BBB-MM-M--B--B---M-MB------B-BB-M-B-MM---B---MM-MM------M---B-
-M--M-M--B--MM---M--BB--M---B----B-MMM--B--M----B-M-BBB-----M--M-M-M-M---M--M-M----M----BB-M-B--M----M--MMM-M-----B--MBBB---BB---B-BB---M-M------B---MMM-M-MMMM---B---BB--M-M--M-MMM-BB---B-BBB-MM-M--B--B---M-MB------B-BB-M-B-M----B---MM-MM------M---B-
-M--M-M--B--MM---M--BB--M---M----B-MMM--B--M----B-M-BBB-----M--M-M-M-M---M--M-M----M----B--M-B--M----M--MMM-M-----B--MBBB---BB---B-BB---M-M------B---MMM-M-MMMM---B---BB--M-M--M-MMM-BB---B-BBB-MM-M--B--B---M-MB------B-BB-M-B-M----B---MM-MM------M---B-
-M--M-M--B--MM---M--BB--MB-------B-MMM--B--M----B-M-BBB-----M--M-M-M-M---M--M-M----M----B--M-B--M----M--MMM-M-----B--MBBB---BB---B-BB---M-M--M---B---MMM-M-MMMM---B---BB--M-M--M-MMM-BB---B-BBB-MM-M--B--B---M-MB------B-BB-M-B-M----B---MM-MM------M---B-
-M--M-M--B--MM---M--BB--MM-------B-MMM--B--M----B-M-BBB-----M--M-M-M-M---M--M-M----M----B--M-B--M----M--MMM-M-----B--MBBB---BB---B-BB---M-M--M---B---MMM-M-MMMM---B---BB--M-M--M-MMM-BB---B-BBB-MM-M--B--B---M-MB------B-BB-M-B-M----B---MM-MM------M---B-
-M--M-M--B--MM---M--BB--M--------B-MMM--B--M----B-M-BBB-----M--M-M-M-M---M--M-M----M----B--M-B--M----M--MM--M-----B--MBBB---BB---B-BB---M-M--M---B---MMM-M-MMMM---B---BB--M-M--M-MMM-BB---B-BBB-MM-M--B--B---M-MB------B-BB-M-B-M----B---MM-MM------M---B-
-M--M-M--B--MM---M--BB--M--------B-MMM--B--M----B-M-BBB-----M--M-M-M-M---M--M-M----M----B--M-B--M----M--MM--M-----B--MBBB---BB---B-BB---M-M--M---B---MMM-M-MMMM---B---BB--M-M--M-MMM-BB---B-BBB-MM-M--B--B---M-MB------B-BB-M-B-M----B---MM-MM---M--M---B-
-M--M-M--B--MM---M--BB--M--------B-M-M--B--M----B-M-BBB-----M--M-M-M-M---M--M-M----M----B--M-B--M----M--MM--M-----B--MBBB---BB---B-BB---M-M--M---BM--MMM-M-MMMM---B---BB--M-M--M-MMM-BB---B-BBB-MM-M--B--B---M-MBB-----B-BB-M-B-M----B---MM-MM---M--M---B-
-M--M-M--B--MM---M--BB--M--------B-M-M--B--M----B-M-BBB-----M--M-M-M-M---M--M-M----M-M--B--M-B--M----M--MM--M-----B--MBBB---BB---B-BB---M-M--M---BB--MMM-M-MMMM---B---BB--M-M--M-MMM-BB---B-BBB-MM-M--B--B---M-MMM-----B-BB-M-B-M----B---MM-MM---M--M---B-
-M--M-M--B--MM---M--BB--M--------B-M-M--B--M----B-M-BBB-----M--M-M-M-M---M--M-M----M-M--B--M-B--M----M--MM--M-----B--MBBB---BB---B-BB---M-M--M---BB--MMM-M-MMMM---B---BB--M-M--M-MMM-BB---B-BBB-MM-M--B--B---M-MMM-----B-BB-M-B-M----B---MM-MM---M--M---B-
-M--M-M--B--MM---M--BB--M--------B-M-M--B--M----B-M-BBB-----M--M-M-M-M---M--M-M----M-M--B--M-B--M----M--MM--M-----B--MBBB---BB---B-BB---M-M--M---BB--MMM-M-MMMM---B---BB--M-M--M-MMM-BB---B-BBB-MM-M--B--B---M-MMM-----B-BB-M-B-M----B---MM-MM---M--M---B-
-M--M-M--B--MM---M--BB--M----------M-M--B--M----B-M-BBB-----M--M-M-M-M---M--M-M----M-M--B--M-B--M----M--MM--M-----B--MBBB---BB---B-BB---M-M--M---BBB-MMM-M-MMMM---B---BB--M-M--M-MMM-BB---B-BBB-MM-M--B--B---M-MMM-----B-BB-M-B-M----B---MM-MM---M--M---B-
-M--M-M--B--MM---M--BB--M----------M-M--B--M----B-M-BBB-----M--M-M-M-M---M--M-M----M-M--B--M-B--M----M--MM--M-----B--MBBB---BB---B-BB---M-M--M---BBB-MMM-M-MMMM---B---BB--M-M--M-MMM-BB---B-BBB-MM-M--B--B---M-MMM-----B-BB-M-B-M----B---MM-MM---M--M---B-
-M--M-M--B--MM---M--BB--M----------M-M--B--M----B-M-BBB-----M--M-M-M-M---M--M-M----M-M--B--M-B--M----M--MM--M-----B--MBBB---BB---B-BB---M-M--M---BBB-MMM-M-MMMM---B---BB--M-M--M-MMM-BB---B-BBB-MM-M--B--B---M-MMM-----B-BB-M-B-M----B---MM-MM---M--M---B-
-M--M-M--B--MM---M--BB--M----------M-M--B--M----B-M-BBB-----M--M-M-M-M---M--M-M----M-M--B--M-B--M----M--MM--M-----B--MBBB---BB---B-BB---M-M--M---BBB-MMM-M-MMMM---B---BB--M-M--M-MMM-B----B-BBB-M--M--B--B---M-MMM-----B-BB-M-B-M----B---MM-MM---M--M---B-
-M--M-M--B--MM---M--BB--M----------M-M--B--M----B-M-BBB-----M--M-M-M-M---M--MBM----M-M--B--M-B--M----M--MM--M-----B--MBBB---BB---B-BB---M-M--M---BBB-MMM-M-MMMM---B---BB--M-M-MM-MMM-B---BB-BBB-M--M--B--B---M-MMM-----B-BB-M-B-M----B---MM-MM---M--M---B-
-M--M-M--B--MM---M--BB--M----------M-M--B--M----B-M-BBB-----M--M-M-M-M---M--MMM----M-M--B--M-B--M----M--MM--M-----B--MBBB---BB---B-BB---M-M--M---BBB-MMM-M-MMBB---B---BB--M-M-MM-MMM-B---BB-BBB-M--M--B--B---M-MMM-----B-BB-M-B-M----B---MM-MM---M--M---B-
-M--M-M--B--MM---M--BB--M----------M-M--B--M----B-M-BBB-----M--M-M-M-M---M--MMM----M-M--B--M-B--M----M--MM--M-----B--MBBB---BB---B-BB---M-M--M---BBB-MMM-M-MMB----B---BB--M-M-MM-MMM-B---BB-BBB-M--M--B--B---M-MMM-----B-BB-M-B-M----B---MM-MM---M--M---B-
-M--B-M--B--MM---M--BB--M----------M-M-BB--M----B-M-BBB-----M--M-M-M-M---M-MMMM----M-M--B--M-B--M----M--MM--M-----B--MBBB---BB---B-BB---M-M--M---BBB-MMM-M-MMB----B---BB--M-M-MM-MMM-B---BB-BBB-M--M--B--B---M-MMM-----B-BB-M-B-M----B---MM-MM---M--M---B-
-M----M--B--MM---M--BB--M----------M-M-MB--M----B-M-BBB-----M--M-M-M-M---M-MMMM----M----B--M-B--M----M--MM--M-----B--MBBB---BB---B-BB---M-M--M---BBB-MMM-M-MMB----B---BB--M-M-MM-MMM-B---BB-BBB-M--M--B--B---M-MMM-----B-BB-M-B-M----B---MM-MM---M--M---B-
-M----M--B--MM---M--BB--M----------M-M-MB--M----B-M-BBB-----M--M-M-M-M---M-MMMM----M----B--M-B--M----M--MM--M-----B--MBBB---BB---B-BB---M-M--M---BBB-MMM-M-MMB----B---BB--M-M-MM-MMM-B---BB-BBB-M--M--B--B---M-MMM-----B-BB-M-B-M----B---MM-MM---M--M---B-
-M----M--B--MM---M--BB--M----------M-M-MB--M----B-M-BBB-----M--M-M-M-M---M-MMMM----M----B--M-B-------M--MM--M-----B--MBBBM--BB---B-BB---M-M--M---BBB-MMM-M-MMB----B---BB--M-M-MM-MMM-B---BB-BBB-M--M--B--B---M-MMM-----B-BB-M-B-M----B---MM-MM---M--M---B-
-M----M--B--MM---M--BB--M----------M-M-MB--M----B-M-BBB-----M--M-M-M-M---M-MMMM----M----B--M-B-------M--MM--M-----B--MBBBB--BB---B-BB---M-M--M---BBB-MMM-M-MMB----B---BB--M-M-MM-MMM-B---BB-BBB-M--M--B--B---M-MMM-----B-BB-M-B-M----B---MM-MM---M--M---B-
-M----M--B--MM---M--BB--M-----B----M-M-MB--M----B-M-BBB----MM--M-M-M-M---M-MMMM----M----B--M-B-------M--MM--M-----B--MBBBB--BB---B-BB---M-M--M---BBB-MMM-M-MMB----B--BBB--M-M-MM-MMM-B---BB-BBB-M--M--B--B---M-MMM-----B-BB-M-B-M----B---MM-MM---M--M---B-
-M----M--B--MM---M--BB--M--B--B----M-M-MB--M----B-M-BBB----MM--M-M-M-M---M-MMMM----M----B--M-B-------M--MM--M-----B--MBBBB--BB---B-BB---M-M--M---BBB-MMM-M-MMB----B---BB--M-M-MM-MMM-B---BB-BBB-M--M--B--BB--M-MMM-----B-BB-M-B-M----B---MM-MM---M--M---B-
-M----M--B--MM---M--BB--M--B--B----M-MMMB--M----B-M-BBB----MM--M-M-M-M---M-MMMM----M----B--M-B-------M--MM--M-----B--MBBBB--BB---B-BB---M-M--M---BBB--MM-M-MMB----B---BB--M-M-MM-MMM-B---BB-BBB-M--M--B--BB--M-MMM-----B-BB-M-B-M----B---MM-MM---M--M---B-
-M----M--B--MM---M--BB--M--B--B----M-MMMB--M----B-M-BBB----MM--M-M-M-M---M-MMMM----M----B--M-B-------M--MM--M--B--B--MBBBB--BB---B-BB---M-M--M---BBB--MM-M-MMB----B---BB--M-M-MM-MMM-B---BB-BBB-M--M--B--BB--M-MMM-----B-BB-M-B-M----B---MM-MM---M--M---B-
-M----M--B--MM---M--BB--M--B--B----M-MMMB--M----B-M-BBB----MM--M-M-M-M---M-MMMM----M----B--M-B-------M--MM--M--B--B--MBBBB--BB---B-BB---M-M--M---BBB--MM-M-MMB----B---BB--M-M-MM-MMM-B---BB-BBB-M--M--B--BB--M-MMM-M---B-BB-M-B-M----B---MM-MM---M--M---B-
-M----M--B--MM---M--BB--M--B--B----M-MMMB--M----B-M-BBB--B-MM--M-M-M-M---M-MMMM----M----B--M-B-------M--MM--M--B--B--MBBBB--BB---B-BB---M-M--M---BBB--MM-M-MMB----B---BB--M-M-MM-MMM-B---BB-BBB-M--M--B--BB--M-MMM-M---B-BB-M-B-M----B---MM-MM---M--M---B-
-M----M--B--MM---M--BB--M--B--BB---M-MMMB--M----B-M-BBB----MM--M-M-M-M---M-MMMM----M----B--M-B-B--------MM--M--B--B--MBBBB--BB---B-BB---M-M--M---BBB--MM-M-MMB----B---BB--M-M-MM-MMM-B---BB-BBB-M--M--B--BB--M-MMM-M---B-BB-M-B-M----B---MM-MM---M--M---B-
-M----M--B--MM---M--BB--M--B--BB---M-MMMB--M----B-M-BBB----MM--M-M-M-M---M-MMMM----M----B--M-B-B--------MM--M--B--B--MBBBB--BB---B-BB---M-M--M---BBBB-MM-M-MM-----B---BB----M-MM-MMM-B---BB-BBB-M--M--B--BB--M-MMM-M---B-BB-M-B-M----B---MM-MM---M--M---B-
-M----M--B--MM---M--BB--M--B--BB---M-MMMB--M----B-M-BBB----MM--M-M-M-M---M-MMMM----M----B--M-B-B--------MM--M--B--B--MBBBB--BB---B-BB---M-M--B---BBB--MM-M-MM-----B---BB----M-MM-MMM-B---BB-BBB-M--M--B--BB--M-MMM-M---B-BB-M-B-M----B---MM-MM---M--M---B-
-M----M--B--MM---M--BB--M--B--BB---M-MMMB--M----B-M-BBB----MM--M-M-M-M---M-MMMM----M----B--M-B-B--------MM--M--B--B--MBBBB--BB---B-BB--MM-M------BBB--MM-M-MM-----B---BB----M-MM-MMM-B---BB-BBB-M--M--B--BB--M-MMM-M---B-BB-M-B-M----B---MM-MM---M--M---B-
-M----M--B--MM---M--BB--M--B--BB---M-MMMB--M----B-M-BBB----MM--M-M-M-M---M-MMMM----M----B--M-B-B--------MM--M--B--B--MBBBB--BB---B-BB--MM-M------BBB--MM-M-MM-----B---BB----M-MM-MMM-B---BB-BBB-M--M--B--BB--M-MMM-M---B-BB-M-B-M----B---MM-MM---M--M---B-
-M----M--B--MM---M--BB--M--B--BB---M-MMMB--M----B-M-BBB----MM--M-M-M-M---M-MMMM----M----B--M-B-B--------MM--M--B--B--MBBBB--BB---B-BB--MM-M------BBB--MM-M-MM-----B---BB----M-MM-MMM-B---BB-BBB-M--M--BB-BB--M-MMM-M---B-BB-M-B-M----B---MM-MM---M--M---B-
-M----M--B--MM---M--BB--M--B--BB---M-MMMB--M----B-M-BBB----MM--M-M-M-M---M-MMMM----M----B--M-B-B--------MM--M--B--B--MBBBB--BB---B-BB--MM-M------BBB--MM-M-MM-----B---BB----M-MM-MMM-B---BB-BBB-M--M--BB-BB--M-MMM-M---B-BB-M-B-M----B---MM-MM---M--M---B-
-M----M--B--MM---M--BB--M--B--BB---M-MMMB--M----B-M-BBB----MM--M-M-M-M---M-MMMM----M----B--M-B-B--------MM--M--B--B--MBBBB--BB---B-BB--MM-M------BBB--MM-M-MM-----B---BB----M-MM-MMM-B---BB-BBB-M--M--BB-BB--M-MMM-M---B-BB-M-B-M----B---MM-MM---M--M---B-
-M----M--B--MM---M--BB--M--B--BB---M-MMMB--M----B-M-BBB----MM--M-M-M-M---M-MMMM----M----B--M-B-B--------MM--M--B--B--MBBBB--BB---B-BB--MM-M------BBB--MM-M-MM-----B---BB----M-MM-MMM-B---BB-BBB-M--M--BB-BB--M-MMM-M---B-BB-M-B-M----B---MM-MM---M--M-B-B-
-M----M--B--MM---M--BB--M--B--BB---M-MMMB--M----B-M-BBB----MM--M-M-M-M---M-MMMM----M----B--M-B-B--------MM--M--B--B--MBBBB--BB---B-BB--MM-M------BBB--MM-M-MM-----B---BB----M-MM-MMM-B---BB-BBB-M--M--BB-BB--M-MMM-M---B-BB-M-B-M----B---MM-MM---M--M-B-B-
-M----M--B--MM---M--BB--M--B--BB---M-MMMB--M----B-M-BBB----MM--M-M-M-M---M-MMMM----M----B--M-B-B--------MM--M--B--B---BBBB--BB---B-BB--MM-M------BBB--MM-M-MM-----B---BB----M-MM-MMM-B---BB-BBB-M--M--BB-BB--M-MMM-M---B-BB-M-B-M----B---MM-MM---M--M-B-B-
-M----M--B--MM---M---B--M--B--BB---M-MMMB--M----B-M-BBB----MM--M-M-M-M---M-MMMM----M----B--M-B-B--------MM--M--B--B---BBBB--BB---B-BB--MM-M------BBB--MM-M-MM-----B---BB----M-MM-MMM-B---BB-BBB-M--M--BB-BB--M-MMM-M---B-BB-M-B-M----B---MM-MM---M--M-B-B-
-M----M--B--MM---M---B--M--B--BB---M-MMMB--M----B-M-BBB----MM--M-M-M-M---M-MMMM----M----B--M-B-B--------MM--M--B--B---BBBB--BB---B-BB--MM-M------BBB--MM-M-MM-----B---BB----M-MM-MMM-B---BB-BBB-M--M--BB-BB--M-MMM-M---B-BB-M-B-M----B---MM-MM---M--M-B-B-
-M----M--B--MM---M---B--M--B--BB---M-MMMB--M----B-M-BBB----MM--M-M-M-M---M-MMMM----M----B--M-B-B--------MM--M--B--B---BBBB--BB---B-BB--MM-M------BBB--MM-M-MM-----B---BB----M-MM-MMM-B---BB-BBB-M--M--BB-BB--M-MMM-M---B-BB-M-B-M----B---MM-MM---M--M-B-B-
-M----M--B--MM---M---B--M--B--BB---M-MMMB--M----B-M-BBB----MM--M-M-M-M---M-MMMM----M----B--M-B-B--------MM--M--B--B---BBBB--BB---B-BB--MM-M------BBB--MM-M-MM-----B---BB----M-MM-MMM-B---BB-BBB-M--M--BB-BB--M-MMM-M---B-BB-M-B-M----B---MM-MM---M--M-B-B-
-M----M--B--MM---M---B--M-BB--BB---M-MMMB--M----B---BBB----MM--M-M-M-M---M-MMMM----M----B--M-B-B--------MM--M--B--B---BBBB--BB---B-BB--MM-M------BBB--MM-M-MM-----B---BB----M-MM-MMM-B---BB-BBB-M--M--BB-BB--M-MMM-M---B-BB-M-B-M----B---MM-MM---M--M-B-B-
-M----M--B--MM---M---B--M-BB--BB---M-MMM---M----B---BBB----MM--M-M-M-M---M-MMMM----M----B--M-B-B--------MM--M--B--B---BBBB-BBB---B-BB--MM-M------BBB--MM-M-MM-----B---BB----M-MM-MMM-B---BB-BBB-M--M--BB-BB--M-MMM-M---B-BB-M-B-M----B---MM-MM---M--M-B-B-
-M----M--B--MM---M---B--M-BB--BB---M-MMM---M----B---BBB----MM--M-M-M-M---M-MMMM----M----B--M-B-B--------MM--M--M--B---BBBB-BBB---B-BB--MM--------BBB--MM-M-MM-----B---BB----M-MM-MMM-B---BB-BBB-M--M--BB-BB--M-MMM-M---BMBB-M-B-M----B---MM-MM---M--M-B-B-
-M----M--B--MM---M---B--M-BB--BB---M-MMM---M----B---BBB----MM--M-M-M-M---M-MMMM----M----B--M-B-B--------MM--M-----B---BBBB-BBB---B-BB--MM--------BBB--MM-M-MM-----B---BB----M-MM-MMM-B---BB-BBB-M--M--BB-BB--M-MMM-M---BBBB-M-B-M----B---MM-MM-M-M--M-B-B-
-M----M--B--MM---M---B--M-BB--BB---M-MMM---M----B---BBB----MM--M-M-M-M---M-MMMM----M----B--M-B-B--------MM--M-----B---B-BB-BBB---B-BB--MM--------BBB--MM-M-MM-----B---BB----M-MM-MMM-B---BB-BBB-M--M--BB-BB--M-MMM-M---BBBB-M-B-M----B---MM-MM-M-M--M-B-B-
-M----M--B--MM---M---B--M-BB--BB---M-MMM---M----B---BBB----MM--M-M-M-M---M-MMMM----M----B--M-B-B--------MM--M-----B---B-BB-BBB---B-BB--MM--------BBB--MM-M-MM-----B---BB----M-MM-MMM-B---BB-BBB-M--M--BB-BB--M-MMM-M---BBBB-M-B-M----B---MM-MM-M-M--M-B-B-
-M----M--B--MM---M---B--M-BB--BB---M-MMM---M----B---BBB----MM--M-M-M-M---M-MMMM----M----B--M-B-B--------MM--M-----B---B-BB-BBB---B-BB--MM--------BBB--MM-M-MM-----B---BB----M-MM-MMM-B---BB-BBB-M--M--BB-BB--M-MMM-M---BBBB-M-B-M----B---MM-MM-M-M--M-B-B-
-M----M--B--MM---M---B--M-BB--BB---M-MMM---M----B---BBB----MM--M-M-M-M---M-MMMM----M----B--M-B-B--------MM--M-----B---B-BB-BBB---B-BB--MM--------BBB--MM-M-MM-----BM--BB----M-MM-MMM-B---BB-BBB-M--M--BB-BB--M-MMM-M---BBBB-M-B-M----B---MM-MM-M-M--M-B-B-
-M----M--B--MM---M---B--M-BB--BB---M-MMM---M----B---BBB----MMM-M-M-M-M---M-MMMM----M----B--M-B-B--------MM--M-----B---B-BB-BBB---B-BB--MM--------BBB--MM-M-MM-----B---BB----M-MM-MMM-B---BB-BBB-M--M--BB-BB--M-MMM-M---BBBB-M-B-M----B---MM-MM-M-M--M-B-B-
-M----M--B--MM---M------M-BB--BB---M-MMM---M----B---BBB----MMM-M-M-M-M---M-MMMM----M----B--M-B-B--------MM--M-----B---B-BB-BBB---B-BB--MM--------BBB--MM-M-MM-----B---BB----M-MM-MMM-B---BB-BBB-M--M--BB-BB--M-MMM-B---BBBB-M-B-M----B---MM-MM-M-M--M-B-B-
-M----M--B--MM---M------M-BB--BB---M-MMM---M----B---BBB----MMM-M-M-M-M---M-MMMM----M----B--M-B-B--------MM--M-----B---B-BB-BBB---B-BB--MM--------BBB--MM-M-MM-----B---BB----M-MM-MMM-B---BB-BBB-M--M--BB-BB--M-MMM-----BBBB-M-B-M----B---MM-MM-M-M--M-B-B-
-M----M--B--MM---M------M-BB--BB---M-MMM---M----B---BBB----MMM-M-M-M-M---M-MMMM----M----B--M-B-B--------MM--M-----B---B-BB-BBB---B-BB--MM--------BBB--MM-M-MM-----B---BB----M-MM-MMM-B---BB-BBB-M--M--BB-BB--M-MMM-----BBBB-M-B-M----B---MM-MM-BBB--M-B-B-
-M----M--B--MM---M------M-BB--BB---M-MMM---M----B---BBB----MMM-M-M-M-M---M-MMMM----M----B--M-B-B--------MM--M-----B---B-BB-B-B---B-BB--MM--------BBB--MM-M-MM-----B---BB----M-MM-MMM-B---BB-BBB-M--M--BB-BB--M-MMM-----MBBB-M-B-M----B---MM-MM-B-B--M-B-B-
-M----M--B--MM---M------M-BB--BB---M-MMM---M----B---BBB----MMM-M-M-M-M---M-MMMM----M----B--M-B-B--------MM--M-----B---B-BB-B-B---B-BB--MM--------BBB--MM-M-MM-----B---BB----M-MM-MMM-B---BB-BBB-M--M--BB-BB--M-MMM------BBB-M-B-M----B---MM-MM-B----M-B-B-
-M----M--B--MM---M------M-BB--BB---M-MMM---M----B---BBB----MMM-M-M-M-M---M-MMMM----M----B--M-B-B--------MM--M-----B-----BB-B-B---B-BB--MM--------BBB--MM-M-MM-----B---BB----M-MM-MMM-B---BB-BBB-M--M--BB-BB--M-MMM------BBB-M-B-M----B---MM-MM-B----M-B-B-
-M----M--B--MM---M------M-BB--BB---M-MMM---M----B---BBB----MMM-M-M-M-M---M-MMMM----M----B--M-B-B--------MM--M-----B-----BB-B-B---B-BB--MM--------BBB--MM-M-MM-----B---BB----M-MM-MMM-B---BB-BBB-M--M--BB-BB--M-MMM------BBB-M-B-M----B---MM-MM-B----M-B-B-
-M----M--B---M---M------M-BB--BB---M-MMM---M----B---BBB----MMM-M-M-M-M---M-MMMM----M----B--M-B-B--------MM--M-----B-----BB-B-B---B-BB--MM--------BBB--MM-M-MM-----B---BB----M-MM-MMM-B---BB-BBB-M--M--BB-BB--M-MMM------BBB-M-B-M----B---MM-MM-B----M-B-B-
-M----M--B---M---M------M-BB--BB---M-MMM---M----B---BBB----MMM-M-M-M-M---M-MMMM----M----B--M-B-B--------MM--M-----B-----BB-B-B---B-BB--MM--------BBB--MM-M-MM-----B---BB----M-MM-MMM-B---BB-BBB-M--M--BB-BB--M-MMM------BBB-M-B-M----B---MM-MM-B----M-B-B-
-M----M--B---M---M------M-BB--BB---M-MMM---M----B---BBB----MMM-M-M-M-M---M-MMMM----M----B--M-B-B--------MM--M-----B-----BB-B-B---B-BB--MM--------BBB--MM-M-MM-----B---BB----M-MM-MMM-B---BB-BBB-M--M--BB-BB--M-MMM------BBB-M-B-M----B---MM-MM-B----M-B-B-
-M----M--B---M---M------M-BB--BB---M-MMM---M----B---BBB----MMM-M-M-M-M---M-MMMM----M----B--M-B-B--------MM--M-----B-----BB-B-B---B-BB--MM--------BBB--MM-M-MM-----B---BB----M-MM-MMM-B---BB-BBB-M--M--BB-BB--M-MMM------BBB-M-B-M----B---MM-MM-B----M-B-B-
-M----M--B---M---M------M-BB--BB---M-MMM---M--M-B---BBB----MMM-M-M-M-M---M-MMMM----M----B--M-B-B--------MM--M-----B-----B--B-B-----BB--MM--------BBB--MM-M-MM-----B---BB----M-MM-MMM-B---BB-BBB-M--M--BB-BB--M-MMM------BBB-M-B-M----B---MM-MM-B----M-B-B-
-M----M--B---M---M------M-BB--BB---M-MMM---M--M-B---BBB----MMM-M-M-M-M---M-MMMM----M----B--M-B-B--------MM--M-----B-----B--B-B-----BB--MM--------BBB--MM-M-MM-----B---BB----M-MM-MMM-B---BB-BBB-M--M--BB-BB--M-MMM------BBB-M-B-M----B---MM-MM-B----M-B-B-
-M----M--B---M---M------M-BB--BB---M-BBM---M--M-B---BBB----MMM-M-M-M-M---M-MMMM----M----B--M-B-B----M---MM--M-----------B--B-B-----BB--MM--------BBB--MM-M-MM-----B---BB----M-MM-MMM-B---BB-BBB-M--M--BB-BB--M-MMM----M-BBB-M-B-M----B---MM-MM-B----M-B-B-
-M----M--B---M---M------M-BB--BB---M--BM---M--M-B---BBB----MMM-M-M-M-M---M-MMMM----M----B--M-B-B----M---MM--M-----------B--B-B-----BB--MM--------BBB--MM-M-MM-----B---BB----M-MM-MMM-----BB-BBB----M--BB-BB--M--MM----B-BBB-M-B-M----B---MM-MM-B----M-B-B-
-M----M--B---M---M------M-BB--BB---M--BM---M--M-BM--BBB----MMM-M-M-M-M---M-MMMM----M----B--M-B-B----M---MM--M-----------B--B-B--B--BB--MM--------BBB--MM-M-MM-----B---BB----M-MM-MMM-----BB-BBB----M--BB-BB--M--MM------BBB-M-B-M----B---MM-MM-B----M-B-B-
-M----M--B---M---M------M-BB--BB---M--BM---M--M-BB--BBB----MMM-M-M-M-M---M-MMMM----M---MB--M-B-B----M---MM--M-----------B--B-B-----BB--MM--------BBB--MM-M-MM-----B---BB----M-MM-MMM-----BB-BBB----M--BB-BB--M--MM------BBB-M-B-M----B---MM-MM-B----M-B-B-
-M----M--B---M---M------M-BB--BB---M--BM---M--M-BB--BBB----MMM-M-M-M-M---M-MMMM----M---MB--M-B-B----M---MM--M-----------B--B-B-----BB--MM--------BBB--MM-M-MM-----B---BB----M-MM-MMM-----BB-BBB----M--BB-BB--M--MM------BBB-M-B-M----B---MM-MM-B----M-B-B-
-M----M--B---M-M-M------M-BB--BB---M--BM---M--M-BB--BBB----MMM-M-M-M-M---M-MMMM----M---MB--M-B-B----M-B-MM--M-----------B--B-B-----BB--MM--------BMB--MM-M-MM-----B---BB----M-MM-MMM-----BB-BBB----M--BBBBB--M--MM------BBB-M-B-M----B---MM-MM-B----M-B-B-
-M----M--B---M-M-M------M-BB--BB---M--BM---M--M-BB--BBB----MMM-M-M-M-M---M-MMMM----M---MB--M-B-B----M---MM--M-----------B--B-B-----BB--MM--------B-B--MM-M-MM-----B---BB----M-MM-MMM-----BB-BBB----M--BBBBB--M--MM------BBB-M-B-M----B---MM-MM-B----M-B-B-
-M----M--B---M-M-M------M-BB--BB---M--BM---M--M-BB--BBB----MMM-M-M-M-M---M-MMMM----M---MB--M-B-B----M---MM--M-----------B--B-B-----BB--MM--------B-B--MM-M-MM-----B---BB----M-MM-MMM-----BB-BBB----M--BBBBB--M--MM------BBB-M-B-M----B---MM-MM-B----M-B-B-
-M----M--B---M-M-M------M-BB--BB---M--BM---M--M-BB--BBB----MMM-M-M-M----BM-MMMM----M---MB--M-B-B----M---MM--M-----------B--B-B-----BB--MM--------B-B--MM-M-MM-----B---BB----M-MM-MMM-----BB-BBB----M--BBBBB--M--MM------BBB-M-B-M----B---MM-MM-B----M-B-B-
-M----M--B---M-M-M------M-BB--BB---M--BM---M--M-BB--BBB----MMM-M-M-M----BM-MMMM----M---MB--M-B-B----M---MM--M-----------B--B-B-----BB--MM--------B-B--MM-M-MM-----B---BB----M-MM-MMM-----BB-BBB----M--BBBBB--M--MM------BBB-M-B-M----BM--MM-MM-B----M-B-B-
-M----M--B---M-M-M------M-BB--BB---M--BM---M--M-BB--BBB----MMM-M-M-M----BM-MMMM----M---MB--M-B-B----M--BMM--M-----------B--B-B-----BB--MM--------B-B--MM-M-MM-----B---BB----M-MM-MMM-----BB-BBB----M--BBBBB--M--MM------BBB-M-B-M----BB--BB-MM-B----M-B-B-
-M----M--B---M-M-M------M-BB--BB---M---M---M--M-BB--BBB----MMM-M-M-M----BM-MMMM----M---MB--M-B-B----M--MMM--M-----------B--B-B-----BB---M--------B-B--MM-M-MM-----B---BB----M-MM-MMM-----BB-BBB----M--BBBBB--M--MM------BBB-M-B-M----BB---B--M-B----M-B-B-
-M----M--B---M-M-M------M-BB--BB---M---M---M--M-BB--BBB----MMM-M-M-M----BM-MMMM----M---MB--M-B-B----M--MMM--M-----------B--B-B-----BB---M--------B-B--MM-M-MM-----B---BB----M-MM-MMM-----BB-BBB----M--BBBBB--M--MM------BBB-M-B-M----BB---B--M------M-B-B-
-M----M--B---M-M-M------M-BB---B---M---M---M--M-BB--BBB----MMM-M-M-M----BM-MMMM----M---MB--M-B-B----M--MMM--M-----------B--B-B-----BB---M--------B-B--MM-M-MM-----B---BB----M-MM-MMM-----BB-BBB----M--BBBBB--M--MM------BBB-M-B-M----BB------M------M-B-B-
-M----M--B---M-M-M------M-BB---B---M---M---M--M-BB--BBB----MMM-M-M-M----BM-MMMM----M---BB--M-B-B----M--MMM--M-----------B--B-B-----BB---M--------B-B--MM-M-MM----MB---BB----M-MM-MMM-----BB-BBB----M--BBBBB--M--MM------BBB-M-B-M----BB------M------M-B-B-
-M----M--B---M-M-M------M-BB---B---M---M---M--M-BB--BBB----MMM-M-M-M----BM-MMMM----M---B---M-B-B----M---MM--M-----------B--B-B-----BB---M--------B-B--MM-M-MM-----B---BB----M-MM-MMM-----BB-BBB----M--BBBBB--M--MM------BBB-M-B-M----BB------M------M-B-B-
-M----M--B---M-M-M------M-BB---B---M---M---M--M-BB---BB----MMM-M-M-M----BM-MMMB----M---B---M-B-B----M---MM--M-----------B--B-B-----BB---M--------B-B--MM-M-MM-----B---BB----M-MM-MMM-----BB-BBB----M--BBBBB--M--MM------BBB-M-B-M----BB------M------M-B-B-
-M----M--B---M-M-M------M-MB---B---M---M---M--M-BB---BB----MMM-M-M-M-----M-MMM-----M---B---M-B-B----M---MM--M-----------B--B-B-----BB---M--------B-B--MM-M-MM-----B---BB----M-MM-MMM-----BB-BBB----M--BBBBB--M--MM------BBB-M-B-M----BB------M------M-B-B-
-M----M--B---M-M-M------M--B---B---M---M---M--M-BB---BB----MMM-M-M-M-----M-MMM-----M---B---M-B-B----M---MM--M----M------B--B-B-----BB---M--------B-B--MM-M-MM-----B---BB----M-MM-MMM-----BB-BBB----M--BBBBB--M--MM------BBB-M-B-M----BB------M------M-B-B-
-M----M--B---M-M-M------M--B---B---M---M---M--M-BB---BB----MMM-M-M-M-----M-MMM-----M---B---M-B-B----M---MM--M-----------B--B-B-----BB---M--------B-B--MM-M-MM-----B---BB----M-MM-MMM-----BB-BBB----M--BBBBB--M--MM------BBB-M-B-M----BB------M------M-B-B-
-M----M--B---M-M-M------M--B---B---M---M---M--M-BB---BB----MMM-M-M-M-----M-MMM-----M---B---M-B-B----M---MM--M-----------B--B-B-----BB---M--------B-B--MM-M-MM-----B---BB----M-MM-MMM-----BB-BBB----M--BBBBB--M--MM------BBB-M-B-M----BB------M------M-B-B-
-M----M--B---M-M-M-B----M--B---B---M---M---M--M-BB---BB----MMM-M-M-M-----M-MMM-----M---B---M-B-B----M---MM--M-----------B--B-B-----BB---M--------B-B--MM-M-MM-----B---BB----M-MM-MMM-----BB-BBB----M--BBBBB--M--MM------BBB-M-B-M-----B------M------M-B-B-
-M----M--B---M-B-M-B----M--B---B---M-------M--M-BB---BB----MMM-M-M-M-----M-MMM-----M---B---M-B-B----M---MM--M-----------B--B-B-----BB---M--------B-B--MM-M-MM-----B---BB----M-MM-MMM-----BB-BBB----M--BBBBB--M--MM------BBB-M-B-M-----B------M------M-B-B-
-M----M--B---M---M-B----M--B---B---M-------M--M-BB---BB----MMM-M-M-M-----M-MMM-----M---B---M-B-B----M---MM--M-----------B--B-B-----BB---M--------B-B--MM-M-MM-----B---BB----M-MM-MMM-----BB-BBB----M--BBBBB--M--MM------BBB-M-B-M-----B------M------M-B-B-
-M----M--B---M---M-B----M--B---B---M-------M--M-BB---BB----MMM-M-M-M-----M-MMM-----M---B---M-B-B----M---MM--M-----------B--B-B-----BB---M--------B-B--MM-M-MM-----B---BB----M-BM-MMM-----MB-BBB----M--BBBBB--M--MM------BBB-M-B-M-----B------M------M-B-B-
-M----M--B---M---M-B----M--B---B---M-------M--M-BB---BB----MMM-M-M-M-----M-MMM-----M---B---M-B-B----M---MM--M-----------B--B-B-----BB---M--------B-B--MM-M-MM-----B---BB----M--M-MMM------B-BBB----M--BBBBB-BM--MM------BBB-M-B-M-----B------M------M-B-B-
-M----M--B---M---M-B----M--B---B---M-------M--M-BB---BB----MMM-M-M-M-----M-MMM-----M---B---M-B-B----M---MM--M-----------B--B-B-----BB---M--------B-B--MM-M-MM-----B---BB----M--M-MMM------B-BBB----M--BB-BB-MM--MM------BBB-M-B-M-----B------M------M-B-B-
------M--B---M---M-B----M--B---B---M-------M--M-BB---BB----MMM-M-M-M-----M-MMM-----M---B---M-B-B----M---MM--M-----------B--B-B-----BB---M--------B-B--MM-M-MM-----B---BB----M--M-MMM------B-BBB----M--BB-BB-MM--MM------BBB-M-B-M--B--B-------------M-B-B-
------M--B---M---M-M----M--B---B---M-------M--B-BB---BB----MMM-M-M-M-----M-MMM-----M---B---M-B-B----M---MM--M--------------B-B-----BB---M--------B-B--MM-M-MM-----B---BB----M--M-MMM------B-BBB----M--BB-BB-MM--MM------BBB-M-B-M--B--B-------------M-B-B-
------M--B---M---M------M--B---B---M-------M----BB---BB----MMM-M-M-M-----M-MMM-----M---B---M-B-B----M---MM--M--------------B-B-----BB---M--------B-B--MM-M-MM-----B---BB----M--M-MMM------B-BBB----M--BB-BB-MM--MM------BBB-M-B-M--B--B-------------M-B-B-
------M--B---M---M------M--B---B---M-------M-----B---BB----MMM-M-M-M-----M-MMM-----M---B---M-B-B----M---MM--M--------------B-B-----BB---M--------B-B--MM-M-MM-----B---BB----M--M-MMM------B-BBB----M--BB-BB-MM--MM------BBB-M-B-M--B--B-------------M-B-B-
------M--B---M---M------M--B---B---M-------M-----B---BB----MMM-M-M-M-----M-MMM-----M-------M-B-B----M---MM--M--------------B-B-----BB---M--------B-B--MM-M-MM-----B---BB----M--M-MMM------B-BBB----M--BB-BB-MM--MM------BBB-M-B-M--B--B-------------M-B-B-
------M--B---M---M------M--B---B---M-------M-----B---BB----MMM-M-M-M-----M-MMM-----M-------M-B-B----M---MM--M--------------B-B-----BB---M--------B-B--MM-M-MM-----B---BB----M--M-MMM------B-BBB----M--BB-BB-MM--MM------BBB-M-B-M--B--B----B--------M-B-B-
------M--B---M---M------M--B---B---M-------M-----B---BB----MMM-M-M-M-----M-MMM-----M-------M-B-B----M---MM--M--------------B-B-----BB---M--------B-B--MM-M-MM-----B---BB----M--M-MMM------B-BBB----M--BB-BB-MM--MM------BBB-M-B-M--B--B-------------M-B-B-
------M--B---M----------M--B---B---M-------M-----B---BB----MMM-M-M-M-----M-MMM-----M-------M-B-B----M---MM--M--------------B-B-----BB---M--------B-B--MM-M-MM-----B---BB----M--M-MMM------B-BBB----M--BB-BB-MM--MM------BBB-M-B-M--B--B-------------M-B-B-
------M--B---M----------M--B---B---M-------B-----B---BB----MMM-M-M-M-----M-MMM-----M-------M-B-B----M---MM--M--------------B-B-----BB---M--------B-B--MM-M-MM-----B---BB----B--M-MMM------B-BBB----M--BB-BB-MM--MM------BBB-M-B-M--B--B-------------M-B-B-
