------------M--M--M----------M---M--------------MM--MM---M-----M-M-MM----M-------M---M--MMM--MM-----
----M---M--MM--M--M----------M--MM-------M------MM--MM---M-----M-M-MM----M-------M---M--MMM--MMMMMM-
-M--M---M--MM--M--M----------M--MM-------M------MM--MM---M-----M-MMMM----M-------M---M--MMM---------
-M-MM---MM-MM--M--M--------M-M--MM-------MM-----MM-MMM---M-----M-MMMM----M-------M---M--MMM--MM-----
------------M--M-MM--------M-M-MMM-------MM-----MM-MMM---M---M-M-MMMM----M-------M---M--M-M--MMMMMM-
-MMMM---MM-MM-MM-MM-M------MMM-MMMM------MM-----MM-MMM---M---M-M-MMMM----M---M---M--MM--M-M--MMMMMM-
MMMMM---MM-MM-MM-MM-M------M-MMMMMM------MM-----MM-MMM---M---M-M-MMMM----M---M----------------------
MMMMM---MM-MM-MM-MM-M------M-MMMMMM------MM-----MM-MMM---M---M-M-MMMM----M---M---M--MM--M-M--MMMMMM-
MMMMM--MMM-MM-MM-MM-M------M-MMMMMMM-----MM-----MM-MMM---M---M-M-MMMM----M---M--MM-MMM--M-MM-MMMMMM-
----M--MMM-MM-MM-MM-M------M-MMMMMMM-----MM-----MM-MMM---M---MMM-MMMM---MM---M--MM-MMM--M-MM-MMMMMMM
MMMMM--MMM-MM-MM-MM-M------M-MMMMMMM-----MM-----MM-MMM---M---MMM-MMMM---MM---M--MM-MMM--M-MM-MMMMMMM
-----------MM-MM-MM-M------M-MMMMMMM-----MM-----MM-MMM---M---MMM-MMMM---MM---M-MMM-MMM--M-MM-MMMMMMM
MMMMMM-----MM-MM-MM-MM-----M-MMMMMMM-----MM-----MM-MMM---M--MMMM-MMMM---MM---M--MM-MMM--M-MM-MMMMMMM
------------------------------------------------MM-MMM--MM--MMMM-MMMM---MM---M--MM-MMM--M-MM-MMMM---
-----M-----MM----------MMM-M--------------------MM-MMM--MM--MMMM-MMMM---MM---M--MM-MMM-MM-MM-MMMMMMM
-----------MM----------MMM-M--------------------MM-MMM--MM--MMMM-MMMM---MM---M--MM-MMMMMM-MM-MMMM---
MMMMMM-MMM-MM----------MMMMM--------------------MM-MMM--MM--M---------------------------------------
-MMMMM-MMM-MM----------MMMMM--------------------MM-MMM--MM--MMMM------------------------------------
--------MM-MM----------MM---------------------------------------------------------------------------
--------------------------------------------------------MM-------------------------MMMM-------------
-MMMMM-MMMMMM----------MMMMM---------MMMM-----------------------------------------------------------
MMMMMM-MMMMMM----------MMMMM---------MMMMMM-MMM------------------MMMM---MM------MM-MMMMMM-MMMMMMM---
---MMMMMMMMMM----------MMMMM---------MMMMMM-MMM------------------MMMM---MM------MM-MMMM-------------
--MMMMMMMMMMM----------MMMMM---------MMMMMM-MMM------------------MMMM---MM------MM-MMMMMM-MMMMMMMMMM
-------------------------MMM---------MMMMMMMMMM------------------MMMM---MM------MM-MMMMMM-M---------
-----------------------------------------------------------------MMMM---MM------MM-MMMMMM-MMMMMMMMMM
-------------------------------MMMMM------------MM---------------MMMM---MM------MMMMMMMMM-MMMMMMMMMM
------------------------------------------------MM---------------MMMM---M---------------------------
MMMMMMMMMMMMM----------MMMMM-MMMMMMMMMMMMMMMMM------------------------------------------------------
----MMMMMMMMM----------MMMMM-MMMMMMMMM-MMMMMMMM-----------------------------------------------------
---------------------------M-MMMMMMMMM-MMMMMMMM-MM-MMM--MM--MMMM-MMMM------M-M--MMMMMMM-------------
------------------------------------------------MM-MMM-MMM--MMMM-MMMM------M-M--MMMMMMMMM-----------
-------MMMMMM----------MMMMM-MMMMMMMMM-MMMMMMMM-MM-MMM-MMM--MMMM-MMMMMM----MMM--MMM-----------------
MMMMMMMMMMMMM----------MMMMM-MMMMMMMMM-MMMMMMMMMMM-MMM-MMM--MMMM-MMMMM------------------------------
MMMMMMMMMMMMM----------MMMMM-MMMMMMMMM-MMMMMMMMMMM-MMM-MMM--MMMM-MMMMMM---------MMMMMMMMM-MMMMMMMM--
---MMMMMMMMMM----------MMMMM-MMMMMMMMM-MMMMMMMMMMM-MMM-MMM--MMMM-MMMMMM---------MMMMMMMMM-MMMMMMMMMM
MMMMMMMMMMMMM----------MMMMM-MMMMMMMMM-MMMMMMMMMMM-MMM-MMM--MMMMMMMMMMM---------MMMMMMMMM-MMMM------
-----------------------MMMMM-MMMMMMMMM-MMMMMMMMMMM-MMM-MMM--MMMMMMMMMMM---------MMMMMMMMM-MMM-------
------------------------------------MM-MMMMMMMMMMM-MMM-MMM--MMMMMMMMMMM---------MMMMMMMMM-MMMMMMMMMM
-----MMMMMMMM-MM-MM-MM-MMMMM-MMMMMMMMM-MMMMMMMMMMM-MMM-MMM--MMMMMMMMMMM---------MMMMMMMMM-----------
MMMMMMMMMMMMM-MM-MM-MM-MMMMM-MMMMMMMMM-MMMMMMMMMMM-MMM-MMM--MMMMMMMMMM------------------------------
MMMMMMMMMMMMM-MM-MM-MM-MMMMM-MMMMMMMMM-MMMMMMMMMMM-MMM-MMM--M---------------------------------------
----------MMM-MM-MM-MM-M-MMM-MMMMMMMMM-MMMMMMMMMMM-MMM-MMM--MMMMMMMMMMM---------MMMMMMM-------------
-------MMMMMM-MM-MM-MM-M-MMM-MM-MMMMMM-MMMMMMMMMMM-MMM-MMM--MMMMMMMMMMM---------MMMMMMMMM-MMMMMMMMMM
MMMMMMMMMMMMM-MM-MMMMM-M-MMM-MM-MMMMMM-MMMMMMMMMMM-MMM-MMM--MMMMMMMMMMM---------MMMMMMMMM-MMM-------
MMMMMMMMMMMMM-MM-MM-MM-M-MMM-MM-MMMMMM-MMMMMMMMMMM-MMM-MMM--MMMMMMMMMMM---------MMMM----------------
MMMMMMMMMMMMMMMM-MM-MM-M-MMM-MM-MMMMMM-MMMMMMMMMMM-MMM-MMM--MMMMMMMMMMM---------MMMMMMMMM-MMMMMMMMMM
-----------------------------------------MMMMMMMMM-MMM-MMM------------------------------------------
--MMMMMMMMMMMMM----------MMM-----------MMMMMMMMMMM-MMMMMMM--MMMMMM----------------------------------
-------------------------MMM-----------MMMMMMMMMMMMMMMMMMM--MMMMMMMMMMMMMMMMMM------------MMMMMMMM--
-MM-------------------------------------------------------------------------------------------------
MMMMMMMMMMMMMMM---------------------------------------------MMMMMMMMMMMMMMMMMM--MMMMMMMMM-----------
--------MMMMMMM---------------------------------------------MMMMMMMMMMMMMMMMMM--MMMMMMMMM-MMMMMMMMMM
------MMMMMMMMM---------------------------------------------MMMMMMMMMMMMMMMMMM--MMMMMMMMM-MMMMMMMMMM
-----------------------------------------------------------------MMMMMMMMMMMMM---MMMMMMMM-MMMMMMMMMM
MMMMMMMMMMMMMMM--MM-------------MMMMMM-MMMMMMMMMMMMMMMMMMM--MMMMMMMMMMMMMMMMMM---MMMMMMMM-MMMMMMMMMM
MMMMMMMMMMMMMMM--MM-------------MMMMMM-MMMMMMMMMMMMMMMMMMMM-MMMMMMMMMMMMMMMMMMM---------------------
-----------------MM-------------MMMMMM-MMMMMMMMMMMMMMMMMMMM-MMMMMMMMMMMMMMMMMMM-----------MMMMMM----
-----MMMMMMMMMM--MM-------------MMMMMM-MMMMMMMMMMMMMMMMMMMM-MMMMMMMMMMMMMMMMMMM-----------MMMMMMMMM-
-------------------------------------M-MMMMMMMMMMMMMMMMMMMM-MMMMMMMMMMMMMMMMMMM-----------MMMMMMMMMM
--------------------------------MMMMMM-MMMMMMMMMMMMMMM----------------------------------------------
-----------------------------------MMM-MMMMMMMMMMMMMMMMMMMM-MMMMMMMMMMMMMMMMMMM------------MMMMMMMMM
----------------------------------------------------------------MMMMM-MMMMMMMMM------------MMMM-----
---------------------------------------------MMMMMMMMMMMMMM-MMMMMMMMM-MMMMMMMMM------------MMM------
MMMMMMMMMMMMMMM----------MMM-----------MMMMMMMMMMMMMMMMMMMMMMMMMMMMMM-MMMMMMMMM------------MMMMMMMMM
--MMMMMMMMMMMMM----------MMM-----------MMMMMMMMMMMMMMMMMMMMMMMMMMMMMM-MMMMMMMMM------------MMMMMMMMM
MMMMMMMMMMMMMMM----------MMM-----------MMMMMMMMMMMMMMMMMMMMMMMMMMMMMM-MMMMMMMMM------------MMMMMMM--
MMMMMMMMMMMMM-M----------MM------------MMMMMMMMMMMMMMMMMMMMMMMMMMMMMM-MMMMMMMMM------------MMMMMMMMM
--------------------------------------------------------------MMMMMMM-MMMMMMMMM------------MMMMMMMMM
-----------MM-------MMMM-MM------------MMMMMMMMMMMMMMMMMMMMMMMMMMMMMM-MMMMMMMMM------------MMMMMMMMM
MMMMMMMMMMMMM-------MMMM-MM-------------------------------------------------------------------------
MMMMMMMMMMMMM-------MMMM-MM-----------------MMMMMMMMMMMMMMMMMMMMMMMMM------------MMMMMMMM--M--------
-----------------------M-MM-----------------M-MMMMMMMMMMMMMMMMMMMMMMM------------MMMMMMMM--MMMMMMMMM
----------------MM--MMMM-MM-----------------M-MMMMMMMMMMMMMMMMMMMMMMM------------MMMMMMMM--MMMMMMM-M
----------------MM--MMMM-MM-----------------M-MMMMMMMMMMMMMMMMMMMMMMM------------M-MMMMMM--MMMM-----
---------------------------------------------------------MMMMMMMMMMMM------------M-MMMMMM--MMMMMMM--
-MMMMMMMMMMMM------------MM-----MMMMMM-MMMM---MMMMMMMMMMM-MM-MMMMMMM--------------------------------
------MMMMMMM------------MM-----MMMMMM-MMMM---MMMMMMMMMMM-MM-MMMMMMMM-MMMMMMMMM--M------------------
----MMMMMMMMM------------MM-----MMMMMM-MMMM---MMMMMMMMMMM-MM-MMMMMMMM-MMMMMMMMM--M-MMMMMM-----------
---------------------------------MMMMM-MMMM---MMMMMMMM-MM-MM-MMMMMMMM-MMMMMMMMM--M-MMM--------------
-----MMMMMMMM-------------------MMMMMM-MMMM---MMMMMMMM-MM-MM-MMMMMMMM-MMMMMM-MM--M-MMMMMM----------M
----------------------------------------MMM---MMMMMMMM-MM-MM-MMMMMMMM-------------------------------
MMMMMMMMMMMMM--------------------------MMMM---MMMMMMMM-MM-MM-MMMMMMMM-------------------------------
-------------------------------------------------MMMMM-MM-MM----------------------------------------
----------------------------------------------MMMMMMMM-MM-MM-MMMMMMMM-MMMMMM-MM----MMMM-------------
-------------------------------------------------------------------MM-M-----------------------------
----MMMMMMMMM------------M---MM-MMMMMM-MMMM---MMMMMMMM-MM-MM-MMMMMMMM-MMMMMM-------MMMMMM--MMM------
MMMMMMMMMMMMM----------------MM-MMMMMM-MMMM---MM-MMMMM-MM-MM-MMMMMMMM-MMMMMM-------MMM-MM--MMMMMM---
----MMMMMMMMM----------------MM-MMMMMM-MMMM---MM-MMMMM-MM-MM-MMM-MMMM-MMMMMM-------MMM-MM--MMMMM----
------------------------------M-MMMMMM-MMMM---MM-MMMMM-MM-MM-MMM-MMMM-MMMMMM-------MMM-MM--MMMM-----
------------M----------------MM-MMMMMM-MMM----MM-MMMMM-MM--M-MMM-MMMM-MM-MMM-------MMM-M---MMMMM----
----------MM-----------------MM--MMMMM-MMM----MM-M-MMM-MM--M-MMM-MMMM-MM-MMM-------MMM-M---MMMMMM---
-----------------------------------------------M-M-MMM-MM--M-MMM-MMMM--M-MMM--------MM-M---MMMMM----
--MMMMMMMMMM--------MMMM-----MM---------------MM-M-MMM--M--M-MMM-MMMM--M--MM--------MM-M---MMMMM----
--------------------MMMM-----MM---------------M-----------------------------------------------------
---MMMMMMMMM--------MMMM-----MM---------------MM-M-MMM--M----MMM-------M------M------------MMMMM---M
---M-MMMMMMM--------MMMM-----MM---------------M----MMM--M----MMM-------M-------------------MMMMM----
---------------------------------------------------MMM--M----M--------------------------------------
-----MMMMMMM--M------------------MMMMM-MMM--M------MMM-----------MMMM-----M------M---------MMMMM---M
------MM-MMM--M------------------MMMMM-MM---M------MMM-----------MMMM------------M---------M-MMM---M
