-------------MMMMM------------
-------------MMMMM------------
----------------BM-MMMMM------
MM-MMMM------BBBBM-MMMMM------
MMMMMMM------BBBBM-MMMMM------
MMMMMMM------BBBBM-MMMMM------
MMMMMMM------BBBBM-MMMMM------
MMMMMMM------BBBBM-MMM--------
MMMMMMM-----BBBBMM-MMMMM------
---------------BMM-MMMMM------
------------MMMMMM-MMMMM------
------------MMMMMM-MMMMM------
------------MM----------------
------------MMMMMM-------MMMMM
------------------------MMMMMM
-------------------MMMMMMMMMMM
-------------------MMMMMMMMMMM
-------------------MMMMMMMMMMM
-------------------MMMMMMMMMMM
-------------------MMMMMMMMMMM
-------------------MMMMMMMMMMM
------------------------------
MMMMMMM-----MMMMMM-BBBBBBBBBBB
MMMMMMM-----MMMM-MBBMMMMMMMBBB
M-MMMMM-----MMMM-MMMMM-MMMM-BB
M-MMMM------------------------
---BMMMBBBB-------------------
--BBBBBBBBB-------------------
--BBBB-BBBB-------------------
--BBBB-BBBB-------------------
